<?xml version="1.0" encoding="UTF-8"?>
<testsuite xmlns:xsi="http://www.w3.org/2001/XMLSchema-instance" xsi:noNamespaceSchemaLocation="https://maven.apache.org/surefire/maven-surefire-plugin/xsd/surefire-test-report-3.0.xsd" version="3.0" name="com.charlessun.javaplcadapter.worker.ConsumerWorkerTest" time="1.293" tests="2" errors="0" skipped="0" failures="0">
  <properties>
[...]
</properties>
  <testcase name="testWorkerHandlesProcessingExceptionGracefully" classname="com.charlessun.javaplcadapter.worker.ConsumerWorkerTest" time="0.725">
    <system-out><![CDATA[11:01:06.813 [Thread-1] ERROR com.charlessun.javaplcadapter.worker.impl.ConsumerWorkerImpl -- processingStrategy.process(record) 處理失敗: Processing failed
java.lang.RuntimeException: Processing failed
	at com.charlessun.javaplcadapter.worker.impl.ConsumerWorkerImpl.pollLoop(ConsumerWorkerImpl.java:51)
	at java.base/java.lang.Thread.run(Thread.java:1583)
11:01:06.821 [Thread-1] ERROR com.charlessun.javaplcadapter.worker.impl.ConsumerWorkerImpl -- processingStrategy.process(record) 處理失敗: Processing failed
java.lang.RuntimeException: Processing failed
	at com.charlessun.javaplcadapter.worker.impl.ConsumerWorkerImpl.pollLoop(ConsumerWorkerImpl.java:51)
	at java.base/java.lang.Thread.run(Thread.java:1583)
11:01:06.821 [Thread-1] ERROR com.charlessun.javaplcadapter.worker.impl.ConsumerWorkerImpl -- processingStrategy.process(record) 處理失敗: Processing failed
java.lang.RuntimeException: Processing failed
	at com.charlessun.javaplcadapter.worker.impl.ConsumerWorkerImpl.pollLoop(ConsumerWorkerImpl.java:51)
	at java.base/java.lang.Thread.run(Thread.java:1583)
11:01:06.822 [Thread-1] ERROR com.charlessun.javaplcadapter.worker.impl.ConsumerWorkerImpl -- processingStrategy.process(record) 處理失敗: Processing failed
java.lang.RuntimeException: Processing failed
	at com.charlessun.javaplcadapter.worker.impl.ConsumerWorkerImpl.pollLoop(ConsumerWorkerImpl.java:51)
	at java.base/java.lang.Thread.run(Thread.java:1583)
11:01:06.822 [Thread-1] ERROR com.charlessun.javaplcadapter.worker.impl.ConsumerWorkerImpl -- processingStrategy.process(record) 處理失敗: Processing failed
java.lang.RuntimeException: Processing failed
	at com.charlessun.javaplcadapter.worker.impl.ConsumerWorkerImpl.pollLoop(ConsumerWorkerImpl.java:51)
	at java.base/java.lang.Thread.run(Thread.java:1583)
11:01:06.823 [Thread-1] ERROR com.charlessun.javaplcadapter.worker.impl.ConsumerWorkerImpl -- processingStrategy.process(record) 處理失敗: Processing failed
java.lang.RuntimeException: Processing failed
	at com.charlessun.javaplcadapter.worker.impl.ConsumerWorkerImpl.pollLoop(ConsumerWorkerImpl.java:51)
	at java.base/java.lang.Thread.run(Thread.java:1583)
11:01:06.823 [Thread-1] ERROR com.charlessun.javaplcadapter.worker.impl.ConsumerWorkerImpl -- processingStrategy.process(record) 處理失敗: Processing failed
java.lang.RuntimeException: Processing failed
	at com.charlessun.javaplcadapter.worker.impl.ConsumerWorkerImpl.pollLoop(ConsumerWorkerImpl.java:51)
	at java.base/java.lang.Thread.run(Thread.java:1583)
11:01:06.823 [Thread-1] ERROR com.charlessun.javaplcadapter.worker.impl.ConsumerWorkerImpl -- processingStrategy.process(record) 處理失敗: Processing failed
java.lang.RuntimeException: Processing failed
	at com.charlessun.javaplcadapter.worker.impl.ConsumerWorkerImpl.pollLoop(ConsumerWorkerImpl.java:51)
	at java.base/java.lang.Thread.run(Thread.java:1583)
11:01:06.824 [Thread-1] ERROR com.charlessun.javaplcadapter.worker.impl.ConsumerWorkerImpl -- processingStrategy.process(record) 處理失敗: Processing failed
java.lang.RuntimeException: Processing failed
	at com.charlessun.javaplcadapter.worker.impl.ConsumerWorkerImpl.pollLoop(ConsumerWorkerImpl.java:51)
	at java.base/java.lang.Thread.run(Thread.java:1583)
11:01:06.824 [Thread-1] ERROR com.charlessun.javaplcadapter.worker.impl.ConsumerWorkerImpl -- processingStrategy.process(record) 處理失敗: Processing failed
java.lang.RuntimeException: Processing failed
	at com.charlessun.javaplcadapter.worker.impl.ConsumerWorkerImpl.pollLoop(ConsumerWorkerImpl.java:51)
	at java.base/java.lang.Thread.run(Thread.java:1583)
11:01:06.825 [Thread-1] ERROR com.charlessun.javaplcadapter.worker.impl.ConsumerWorkerImpl -- processingStrategy.process(record) 處理失敗: Processing failed
java.lang.RuntimeException: Processing failed
	at com.charlessun.javaplcadapter.worker.impl.ConsumerWorkerImpl.pollLoop(ConsumerWorkerImpl.java:51)
	at java.base/java.lang.Thread.run(Thread.java:1583)
11:01:06.825 [Thread-1] ERROR com.charlessun.javaplcadapter.worker.impl.ConsumerWorkerImpl -- processingStrategy.process(record) 處理失敗: Processing failed
java.lang.RuntimeException: Processing failed
	at com.charlessun.javaplcadapter.worker.impl.ConsumerWorkerImpl.pollLoop(ConsumerWorkerImpl.java:51)
	at java.base/java.lang.Thread.run(Thread.java:1583)
11:01:06.826 [Thread-1] ERROR com.charlessun.javaplcadapter.worker.impl.ConsumerWorkerImpl -- processingStrategy.process(record) 處理失敗: Processing failed
java.lang.RuntimeException: Processing failed
	at com.charlessun.javaplcadapter.worker.impl.ConsumerWorkerImpl.pollLoop(ConsumerWorkerImpl.java:51)
	at java.base/java.lang.Thread.run(Thread.java:1583)
11:01:06.826 [Thread-1] ERROR com.charlessun.javaplcadapter.worker.impl.ConsumerWorkerImpl -- processingStrategy.process(record) 處理失敗: Processing failed
java.lang.RuntimeException: Processing failed
	at com.charlessun.javaplcadapter.worker.impl.ConsumerWorkerImpl.pollLoop(ConsumerWorkerImpl.java:51)
	at java.base/java.lang.Thread.run(Thread.java:1583)
11:01:06.826 [Thread-1] ERROR com.charlessun.javaplcadapter.worker.impl.ConsumerWorkerImpl -- processingStrategy.process(record) 處理失敗: Processing failed
java.lang.RuntimeException: Processing failed
	at com.charlessun.javaplcadapter.worker.impl.ConsumerWorkerImpl.pollLoop(ConsumerWorkerImpl.java:51)
	at java.base/java.lang.Thread.run(Thread.java:1583)
11:01:06.827 [Thread-1] ERROR com.charlessun.javaplcadapter.worker.impl.ConsumerWorkerImpl -- processingStrategy.process(record) 處理失敗: Processing failed
java.lang.RuntimeException: Processing failed
	at com.charlessun.javaplcadapter.worker.impl.ConsumerWorkerImpl.pollLoop(ConsumerWorkerImpl.java:51)
	at java.base/java.lang.Thread.run(Thread.java:1583)
11:01:06.827 [Thread-1] ERROR com.charlessun.javaplcadapter.worker.impl.ConsumerWorkerImpl -- processingStrategy.process(record) 處理失敗: Processing failed
java.lang.RuntimeException: Processing failed
	at com.charlessun.javaplcadapter.worker.impl.ConsumerWorkerImpl.pollLoop(ConsumerWorkerImpl.java:51)
	at java.base/java.lang.Thread.run(Thread.java:1583)
11:01:06.828 [Thread-1] ERROR com.charlessun.javaplcadapter.worker.impl.ConsumerWorkerImpl -- processingStrategy.process(record) 處理失敗: Processing failed
java.lang.RuntimeException: Processing failed
	at com.charlessun.javaplcadapter.worker.impl.ConsumerWorkerImpl.pollLoop(ConsumerWorkerImpl.java:51)
	at java.base/java.lang.Thread.run(Thread.java:1583)
11:01:06.828 [Thread-1] ERROR com.charlessun.javaplcadapter.worker.impl.ConsumerWorkerImpl -- processingStrategy.process(record) 處理失敗: Processing failed
java.lang.RuntimeException: Processing failed
	at com.charlessun.javaplcadapter.worker.impl.ConsumerWorkerImpl.pollLoop(ConsumerWorkerImpl.java:51)
	at java.base/java.lang.Thread.run(Thread.java:1583)
11:01:06.828 [Thread-1] ERROR com.charlessun.javaplcadapter.worker.impl.ConsumerWorkerImpl -- processingStrategy.process(record) 處理失敗: Processing failed
java.lang.RuntimeException: Processing failed
	at com.charlessun.javaplcadapter.worker.impl.ConsumerWorkerImpl.pollLoop(ConsumerWorkerImpl.java:51)
	at java.base/java.lang.Thread.run(Thread.java:1583)
11:01:06.829 [Thread-1] ERROR com.charlessun.javaplcadapter.worker.impl.ConsumerWorkerImpl -- processingStrategy.process(record) 處理失敗: Processing failed
java.lang.RuntimeException: Processing failed
	at com.charlessun.javaplcadapter.worker.impl.ConsumerWorkerImpl.pollLoop(ConsumerWorkerImpl.java:51)
	at java.base/java.lang.Thread.run(Thread.java:1583)
11:01:06.829 [Thread-1] ERROR com.charlessun.javaplcadapter.worker.impl.ConsumerWorkerImpl -- processingStrategy.process(record) 處理失敗: Processing failed
java.lang.RuntimeException: Processing failed
	at com.charlessun.javaplcadapter.worker.impl.ConsumerWorkerImpl.pollLoop(ConsumerWorkerImpl.java:51)
	at java.base/java.lang.Thread.run(Thread.java:1583)
11:01:06.830 [Thread-1] ERROR com.charlessun.javaplcadapter.worker.impl.ConsumerWorkerImpl -- processingStrategy.process(record) 處理失敗: Processing failed
java.lang.RuntimeException: Processing failed
	at com.charlessun.javaplcadapter.worker.impl.ConsumerWorkerImpl.pollLoop(ConsumerWorkerImpl.java:51)
	at java.base/java.lang.Thread.run(Thread.java:1583)
11:01:06.830 [Thread-1] ERROR com.charlessun.javaplcadapter.worker.impl.ConsumerWorkerImpl -- processingStrategy.process(record) 處理失敗: Processing failed
java.lang.RuntimeException: Processing failed
	at com.charlessun.javaplcadapter.worker.impl.ConsumerWorkerImpl.pollLoop(ConsumerWorkerImpl.java:51)
	at java.base/java.lang.Thread.run(Thread.java:1583)
11:01:06.831 [Thread-1] ERROR com.charlessun.javaplcadapter.worker.impl.ConsumerWorkerImpl -- processingStrategy.process(record) 處理失敗: Processing failed
java.lang.RuntimeException: Processing failed
	at com.charlessun.javaplcadapter.worker.impl.ConsumerWorkerImpl.pollLoop(ConsumerWorkerImpl.java:51)
	at java.base/java.lang.Thread.run(Thread.java:1583)
11:01:06.831 [Thread-1] ERROR com.charlessun.javaplcadapter.worker.impl.ConsumerWorkerImpl -- processingStrategy.process(record) 處理失敗: Processing failed
java.lang.RuntimeException: Processing failed
	at com.charlessun.javaplcadapter.worker.impl.ConsumerWorkerImpl.pollLoop(ConsumerWorkerImpl.java:51)
	at java.base/java.lang.Thread.run(Thread.java:1583)
11:01:06.831 [Thread-1] ERROR com.charlessun.javaplcadapter.worker.impl.ConsumerWorkerImpl -- processingStrategy.process(record) 處理失敗: Processing failed
java.lang.RuntimeException: Processing failed
	at com.charlessun.javaplcadapter.worker.impl.ConsumerWorkerImpl.pollLoop(ConsumerWorkerImpl.java:51)
	at java.base/java.lang.Thread.run(Thread.java:1583)
11:01:06.832 [Thread-1] ERROR com.charlessun.javaplcadapter.worker.impl.ConsumerWorkerImpl -- processingStrategy.process(record) 處理失敗: Processing failed
java.lang.RuntimeException: Processing failed
	at com.charlessun.javaplcadapter.worker.impl.ConsumerWorkerImpl.pollLoop(ConsumerWorkerImpl.java:51)
	at java.base/java.lang.Thread.run(Thread.java:1583)
11:01:06.832 [Thread-1] ERROR com.charlessun.javaplcadapter.worker.impl.ConsumerWorkerImpl -- processingStrategy.process(record) 處理失敗: Processing failed
java.lang.RuntimeException: Processing failed
	at com.charlessun.javaplcadapter.worker.impl.ConsumerWorkerImpl.pollLoop(ConsumerWorkerImpl.java:51)
	at java.base/java.lang.Thread.run(Thread.java:1583)
11:01:06.832 [Thread-1] ERROR com.charlessun.javaplcadapter.worker.impl.ConsumerWorkerImpl -- processingStrategy.process(record) 處理失敗: Processing failed
java.lang.RuntimeException: Processing failed
	at com.charlessun.javaplcadapter.worker.impl.ConsumerWorkerImpl.pollLoop(ConsumerWorkerImpl.java:51)
	at java.base/java.lang.Thread.run(Thread.java:1583)
11:01:06.833 [Thread-1] ERROR com.charlessun.javaplcadapter.worker.impl.ConsumerWorkerImpl -- processingStrategy.process(record) 處理失敗: Processing failed
java.lang.RuntimeException: Processing failed
	at com.charlessun.javaplcadapter.worker.impl.ConsumerWorkerImpl.pollLoop(ConsumerWorkerImpl.java:51)
	at java.base/java.lang.Thread.run(Thread.java:1583)
11:01:06.833 [Thread-1] ERROR com.charlessun.javaplcadapter.worker.impl.ConsumerWorkerImpl -- processingStrategy.process(record) 處理失敗: Processing failed
java.lang.RuntimeException: Processing failed
	at com.charlessun.javaplcadapter.worker.impl.ConsumerWorkerImpl.pollLoop(ConsumerWorkerImpl.java:51)
	at java.base/java.lang.Thread.run(Thread.java:1583)
11:01:06.833 [Thread-1] ERROR com.charlessun.javaplcadapter.worker.impl.ConsumerWorkerImpl -- processingStrategy.process(record) 處理失敗: Processing failed
java.lang.RuntimeException: Processing failed
	at com.charlessun.javaplcadapter.worker.impl.ConsumerWorkerImpl.pollLoop(ConsumerWorkerImpl.java:51)
	at java.base/java.lang.Thread.run(Thread.java:1583)
11:01:06.834 [Thread-1] ERROR com.charlessun.javaplcadapter.worker.impl.ConsumerWorkerImpl -- processingStrategy.process(record) 處理失敗: Processing failed
java.lang.RuntimeException: Processing failed
	at com.charlessun.javaplcadapter.worker.impl.ConsumerWorkerImpl.pollLoop(ConsumerWorkerImpl.java:51)
	at java.base/java.lang.Thread.run(Thread.java:1583)
11:01:06.834 [Thread-1] ERROR com.charlessun.javaplcadapter.worker.impl.ConsumerWorkerImpl -- processingStrategy.process(record) 處理失敗: Processing failed
java.lang.RuntimeException: Processing failed
	at com.charlessun.javaplcadapter.worker.impl.ConsumerWorkerImpl.pollLoop(ConsumerWorkerImpl.java:51)
	at java.base/java.lang.Thread.run(Thread.java:1583)
11:01:06.834 [Thread-1] ERROR com.charlessun.javaplcadapter.worker.impl.ConsumerWorkerImpl -- processingStrategy.process(record) 處理失敗: Processing failed
java.lang.RuntimeException: Processing failed
	at com.charlessun.javaplcadapter.worker.impl.ConsumerWorkerImpl.pollLoop(ConsumerWorkerImpl.java:51)
	at java.base/java.lang.Thread.run(Thread.java:1583)
11:01:06.835 [Thread-1] ERROR com.charlessun.javaplcadapter.worker.impl.ConsumerWorkerImpl -- processingStrategy.process(record) 處理失敗: Processing failed
java.lang.RuntimeException: Processing failed
	at com.charlessun.javaplcadapter.worker.impl.ConsumerWorkerImpl.pollLoop(ConsumerWorkerImpl.java:51)
	at java.base/java.lang.Thread.run(Thread.java:1583)
11:01:06.835 [Thread-1] ERROR com.charlessun.javaplcadapter.worker.impl.ConsumerWorkerImpl -- processingStrategy.process(record) 處理失敗: Processing failed
java.lang.RuntimeException: Processing failed
	at com.charlessun.javaplcadapter.worker.impl.ConsumerWorkerImpl.pollLoop(ConsumerWorkerImpl.java:51)
	at java.base/java.lang.Thread.run(Thread.java:1583)
11:01:06.835 [Thread-1] ERROR com.charlessun.javaplcadapter.worker.impl.ConsumerWorkerImpl -- processingStrategy.process(record) 處理失敗: Processing failed
java.lang.RuntimeException: Processing failed
	at com.charlessun.javaplcadapter.worker.impl.ConsumerWorkerImpl.pollLoop(ConsumerWorkerImpl.java:51)
	at java.base/java.lang.Thread.run(Thread.java:1583)
11:01:06.835 [Thread-1] ERROR com.charlessun.javaplcadapter.worker.impl.ConsumerWorkerImpl -- processingStrategy.process(record) 處理失敗: Processing failed
java.lang.RuntimeException: Processing failed
	at com.charlessun.javaplcadapter.worker.impl.ConsumerWorkerImpl.pollLoop(ConsumerWorkerImpl.java:51)
	at java.base/java.lang.Thread.run(Thread.java:1583)
11:01:06.836 [Thread-1] ERROR com.charlessun.javaplcadapter.worker.impl.ConsumerWorkerImpl -- processingStrategy.process(record) 處理失敗: Processing failed
java.lang.RuntimeException: Processing failed
	at com.charlessun.javaplcadapter.worker.impl.ConsumerWorkerImpl.pollLoop(ConsumerWorkerImpl.java:51)
	at java.base/java.lang.Thread.run(Thread.java:1583)
11:01:06.836 [Thread-1] ERROR com.charlessun.javaplcadapter.worker.impl.ConsumerWorkerImpl -- processingStrategy.process(record) 處理失敗: Processing failed
java.lang.RuntimeException: Processing failed
	at com.charlessun.javaplcadapter.worker.impl.ConsumerWorkerImpl.pollLoop(ConsumerWorkerImpl.java:51)
	at java.base/java.lang.Thread.run(Thread.java:1583)
11:01:06.836 [Thread-1] ERROR com.charlessun.javaplcadapter.worker.impl.ConsumerWorkerImpl -- processingStrategy.process(record) 處理失敗: Processing failed
java.lang.RuntimeException: Processing failed
	at com.charlessun.javaplcadapter.worker.impl.ConsumerWorkerImpl.pollLoop(ConsumerWorkerImpl.java:51)
	at java.base/java.lang.Thread.run(Thread.java:1583)
11:01:06.836 [Thread-1] ERROR com.charlessun.javaplcadapter.worker.impl.ConsumerWorkerImpl -- processingStrategy.process(record) 處理失敗: Processing failed
java.lang.RuntimeException: Processing failed
	at com.charlessun.javaplcadapter.worker.impl.ConsumerWorkerImpl.pollLoop(ConsumerWorkerImpl.java:51)
	at java.base/java.lang.Thread.run(Thread.java:1583)
11:01:06.837 [Thread-1] ERROR com.charlessun.javaplcadapter.worker.impl.ConsumerWorkerImpl -- processingStrategy.process(record) 處理失敗: Processing failed
java.lang.RuntimeException: Processing failed
	at com.charlessun.javaplcadapter.worker.impl.ConsumerWorkerImpl.pollLoop(ConsumerWorkerImpl.java:51)
	at java.base/java.lang.Thread.run(Thread.java:1583)
11:01:06.837 [Thread-1] ERROR com.charlessun.javaplcadapter.worker.impl.ConsumerWorkerImpl -- processingStrategy.process(record) 處理失敗: Processing failed
java.lang.RuntimeException: Processing failed
	at com.charlessun.javaplcadapter.worker.impl.ConsumerWorkerImpl.pollLoop(ConsumerWorkerImpl.java:51)
	at java.base/java.lang.Thread.run(Thread.java:1583)
11:01:06.837 [Thread-1] ERROR com.charlessun.javaplcadapter.worker.impl.ConsumerWorkerImpl -- processingStrategy.process(record) 處理失敗: Processing failed
java.lang.RuntimeException: Processing failed
	at com.charlessun.javaplcadapter.worker.impl.ConsumerWorkerImpl.pollLoop(ConsumerWorkerImpl.java:51)
	at java.base/java.lang.Thread.run(Thread.java:1583)
11:01:06.838 [Thread-1] ERROR com.charlessun.javaplcadapter.worker.impl.ConsumerWorkerImpl -- processingStrategy.process(record) 處理失敗: Processing failed
java.lang.RuntimeException: Processing failed
	at com.charlessun.javaplcadapter.worker.impl.ConsumerWorkerImpl.pollLoop(ConsumerWorkerImpl.java:51)
	at java.base/java.lang.Thread.run(Thread.java:1583)
11:01:06.838 [Thread-1] ERROR com.charlessun.javaplcadapter.worker.impl.ConsumerWorkerImpl -- processingStrategy.process(record) 處理失敗: Processing failed
java.lang.RuntimeException: Processing failed
	at com.charlessun.javaplcadapter.worker.impl.ConsumerWorkerImpl.pollLoop(ConsumerWorkerImpl.java:51)
	at java.base/java.lang.Thread.run(Thread.java:1583)
11:01:06.838 [Thread-1] ERROR com.charlessun.javaplcadapter.worker.impl.ConsumerWorkerImpl -- processingStrategy.process(record) 處理失敗: Processing failed
java.lang.RuntimeException: Processing failed
	at com.charlessun.javaplcadapter.worker.impl.ConsumerWorkerImpl.pollLoop(ConsumerWorkerImpl.java:51)
	at java.base/java.lang.Thread.run(Thread.java:1583)
11:01:06.839 [Thread-1] ERROR com.charlessun.javaplcadapter.worker.impl.ConsumerWorkerImpl -- processingStrategy.process(record) 處理失敗: Processing failed
java.lang.RuntimeException: Processing failed
	at com.charlessun.javaplcadapter.worker.impl.ConsumerWorkerImpl.pollLoop(ConsumerWorkerImpl.java:51)
	at java.base/java.lang.Thread.run(Thread.java:1583)
11:01:06.839 [Thread-1] ERROR com.charlessun.javaplcadapter.worker.impl.ConsumerWorkerImpl -- processingStrategy.process(record) 處理失敗: Processing failed
java.lang.RuntimeException: Processing failed
	at com.charlessun.javaplcadapter.worker.impl.ConsumerWorkerImpl.pollLoop(ConsumerWorkerImpl.java:51)
	at java.base/java.lang.Thread.run(Thread.java:1583)
11:01:06.839 [Thread-1] ERROR com.charlessun.javaplcadapter.worker.impl.ConsumerWorkerImpl -- processingStrategy.process(record) 處理失敗: Processing failed
java.lang.RuntimeException: Processing failed
	at com.charlessun.javaplcadapter.worker.impl.ConsumerWorkerImpl.pollLoop(ConsumerWorkerImpl.java:51)
	at java.base/java.lang.Thread.run(Thread.java:1583)
11:01:06.839 [Thread-1] ERROR com.charlessun.javaplcadapter.worker.impl.ConsumerWorkerImpl -- processingStrategy.process(record) 處理失敗: Processing failed
java.lang.RuntimeException: Processing failed
	at com.charlessun.javaplcadapter.worker.impl.ConsumerWorkerImpl.pollLoop(ConsumerWorkerImpl.java:51)
	at java.base/java.lang.Thread.run(Thread.java:1583)
11:01:06.840 [Thread-1] ERROR com.charlessun.javaplcadapter.worker.impl.ConsumerWorkerImpl -- processingStrategy.process(record) 處理失敗: Processing failed
java.lang.RuntimeException: Processing failed
	at com.charlessun.javaplcadapter.worker.impl.ConsumerWorkerImpl.pollLoop(ConsumerWorkerImpl.java:51)
	at java.base/java.lang.Thread.run(Thread.java:1583)
11:01:06.840 [Thread-1] ERROR com.charlessun.javaplcadapter.worker.impl.ConsumerWorkerImpl -- processingStrategy.process(record) 處理失敗: Processing failed
java.lang.RuntimeException: Processing failed
	at com.charlessun.javaplcadapter.worker.impl.ConsumerWorkerImpl.pollLoop(ConsumerWorkerImpl.java:51)
	at java.base/java.lang.Thread.run(Thread.java:1583)
11:01:06.840 [Thread-1] ERROR com.charlessun.javaplcadapter.worker.impl.ConsumerWorkerImpl -- processingStrategy.process(record) 處理失敗: Processing failed
java.lang.RuntimeException: Processing failed
	at com.charlessun.javaplcadapter.worker.impl.ConsumerWorkerImpl.pollLoop(ConsumerWorkerImpl.java:51)
	at java.base/java.lang.Thread.run(Thread.java:1583)
11:01:06.841 [Thread-1] ERROR com.charlessun.javaplcadapter.worker.impl.ConsumerWorkerImpl -- processingStrategy.process(record) 處理失敗: Processing failed
java.lang.RuntimeException: Processing failed
	at com.charlessun.javaplcadapter.worker.impl.ConsumerWorkerImpl.pollLoop(ConsumerWorkerImpl.java:51)
	at java.base/java.lang.Thread.run(Thread.java:1583)
11:01:06.841 [Thread-1] ERROR com.charlessun.javaplcadapter.worker.impl.ConsumerWorkerImpl -- processingStrategy.process(record) 處理失敗: Processing failed
java.lang.RuntimeException: Processing failed
	at com.charlessun.javaplcadapter.worker.impl.ConsumerWorkerImpl.pollLoop(ConsumerWorkerImpl.java:51)
	at java.base/java.lang.Thread.run(Thread.java:1583)
11:01:06.841 [Thread-1] ERROR com.charlessun.javaplcadapter.worker.impl.ConsumerWorkerImpl -- processingStrategy.process(record) 處理失敗: Processing failed
java.lang.RuntimeException: Processing failed
	at com.charlessun.javaplcadapter.worker.impl.ConsumerWorkerImpl.pollLoop(ConsumerWorkerImpl.java:51)
	at java.base/java.lang.Thread.run(Thread.java:1583)
11:01:06.842 [Thread-1] ERROR com.charlessun.javaplcadapter.worker.impl.ConsumerWorkerImpl -- processingStrategy.process(record) 處理失敗: Processing failed
java.lang.RuntimeException: Processing failed
	at com.charlessun.javaplcadapter.worker.impl.ConsumerWorkerImpl.pollLoop(ConsumerWorkerImpl.java:51)
	at java.base/java.lang.Thread.run(Thread.java:1583)
11:01:06.842 [Thread-1] ERROR com.charlessun.javaplcadapter.worker.impl.ConsumerWorkerImpl -- processingStrategy.process(record) 處理失敗: Processing failed
java.lang.RuntimeException: Processing failed
	at com.charlessun.javaplcadapter.worker.impl.ConsumerWorkerImpl.pollLoop(ConsumerWorkerImpl.java:51)
	at java.base/java.lang.Thread.run(Thread.java:1583)
11:01:06.842 [Thread-1] ERROR com.charlessun.javaplcadapter.worker.impl.ConsumerWorkerImpl -- processingStrategy.process(record) 處理失敗: Processing failed
java.lang.RuntimeException: Processing failed
	at com.charlessun.javaplcadapter.worker.impl.ConsumerWorkerImpl.pollLoop(ConsumerWorkerImpl.java:51)
	at java.base/java.lang.Thread.run(Thread.java:1583)
11:01:06.843 [Thread-1] ERROR com.charlessun.javaplcadapter.worker.impl.ConsumerWorkerImpl -- processingStrategy.process(record) 處理失敗: Processing failed
java.lang.RuntimeException: Processing failed
	at com.charlessun.javaplcadapter.worker.impl.ConsumerWorkerImpl.pollLoop(ConsumerWorkerImpl.java:51)
	at java.base/java.lang.Thread.run(Thread.java:1583)
11:01:06.843 [Thread-1] ERROR com.charlessun.javaplcadapter.worker.impl.ConsumerWorkerImpl -- processingStrategy.process(record) 處理失敗: Processing failed
java.lang.RuntimeException: Processing failed
	at com.charlessun.javaplcadapter.worker.impl.ConsumerWorkerImpl.pollLoop(ConsumerWorkerImpl.java:51)
	at java.base/java.lang.Thread.run(Thread.java:1583)
11:01:06.844 [Thread-1] ERROR com.charlessun.javaplcadapter.worker.impl.ConsumerWorkerImpl -- processingStrategy.process(record) 處理失敗: Processing failed
java.lang.RuntimeException: Processing failed
	at com.charlessun.javaplcadapter.worker.impl.ConsumerWorkerImpl.pollLoop(ConsumerWorkerImpl.java:51)
	at java.base/java.lang.Thread.run(Thread.java:1583)
11:01:06.844 [Thread-1] ERROR com.charlessun.javaplcadapter.worker.impl.ConsumerWorkerImpl -- processingStrategy.process(record) 處理失敗: Processing failed
java.lang.RuntimeException: Processing failed
	at com.charlessun.javaplcadapter.worker.impl.ConsumerWorkerImpl.pollLoop(ConsumerWorkerImpl.java:51)
	at java.base/java.lang.Thread.run(Thread.java:1583)
11:01:06.844 [Thread-1] ERROR com.charlessun.javaplcadapter.worker.impl.ConsumerWorkerImpl -- processingStrategy.process(record) 處理失敗: Processing failed
java.lang.RuntimeException: Processing failed
	at com.charlessun.javaplcadapter.worker.impl.ConsumerWorkerImpl.pollLoop(ConsumerWorkerImpl.java:51)
	at java.base/java.lang.Thread.run(Thread.java:1583)
11:01:06.845 [Thread-1] ERROR com.charlessun.javaplcadapter.worker.impl.ConsumerWorkerImpl -- processingStrategy.process(record) 處理失敗: Processing failed
java.lang.RuntimeException: Processing failed
	at com.charlessun.javaplcadapter.worker.impl.ConsumerWorkerImpl.pollLoop(ConsumerWorkerImpl.java:51)
	at java.base/java.lang.Thread.run(Thread.java:1583)
11:01:06.845 [Thread-1] ERROR com.charlessun.javaplcadapter.worker.impl.ConsumerWorkerImpl -- processingStrategy.process(record) 處理失敗: Processing failed
java.lang.RuntimeException: Processing failed
	at com.charlessun.javaplcadapter.worker.impl.ConsumerWorkerImpl.pollLoop(ConsumerWorkerImpl.java:51)
	at java.base/java.lang.Thread.run(Thread.java:1583)
11:01:06.846 [Thread-1] ERROR com.charlessun.javaplcadapter.worker.impl.ConsumerWorkerImpl -- processingStrategy.process(record) 處理失敗: Processing failed
java.lang.RuntimeException: Processing failed
	at com.charlessun.javaplcadapter.worker.impl.ConsumerWorkerImpl.pollLoop(ConsumerWorkerImpl.java:51)
	at java.base/java.lang.Thread.run(Thread.java:1583)
11:01:06.846 [Thread-1] ERROR com.charlessun.javaplcadapter.worker.impl.ConsumerWorkerImpl -- processingStrategy.process(record) 處理失敗: Processing failed
java.lang.RuntimeException: Processing failed
	at com.charlessun.javaplcadapter.worker.impl.ConsumerWorkerImpl.pollLoop(ConsumerWorkerImpl.java:51)
	at java.base/java.lang.Thread.run(Thread.java:1583)
11:01:06.846 [Thread-1] ERROR com.charlessun.javaplcadapter.worker.impl.ConsumerWorkerImpl -- processingStrategy.process(record) 處理失敗: Processing failed
java.lang.RuntimeException: Processing failed
	at com.charlessun.javaplcadapter.worker.impl.ConsumerWorkerImpl.pollLoop(ConsumerWorkerImpl.java:51)
	at java.base/java.lang.Thread.run(Thread.java:1583)
11:01:06.847 [Thread-1] ERROR com.charlessun.javaplcadapter.worker.impl.ConsumerWorkerImpl -- processingStrategy.process(record) 處理失敗: Processing failed
java.lang.RuntimeException: Processing failed
	at com.charlessun.javaplcadapter.worker.impl.ConsumerWorkerImpl.pollLoop(ConsumerWorkerImpl.java:51)
	at java.base/java.lang.Thread.run(Thread.java:1583)
11:01:06.847 [Thread-1] ERROR com.charlessun.javaplcadapter.worker.impl.ConsumerWorkerImpl -- processingStrategy.process(record) 處理失敗: Processing failed
java.lang.RuntimeException: Processing failed
	at com.charlessun.javaplcadapter.worker.impl.ConsumerWorkerImpl.pollLoop(ConsumerWorkerImpl.java:51)
	at java.base/java.lang.Thread.run(Thread.java:1583)
11:01:06.847 [Thread-1] ERROR com.charlessun.javaplcadapter.worker.impl.ConsumerWorkerImpl -- processingStrategy.process(record) 處理失敗: Processing failed
java.lang.RuntimeException: Processing failed
	at com.charlessun.javaplcadapter.worker.impl.ConsumerWorkerImpl.pollLoop(ConsumerWorkerImpl.java:51)
	at java.base/java.lang.Thread.run(Thread.java:1583)
11:01:06.847 [Thread-1] ERROR com.charlessun.javaplcadapter.worker.impl.ConsumerWorkerImpl -- processingStrategy.process(record) 處理失敗: Processing failed
java.lang.RuntimeException: Processing failed
	at com.charlessun.javaplcadapter.worker.impl.ConsumerWorkerImpl.pollLoop(ConsumerWorkerImpl.java:51)
	at java.base/java.lang.Thread.run(Thread.java:1583)
11:01:06.848 [Thread-1] ERROR com.charlessun.javaplcadapter.worker.impl.ConsumerWorkerImpl -- processingStrategy.process(record) 處理失敗: Processing failed
java.lang.RuntimeException: Processing failed
	at com.charlessun.javaplcadapter.worker.impl.ConsumerWorkerImpl.pollLoop(ConsumerWorkerImpl.java:51)
	at java.base/java.lang.Thread.run(Thread.java:1583)
11:01:06.848 [Thread-1] ERROR com.charlessun.javaplcadapter.worker.impl.ConsumerWorkerImpl -- processingStrategy.process(record) 處理失敗: Processing failed
java.lang.RuntimeException: Processing failed
	at com.charlessun.javaplcadapter.worker.impl.ConsumerWorkerImpl.pollLoop(ConsumerWorkerImpl.java:51)
	at java.base/java.lang.Thread.run(Thread.java:1583)
11:01:06.848 [Thread-1] ERROR com.charlessun.javaplcadapter.worker.impl.ConsumerWorkerImpl -- processingStrategy.process(record) 處理失敗: Processing failed
java.lang.RuntimeException: Processing failed
	at com.charlessun.javaplcadapter.worker.impl.ConsumerWorkerImpl.pollLoop(ConsumerWorkerImpl.java:51)
	at java.base/java.lang.Thread.run(Thread.java:1583)
11:01:06.848 [Thread-1] ERROR com.charlessun.javaplcadapter.worker.impl.ConsumerWorkerImpl -- processingStrategy.process(record) 處理失敗: Processing failed
java.lang.RuntimeException: Processing failed
	at com.charlessun.javaplcadapter.worker.impl.ConsumerWorkerImpl.pollLoop(ConsumerWorkerImpl.java:51)
	at java.base/java.lang.Thread.run(Thread.java:1583)
11:01:06.849 [Thread-1] ERROR com.charlessun.javaplcadapter.worker.impl.ConsumerWorkerImpl -- processingStrategy.process(record) 處理失敗: Processing failed
java.lang.RuntimeException: Processing failed
	at com.charlessun.javaplcadapter.worker.impl.ConsumerWorkerImpl.pollLoop(ConsumerWorkerImpl.java:51)
	at java.base/java.lang.Thread.run(Thread.java:1583)
11:01:06.849 [Thread-1] ERROR com.charlessun.javaplcadapter.worker.impl.ConsumerWorkerImpl -- processingStrategy.process(record) 處理失敗: Processing failed
java.lang.RuntimeException: Processing failed
	at com.charlessun.javaplcadapter.worker.impl.ConsumerWorkerImpl.pollLoop(ConsumerWorkerImpl.java:51)
	at java.base/java.lang.Thread.run(Thread.java:1583)
11:01:06.849 [Thread-1] ERROR com.charlessun.javaplcadapter.worker.impl.ConsumerWorkerImpl -- processingStrategy.process(record) 處理失敗: Processing failed
java.lang.RuntimeException: Processing failed
	at com.charlessun.javaplcadapter.worker.impl.ConsumerWorkerImpl.pollLoop(ConsumerWorkerImpl.java:51)
	at java.base/java.lang.Thread.run(Thread.java:1583)
11:01:06.850 [Thread-1] ERROR com.charlessun.javaplcadapter.worker.impl.ConsumerWorkerImpl -- processingStrategy.process(record) 處理失敗: Processing failed
java.lang.RuntimeException: Processing failed
	at com.charlessun.javaplcadapter.worker.impl.ConsumerWorkerImpl.pollLoop(ConsumerWorkerImpl.java:51)
	at java.base/java.lang.Thread.run(Thread.java:1583)
11:01:06.850 [Thread-1] ERROR com.charlessun.javaplcadapter.worker.impl.ConsumerWorkerImpl -- processingStrategy.process(record) 處理失敗: Processing failed
java.lang.RuntimeException: Processing failed
	at com.charlessun.javaplcadapter.worker.impl.ConsumerWorkerImpl.pollLoop(ConsumerWorkerImpl.java:51)
	at java.base/java.lang.Thread.run(Thread.java:1583)
11:01:06.850 [Thread-1] ERROR com.charlessun.javaplcadapter.worker.impl.ConsumerWorkerImpl -- processingStrategy.process(record) 處理失敗: Processing failed
java.lang.RuntimeException: Processing failed
	at com.charlessun.javaplcadapter.worker.impl.ConsumerWorkerImpl.pollLoop(ConsumerWorkerImpl.java:51)
	at java.base/java.lang.Thread.run(Thread.java:1583)
11:01:06.851 [Thread-1] ERROR com.charlessun.javaplcadapter.worker.impl.ConsumerWorkerImpl -- processingStrategy.process(record) 處理失敗: Processing failed
java.lang.RuntimeException: Processing failed
	at com.charlessun.javaplcadapter.worker.impl.ConsumerWorkerImpl.pollLoop(ConsumerWorkerImpl.java:51)
	at java.base/java.lang.Thread.run(Thread.java:1583)
11:01:06.851 [Thread-1] ERROR com.charlessun.javaplcadapter.worker.impl.ConsumerWorkerImpl -- processingStrategy.process(record) 處理失敗: Processing failed
java.lang.RuntimeException: Processing failed
	at com.charlessun.javaplcadapter.worker.impl.ConsumerWorkerImpl.pollLoop(ConsumerWorkerImpl.java:51)
	at java.base/java.lang.Thread.run(Thread.java:1583)
11:01:06.851 [Thread-1] ERROR com.charlessun.javaplcadapter.worker.impl.ConsumerWorkerImpl -- processingStrategy.process(record) 處理失敗: Processing failed
java.lang.RuntimeException: Processing failed
	at com.charlessun.javaplcadapter.worker.impl.ConsumerWorkerImpl.pollLoop(ConsumerWorkerImpl.java:51)
	at java.base/java.lang.Thread.run(Thread.java:1583)
11:01:06.851 [Thread-1] ERROR com.charlessun.javaplcadapter.worker.impl.ConsumerWorkerImpl -- processingStrategy.process(record) 處理失敗: Processing failed
java.lang.RuntimeException: Processing failed
	at com.charlessun.javaplcadapter.worker.impl.ConsumerWorkerImpl.pollLoop(ConsumerWorkerImpl.java:51)
	at java.base/java.lang.Thread.run(Thread.java:1583)
11:01:06.852 [Thread-1] ERROR com.charlessun.javaplcadapter.worker.impl.ConsumerWorkerImpl -- processingStrategy.process(record) 處理失敗: Processing failed
java.lang.RuntimeException: Processing failed
	at com.charlessun.javaplcadapter.worker.impl.ConsumerWorkerImpl.pollLoop(ConsumerWorkerImpl.java:51)
	at java.base/java.lang.Thread.run(Thread.java:1583)
11:01:06.852 [Thread-1] ERROR com.charlessun.javaplcadapter.worker.impl.ConsumerWorkerImpl -- processingStrategy.process(record) 處理失敗: Processing failed
java.lang.RuntimeException: Processing failed
	at com.charlessun.javaplcadapter.worker.impl.ConsumerWorkerImpl.pollLoop(ConsumerWorkerImpl.java:51)
	at java.base/java.lang.Thread.run(Thread.java:1583)
11:01:06.852 [Thread-1] ERROR com.charlessun.javaplcadapter.worker.impl.ConsumerWorkerImpl -- processingStrategy.process(record) 處理失敗: Processing failed
java.lang.RuntimeException: Processing failed
	at com.charlessun.javaplcadapter.worker.impl.ConsumerWorkerImpl.pollLoop(ConsumerWorkerImpl.java:51)
	at java.base/java.lang.Thread.run(Thread.java:1583)
11:01:06.853 [Thread-1] ERROR com.charlessun.javaplcadapter.worker.impl.ConsumerWorkerImpl -- processingStrategy.process(record) 處理失敗: Processing failed
java.lang.RuntimeException: Processing failed
	at com.charlessun.javaplcadapter.worker.impl.ConsumerWorkerImpl.pollLoop(ConsumerWorkerImpl.java:51)
	at java.base/java.lang.Thread.run(Thread.java:1583)
11:01:06.853 [Thread-1] ERROR com.charlessun.javaplcadapter.worker.impl.ConsumerWorkerImpl -- processingStrategy.process(record) 處理失敗: Processing failed
java.lang.RuntimeException: Processing failed
	at com.charlessun.javaplcadapter.worker.impl.ConsumerWorkerImpl.pollLoop(ConsumerWorkerImpl.java:51)
	at java.base/java.lang.Thread.run(Thread.java:1583)
11:01:06.853 [Thread-1] ERROR com.charlessun.javaplcadapter.worker.impl.ConsumerWorkerImpl -- processingStrategy.process(record) 處理失敗: Processing failed
java.lang.RuntimeException: Processing failed
	at com.charlessun.javaplcadapter.worker.impl.ConsumerWorkerImpl.pollLoop(ConsumerWorkerImpl.java:51)
	at java.base/java.lang.Thread.run(Thread.java:1583)
11:01:06.853 [Thread-1] ERROR com.charlessun.javaplcadapter.worker.impl.ConsumerWorkerImpl -- processingStrategy.process(record) 處理失敗: Processing failed
java.lang.RuntimeException: Processing failed
	at com.charlessun.javaplcadapter.worker.impl.ConsumerWorkerImpl.pollLoop(ConsumerWorkerImpl.java:51)
	at java.base/java.lang.Thread.run(Thread.java:1583)
11:01:06.854 [Thread-1] ERROR com.charlessun.javaplcadapter.worker.impl.ConsumerWorkerImpl -- processingStrategy.process(record) 處理失敗: Processing failed
java.lang.RuntimeException: Processing failed
	at com.charlessun.javaplcadapter.worker.impl.ConsumerWorkerImpl.pollLoop(ConsumerWorkerImpl.java:51)
	at java.base/java.lang.Thread.run(Thread.java:1583)
11:01:06.854 [Thread-1] ERROR com.charlessun.javaplcadapter.worker.impl.ConsumerWorkerImpl -- processingStrategy.process(record) 處理失敗: Processing failed
java.lang.RuntimeException: Processing failed
	at com.charlessun.javaplcadapter.worker.impl.ConsumerWorkerImpl.pollLoop(ConsumerWorkerImpl.java:51)
	at java.base/java.lang.Thread.run(Thread.java:1583)
11:01:06.854 [Thread-1] ERROR com.charlessun.javaplcadapter.worker.impl.ConsumerWorkerImpl -- processingStrategy.process(record) 處理失敗: Processing failed
java.lang.RuntimeException: Processing failed
	at com.charlessun.javaplcadapter.worker.impl.ConsumerWorkerImpl.pollLoop(ConsumerWorkerImpl.java:51)
	at java.base/java.lang.Thread.run(Thread.java:1583)
11:01:06.855 [Thread-1] ERROR com.charlessun.javaplcadapter.worker.impl.ConsumerWorkerImpl -- processingStrategy.process(record) 處理失敗: Processing failed
java.lang.RuntimeException: Processing failed
	at com.charlessun.javaplcadapter.worker.impl.ConsumerWorkerImpl.pollLoop(ConsumerWorkerImpl.java:51)
	at java.base/java.lang.Thread.run(Thread.java:1583)
11:01:06.855 [Thread-1] ERROR com.charlessun.javaplcadapter.worker.impl.ConsumerWorkerImpl -- processingStrategy.process(record) 處理失敗: Processing failed
java.lang.RuntimeException: Processing failed
	at com.charlessun.javaplcadapter.worker.impl.ConsumerWorkerImpl.pollLoop(ConsumerWorkerImpl.java:51)
	at java.base/java.lang.Thread.run(Thread.java:1583)
11:01:06.855 [Thread-1] ERROR com.charlessun.javaplcadapter.worker.impl.ConsumerWorkerImpl -- processingStrategy.process(record) 處理失敗: Processing failed
java.lang.RuntimeException: Processing failed
	at com.charlessun.javaplcadapter.worker.impl.ConsumerWorkerImpl.pollLoop(ConsumerWorkerImpl.java:51)
	at java.base/java.lang.Thread.run(Thread.java:1583)
11:01:06.855 [Thread-1] ERROR com.charlessun.javaplcadapter.worker.impl.ConsumerWorkerImpl -- processingStrategy.process(record) 處理失敗: Processing failed
java.lang.RuntimeException: Processing failed
	at com.charlessun.javaplcadapter.worker.impl.ConsumerWorkerImpl.pollLoop(ConsumerWorkerImpl.java:51)
	at java.base/java.lang.Thread.run(Thread.java:1583)
11:01:06.856 [Thread-1] ERROR com.charlessun.javaplcadapter.worker.impl.ConsumerWorkerImpl -- processingStrategy.process(record) 處理失敗: Processing failed
java.lang.RuntimeException: Processing failed
	at com.charlessun.javaplcadapter.worker.impl.ConsumerWorkerImpl.pollLoop(ConsumerWorkerImpl.java:51)
	at java.base/java.lang.Thread.run(Thread.java:1583)
11:01:06.856 [Thread-1] ERROR com.charlessun.javaplcadapter.worker.impl.ConsumerWorkerImpl -- processingStrategy.process(record) 處理失敗: Processing failed
java.lang.RuntimeException: Processing failed
	at com.charlessun.javaplcadapter.worker.impl.ConsumerWorkerImpl.pollLoop(ConsumerWorkerImpl.java:51)
	at java.base/java.lang.Thread.run(Thread.java:1583)
11:01:06.856 [Thread-1] ERROR com.charlessun.javaplcadapter.worker.impl.ConsumerWorkerImpl -- processingStrategy.process(record) 處理失敗: Processing failed
java.lang.RuntimeException: Processing failed
	at com.charlessun.javaplcadapter.worker.impl.ConsumerWorkerImpl.pollLoop(ConsumerWorkerImpl.java:51)
	at java.base/java.lang.Thread.run(Thread.java:1583)
11:01:06.857 [Thread-1] ERROR com.charlessun.javaplcadapter.worker.impl.ConsumerWorkerImpl -- processingStrategy.process(record) 處理失敗: Processing failed
java.lang.RuntimeException: Processing failed
	at com.charlessun.javaplcadapter.worker.impl.ConsumerWorkerImpl.pollLoop(ConsumerWorkerImpl.java:51)
	at java.base/java.lang.Thread.run(Thread.java:1583)
11:01:06.857 [Thread-1] ERROR com.charlessun.javaplcadapter.worker.impl.ConsumerWorkerImpl -- processingStrategy.process(record) 處理失敗: Processing failed
java.lang.RuntimeException: Processing failed
	at com.charlessun.javaplcadapter.worker.impl.ConsumerWorkerImpl.pollLoop(ConsumerWorkerImpl.java:51)
	at java.base/java.lang.Thread.run(Thread.java:1583)
11:01:06.857 [Thread-1] ERROR com.charlessun.javaplcadapter.worker.impl.ConsumerWorkerImpl -- processingStrategy.process(record) 處理失敗: Processing failed
java.lang.RuntimeException: Processing failed
	at com.charlessun.javaplcadapter.worker.impl.ConsumerWorkerImpl.pollLoop(ConsumerWorkerImpl.java:51)
	at java.base/java.lang.Thread.run(Thread.java:1583)
11:01:06.858 [Thread-1] ERROR com.charlessun.javaplcadapter.worker.impl.ConsumerWorkerImpl -- processingStrategy.process(record) 處理失敗: Processing failed
java.lang.RuntimeException: Processing failed
	at com.charlessun.javaplcadapter.worker.impl.ConsumerWorkerImpl.pollLoop(ConsumerWorkerImpl.java:51)
	at java.base/java.lang.Thread.run(Thread.java:1583)
11:01:06.858 [Thread-1] ERROR com.charlessun.javaplcadapter.worker.impl.ConsumerWorkerImpl -- processingStrategy.process(record) 處理失敗: Processing failed
java.lang.RuntimeException: Processing failed
	at com.charlessun.javaplcadapter.worker.impl.ConsumerWorkerImpl.pollLoop(ConsumerWorkerImpl.java:51)
	at java.base/java.lang.Thread.run(Thread.java:1583)
11:01:06.858 [Thread-1] ERROR com.charlessun.javaplcadapter.worker.impl.ConsumerWorkerImpl -- processingStrategy.process(record) 處理失敗: Processing failed
java.lang.RuntimeException: Processing failed
	at com.charlessun.javaplcadapter.worker.impl.ConsumerWorkerImpl.pollLoop(ConsumerWorkerImpl.java:51)
	at java.base/java.lang.Thread.run(Thread.java:1583)
11:01:06.858 [Thread-1] ERROR com.charlessun.javaplcadapter.worker.impl.ConsumerWorkerImpl -- processingStrategy.process(record) 處理失敗: Processing failed
java.lang.RuntimeException: Processing failed
	at com.charlessun.javaplcadapter.worker.impl.ConsumerWorkerImpl.pollLoop(ConsumerWorkerImpl.java:51)
	at java.base/java.lang.Thread.run(Thread.java:1583)
11:01:06.858 [Thread-1] ERROR com.charlessun.javaplcadapter.worker.impl.ConsumerWorkerImpl -- processingStrategy.process(record) 處理失敗: Processing failed
java.lang.RuntimeException: Processing failed
	at com.charlessun.javaplcadapter.worker.impl.ConsumerWorkerImpl.pollLoop(ConsumerWorkerImpl.java:51)
	at java.base/java.lang.Thread.run(Thread.java:1583)
11:01:06.859 [Thread-1] ERROR com.charlessun.javaplcadapter.worker.impl.ConsumerWorkerImpl -- processingStrategy.process(record) 處理失敗: Processing failed
java.lang.RuntimeException: Processing failed
	at com.charlessun.javaplcadapter.worker.impl.ConsumerWorkerImpl.pollLoop(ConsumerWorkerImpl.java:51)
	at java.base/java.lang.Thread.run(Thread.java:1583)
11:01:06.859 [Thread-1] ERROR com.charlessun.javaplcadapter.worker.impl.ConsumerWorkerImpl -- processingStrategy.process(record) 處理失敗: Processing failed
java.lang.RuntimeException: Processing failed
	at com.charlessun.javaplcadapter.worker.impl.ConsumerWorkerImpl.pollLoop(ConsumerWorkerImpl.java:51)
	at java.base/java.lang.Thread.run(Thread.java:1583)
11:01:06.859 [Thread-1] ERROR com.charlessun.javaplcadapter.worker.impl.ConsumerWorkerImpl -- processingStrategy.process(record) 處理失敗: Processing failed
java.lang.RuntimeException: Processing failed
	at com.charlessun.javaplcadapter.worker.impl.ConsumerWorkerImpl.pollLoop(ConsumerWorkerImpl.java:51)
	at java.base/java.lang.Thread.run(Thread.java:1583)
11:01:06.859 [Thread-1] ERROR com.charlessun.javaplcadapter.worker.impl.ConsumerWorkerImpl -- processingStrategy.process(record) 處理失敗: Processing failed
java.lang.RuntimeException: Processing failed
	at com.charlessun.javaplcadapter.worker.impl.ConsumerWorkerImpl.pollLoop(ConsumerWorkerImpl.java:51)
	at java.base/java.lang.Thread.run(Thread.java:1583)
11:01:06.860 [Thread-1] ERROR com.charlessun.javaplcadapter.worker.impl.ConsumerWorkerImpl -- processingStrategy.process(record) 處理失敗: Processing failed
java.lang.RuntimeException: Processing failed
	at com.charlessun.javaplcadapter.worker.impl.ConsumerWorkerImpl.pollLoop(ConsumerWorkerImpl.java:51)
	at java.base/java.lang.Thread.run(Thread.java:1583)
11:01:06.860 [Thread-1] ERROR com.charlessun.javaplcadapter.worker.impl.ConsumerWorkerImpl -- processingStrategy.process(record) 處理失敗: Processing failed
java.lang.RuntimeException: Processing failed
	at com.charlessun.javaplcadapter.worker.impl.ConsumerWorkerImpl.pollLoop(ConsumerWorkerImpl.java:51)
	at java.base/java.lang.Thread.run(Thread.java:1583)
11:01:06.860 [Thread-1] ERROR com.charlessun.javaplcadapter.worker.impl.ConsumerWorkerImpl -- processingStrategy.process(record) 處理失敗: Processing failed
java.lang.RuntimeException: Processing failed
	at com.charlessun.javaplcadapter.worker.impl.ConsumerWorkerImpl.pollLoop(ConsumerWorkerImpl.java:51)
	at java.base/java.lang.Thread.run(Thread.java:1583)
11:01:06.860 [Thread-1] ERROR com.charlessun.javaplcadapter.worker.impl.ConsumerWorkerImpl -- processingStrategy.process(record) 處理失敗: Processing failed
java.lang.RuntimeException: Processing failed
	at com.charlessun.javaplcadapter.worker.impl.ConsumerWorkerImpl.pollLoop(ConsumerWorkerImpl.java:51)
	at java.base/java.lang.Thread.run(Thread.java:1583)
11:01:06.861 [Thread-1] ERROR com.charlessun.javaplcadapter.worker.impl.ConsumerWorkerImpl -- processingStrategy.process(record) 處理失敗: Processing failed
java.lang.RuntimeException: Processing failed
	at com.charlessun.javaplcadapter.worker.impl.ConsumerWorkerImpl.pollLoop(ConsumerWorkerImpl.java:51)
	at java.base/java.lang.Thread.run(Thread.java:1583)
11:01:06.861 [Thread-1] ERROR com.charlessun.javaplcadapter.worker.impl.ConsumerWorkerImpl -- processingStrategy.process(record) 處理失敗: Processing failed
java.lang.RuntimeException: Processing failed
	at com.charlessun.javaplcadapter.worker.impl.ConsumerWorkerImpl.pollLoop(ConsumerWorkerImpl.java:51)
	at java.base/java.lang.Thread.run(Thread.java:1583)
11:01:06.861 [Thread-1] ERROR com.charlessun.javaplcadapter.worker.impl.ConsumerWorkerImpl -- processingStrategy.process(record) 處理失敗: Processing failed
java.lang.RuntimeException: Processing failed
	at com.charlessun.javaplcadapter.worker.impl.ConsumerWorkerImpl.pollLoop(ConsumerWorkerImpl.java:51)
	at java.base/java.lang.Thread.run(Thread.java:1583)
11:01:06.861 [Thread-1] ERROR com.charlessun.javaplcadapter.worker.impl.ConsumerWorkerImpl -- processingStrategy.process(record) 處理失敗: Processing failed
java.lang.RuntimeException: Processing failed
	at com.charlessun.javaplcadapter.worker.impl.ConsumerWorkerImpl.pollLoop(ConsumerWorkerImpl.java:51)
	at java.base/java.lang.Thread.run(Thread.java:1583)
11:01:06.862 [Thread-1] ERROR com.charlessun.javaplcadapter.worker.impl.ConsumerWorkerImpl -- processingStrategy.process(record) 處理失敗: Processing failed
java.lang.RuntimeException: Processing failed
	at com.charlessun.javaplcadapter.worker.impl.ConsumerWorkerImpl.pollLoop(ConsumerWorkerImpl.java:51)
	at java.base/java.lang.Thread.run(Thread.java:1583)
11:01:06.862 [Thread-1] ERROR com.charlessun.javaplcadapter.worker.impl.ConsumerWorkerImpl -- processingStrategy.process(record) 處理失敗: Processing failed
java.lang.RuntimeException: Processing failed
	at com.charlessun.javaplcadapter.worker.impl.ConsumerWorkerImpl.pollLoop(ConsumerWorkerImpl.java:51)
	at java.base/java.lang.Thread.run(Thread.java:1583)
11:01:06.862 [Thread-1] ERROR com.charlessun.javaplcadapter.worker.impl.ConsumerWorkerImpl -- processingStrategy.process(record) 處理失敗: Processing failed
java.lang.RuntimeException: Processing failed
	at com.charlessun.javaplcadapter.worker.impl.ConsumerWorkerImpl.pollLoop(ConsumerWorkerImpl.java:51)
	at java.base/java.lang.Thread.run(Thread.java:1583)
11:01:06.863 [Thread-1] ERROR com.charlessun.javaplcadapter.worker.impl.ConsumerWorkerImpl -- processingStrategy.process(record) 處理失敗: Processing failed
java.lang.RuntimeException: Processing failed
	at com.charlessun.javaplcadapter.worker.impl.ConsumerWorkerImpl.pollLoop(ConsumerWorkerImpl.java:51)
	at java.base/java.lang.Thread.run(Thread.java:1583)
11:01:06.863 [Thread-1] ERROR com.charlessun.javaplcadapter.worker.impl.ConsumerWorkerImpl -- processingStrategy.process(record) 處理失敗: Processing failed
java.lang.RuntimeException: Processing failed
	at com.charlessun.javaplcadapter.worker.impl.ConsumerWorkerImpl.pollLoop(ConsumerWorkerImpl.java:51)
	at java.base/java.lang.Thread.run(Thread.java:1583)
11:01:06.863 [Thread-1] ERROR com.charlessun.javaplcadapter.worker.impl.ConsumerWorkerImpl -- processingStrategy.process(record) 處理失敗: Processing failed
java.lang.RuntimeException: Processing failed
	at com.charlessun.javaplcadapter.worker.impl.ConsumerWorkerImpl.pollLoop(ConsumerWorkerImpl.java:51)
	at java.base/java.lang.Thread.run(Thread.java:1583)
11:01:06.863 [Thread-1] ERROR com.charlessun.javaplcadapter.worker.impl.ConsumerWorkerImpl -- processingStrategy.process(record) 處理失敗: Processing failed
java.lang.RuntimeException: Processing failed
	at com.charlessun.javaplcadapter.worker.impl.ConsumerWorkerImpl.pollLoop(ConsumerWorkerImpl.java:51)
	at java.base/java.lang.Thread.run(Thread.java:1583)
11:01:06.863 [Thread-1] ERROR com.charlessun.javaplcadapter.worker.impl.ConsumerWorkerImpl -- processingStrategy.process(record) 處理失敗: Processing failed
java.lang.RuntimeException: Processing failed
	at com.charlessun.javaplcadapter.worker.impl.ConsumerWorkerImpl.pollLoop(ConsumerWorkerImpl.java:51)
	at java.base/java.lang.Thread.run(Thread.java:1583)
11:01:06.864 [Thread-1] ERROR com.charlessun.javaplcadapter.worker.impl.ConsumerWorkerImpl -- processingStrategy.process(record) 處理失敗: Processing failed
java.lang.RuntimeException: Processing failed
	at com.charlessun.javaplcadapter.worker.impl.ConsumerWorkerImpl.pollLoop(ConsumerWorkerImpl.java:51)
	at java.base/java.lang.Thread.run(Thread.java:1583)
11:01:06.864 [Thread-1] ERROR com.charlessun.javaplcadapter.worker.impl.ConsumerWorkerImpl -- processingStrategy.process(record) 處理失敗: Processing failed
java.lang.RuntimeException: Processing failed
	at com.charlessun.javaplcadapter.worker.impl.ConsumerWorkerImpl.pollLoop(ConsumerWorkerImpl.java:51)
	at java.base/java.lang.Thread.run(Thread.java:1583)
11:01:06.864 [Thread-1] ERROR com.charlessun.javaplcadapter.worker.impl.ConsumerWorkerImpl -- processingStrategy.process(record) 處理失敗: Processing failed
java.lang.RuntimeException: Processing failed
	at com.charlessun.javaplcadapter.worker.impl.ConsumerWorkerImpl.pollLoop(ConsumerWorkerImpl.java:51)
	at java.base/java.lang.Thread.run(Thread.java:1583)
11:01:06.864 [Thread-1] ERROR com.charlessun.javaplcadapter.worker.impl.ConsumerWorkerImpl -- processingStrategy.process(record) 處理失敗: Processing failed
java.lang.RuntimeException: Processing failed
	at com.charlessun.javaplcadapter.worker.impl.ConsumerWorkerImpl.pollLoop(ConsumerWorkerImpl.java:51)
	at java.base/java.lang.Thread.run(Thread.java:1583)
11:01:06.865 [Thread-1] ERROR com.charlessun.javaplcadapter.worker.impl.ConsumerWorkerImpl -- processingStrategy.process(record) 處理失敗: Processing failed
java.lang.RuntimeException: Processing failed
	at com.charlessun.javaplcadapter.worker.impl.ConsumerWorkerImpl.pollLoop(ConsumerWorkerImpl.java:51)
	at java.base/java.lang.Thread.run(Thread.java:1583)
11:01:06.865 [Thread-1] ERROR com.charlessun.javaplcadapter.worker.impl.ConsumerWorkerImpl -- processingStrategy.process(record) 處理失敗: Processing failed
java.lang.RuntimeException: Processing failed
	at com.charlessun.javaplcadapter.worker.impl.ConsumerWorkerImpl.pollLoop(ConsumerWorkerImpl.java:51)
	at java.base/java.lang.Thread.run(Thread.java:1583)
11:01:06.865 [Thread-1] ERROR com.charlessun.javaplcadapter.worker.impl.ConsumerWorkerImpl -- processingStrategy.process(record) 處理失敗: Processing failed
java.lang.RuntimeException: Processing failed
	at com.charlessun.javaplcadapter.worker.impl.ConsumerWorkerImpl.pollLoop(ConsumerWorkerImpl.java:51)
	at java.base/java.lang.Thread.run(Thread.java:1583)
11:01:06.865 [Thread-1] ERROR com.charlessun.javaplcadapter.worker.impl.ConsumerWorkerImpl -- processingStrategy.process(record) 處理失敗: Processing failed
java.lang.RuntimeException: Processing failed
	at com.charlessun.javaplcadapter.worker.impl.ConsumerWorkerImpl.pollLoop(ConsumerWorkerImpl.java:51)
	at java.base/java.lang.Thread.run(Thread.java:1583)
11:01:06.866 [Thread-1] ERROR com.charlessun.javaplcadapter.worker.impl.ConsumerWorkerImpl -- processingStrategy.process(record) 處理失敗: Processing failed
java.lang.RuntimeException: Processing failed
	at com.charlessun.javaplcadapter.worker.impl.ConsumerWorkerImpl.pollLoop(ConsumerWorkerImpl.java:51)
	at java.base/java.lang.Thread.run(Thread.java:1583)
11:01:06.866 [Thread-1] ERROR com.charlessun.javaplcadapter.worker.impl.ConsumerWorkerImpl -- processingStrategy.process(record) 處理失敗: Processing failed
java.lang.RuntimeException: Processing failed
	at com.charlessun.javaplcadapter.worker.impl.ConsumerWorkerImpl.pollLoop(ConsumerWorkerImpl.java:51)
	at java.base/java.lang.Thread.run(Thread.java:1583)
11:01:06.866 [Thread-1] ERROR com.charlessun.javaplcadapter.worker.impl.ConsumerWorkerImpl -- processingStrategy.process(record) 處理失敗: Processing failed
java.lang.RuntimeException: Processing failed
	at com.charlessun.javaplcadapter.worker.impl.ConsumerWorkerImpl.pollLoop(ConsumerWorkerImpl.java:51)
	at java.base/java.lang.Thread.run(Thread.java:1583)
11:01:06.866 [Thread-1] ERROR com.charlessun.javaplcadapter.worker.impl.ConsumerWorkerImpl -- processingStrategy.process(record) 處理失敗: Processing failed
java.lang.RuntimeException: Processing failed
	at com.charlessun.javaplcadapter.worker.impl.ConsumerWorkerImpl.pollLoop(ConsumerWorkerImpl.java:51)
	at java.base/java.lang.Thread.run(Thread.java:1583)
11:01:06.866 [Thread-1] ERROR com.charlessun.javaplcadapter.worker.impl.ConsumerWorkerImpl -- processingStrategy.process(record) 處理失敗: Processing failed
java.lang.RuntimeException: Processing failed
	at com.charlessun.javaplcadapter.worker.impl.ConsumerWorkerImpl.pollLoop(ConsumerWorkerImpl.java:51)
	at java.base/java.lang.Thread.run(Thread.java:1583)
11:01:06.867 [Thread-1] ERROR com.charlessun.javaplcadapter.worker.impl.ConsumerWorkerImpl -- processingStrategy.process(record) 處理失敗: Processing failed
java.lang.RuntimeException: Processing failed
	at com.charlessun.javaplcadapter.worker.impl.ConsumerWorkerImpl.pollLoop(ConsumerWorkerImpl.java:51)
	at java.base/java.lang.Thread.run(Thread.java:1583)
11:01:06.867 [Thread-1] ERROR com.charlessun.javaplcadapter.worker.impl.ConsumerWorkerImpl -- processingStrategy.process(record) 處理失敗: Processing failed
java.lang.RuntimeException: Processing failed
	at com.charlessun.javaplcadapter.worker.impl.ConsumerWorkerImpl.pollLoop(ConsumerWorkerImpl.java:51)
	at java.base/java.lang.Thread.run(Thread.java:1583)
11:01:06.867 [Thread-1] ERROR com.charlessun.javaplcadapter.worker.impl.ConsumerWorkerImpl -- processingStrategy.process(record) 處理失敗: Processing failed
java.lang.RuntimeException: Processing failed
	at com.charlessun.javaplcadapter.worker.impl.ConsumerWorkerImpl.pollLoop(ConsumerWorkerImpl.java:51)
	at java.base/java.lang.Thread.run(Thread.java:1583)
11:01:06.867 [Thread-1] ERROR com.charlessun.javaplcadapter.worker.impl.ConsumerWorkerImpl -- processingStrategy.process(record) 處理失敗: Processing failed
java.lang.RuntimeException: Processing failed
	at com.charlessun.javaplcadapter.worker.impl.ConsumerWorkerImpl.pollLoop(ConsumerWorkerImpl.java:51)
	at java.base/java.lang.Thread.run(Thread.java:1583)
11:01:06.868 [Thread-1] ERROR com.charlessun.javaplcadapter.worker.impl.ConsumerWorkerImpl -- processingStrategy.process(record) 處理失敗: Processing failed
java.lang.RuntimeException: Processing failed
	at com.charlessun.javaplcadapter.worker.impl.ConsumerWorkerImpl.pollLoop(ConsumerWorkerImpl.java:51)
	at java.base/java.lang.Thread.run(Thread.java:1583)
11:01:06.868 [Thread-1] ERROR com.charlessun.javaplcadapter.worker.impl.ConsumerWorkerImpl -- processingStrategy.process(record) 處理失敗: Processing failed
java.lang.RuntimeException: Processing failed
	at com.charlessun.javaplcadapter.worker.impl.ConsumerWorkerImpl.pollLoop(ConsumerWorkerImpl.java:51)
	at java.base/java.lang.Thread.run(Thread.java:1583)
11:01:06.869 [Thread-1] ERROR com.charlessun.javaplcadapter.worker.impl.ConsumerWorkerImpl -- processingStrategy.process(record) 處理失敗: Processing failed
java.lang.RuntimeException: Processing failed
	at com.charlessun.javaplcadapter.worker.impl.ConsumerWorkerImpl.pollLoop(ConsumerWorkerImpl.java:51)
	at java.base/java.lang.Thread.run(Thread.java:1583)
11:01:06.869 [Thread-1] ERROR com.charlessun.javaplcadapter.worker.impl.ConsumerWorkerImpl -- processingStrategy.process(record) 處理失敗: Processing failed
java.lang.RuntimeException: Processing failed
	at com.charlessun.javaplcadapter.worker.impl.ConsumerWorkerImpl.pollLoop(ConsumerWorkerImpl.java:51)
	at java.base/java.lang.Thread.run(Thread.java:1583)
11:01:06.869 [Thread-1] ERROR com.charlessun.javaplcadapter.worker.impl.ConsumerWorkerImpl -- processingStrategy.process(record) 處理失敗: Processing failed
java.lang.RuntimeException: Processing failed
	at com.charlessun.javaplcadapter.worker.impl.ConsumerWorkerImpl.pollLoop(ConsumerWorkerImpl.java:51)
	at java.base/java.lang.Thread.run(Thread.java:1583)
11:01:06.870 [Thread-1] ERROR com.charlessun.javaplcadapter.worker.impl.ConsumerWorkerImpl -- processingStrategy.process(record) 處理失敗: Processing failed
java.lang.RuntimeException: Processing failed
	at com.charlessun.javaplcadapter.worker.impl.ConsumerWorkerImpl.pollLoop(ConsumerWorkerImpl.java:51)
	at java.base/java.lang.Thread.run(Thread.java:1583)
11:01:06.870 [Thread-1] ERROR com.charlessun.javaplcadapter.worker.impl.ConsumerWorkerImpl -- processingStrategy.process(record) 處理失敗: Processing failed
java.lang.RuntimeException: Processing failed
	at com.charlessun.javaplcadapter.worker.impl.ConsumerWorkerImpl.pollLoop(ConsumerWorkerImpl.java:51)
	at java.base/java.lang.Thread.run(Thread.java:1583)
11:01:06.871 [Thread-1] ERROR com.charlessun.javaplcadapter.worker.impl.ConsumerWorkerImpl -- processingStrategy.process(record) 處理失敗: Processing failed
java.lang.RuntimeException: Processing failed
	at com.charlessun.javaplcadapter.worker.impl.ConsumerWorkerImpl.pollLoop(ConsumerWorkerImpl.java:51)
	at java.base/java.lang.Thread.run(Thread.java:1583)
11:01:06.872 [Thread-1] ERROR com.charlessun.javaplcadapter.worker.impl.ConsumerWorkerImpl -- processingStrategy.process(record) 處理失敗: Processing failed
java.lang.RuntimeException: Processing failed
	at com.charlessun.javaplcadapter.worker.impl.ConsumerWorkerImpl.pollLoop(ConsumerWorkerImpl.java:51)
	at java.base/java.lang.Thread.run(Thread.java:1583)
11:01:06.872 [Thread-1] ERROR com.charlessun.javaplcadapter.worker.impl.ConsumerWorkerImpl -- processingStrategy.process(record) 處理失敗: Processing failed
java.lang.RuntimeException: Processing failed
	at com.charlessun.javaplcadapter.worker.impl.ConsumerWorkerImpl.pollLoop(ConsumerWorkerImpl.java:51)
	at java.base/java.lang.Thread.run(Thread.java:1583)
11:01:06.876 [Thread-1] ERROR com.charlessun.javaplcadapter.worker.impl.ConsumerWorkerImpl -- processingStrategy.process(record) 處理失敗: Processing failed
java.lang.RuntimeException: Processing failed
	at com.charlessun.javaplcadapter.worker.impl.ConsumerWorkerImpl.pollLoop(ConsumerWorkerImpl.java:51)
	at java.base/java.lang.Thread.run(Thread.java:1583)
11:01:06.877 [Thread-1] ERROR com.charlessun.javaplcadapter.worker.impl.ConsumerWorkerImpl -- processingStrategy.process(record) 處理失敗: Processing failed
java.lang.RuntimeException: Processing failed
	at com.charlessun.javaplcadapter.worker.impl.ConsumerWorkerImpl.pollLoop(ConsumerWorkerImpl.java:51)
	at java.base/java.lang.Thread.run(Thread.java:1583)
11:01:06.877 [Thread-1] ERROR com.charlessun.javaplcadapter.worker.impl.ConsumerWorkerImpl -- processingStrategy.process(record) 處理失敗: Processing failed
java.lang.RuntimeException: Processing failed
	at com.charlessun.javaplcadapter.worker.impl.ConsumerWorkerImpl.pollLoop(ConsumerWorkerImpl.java:51)
	at java.base/java.lang.Thread.run(Thread.java:1583)
11:01:06.878 [Thread-1] ERROR com.charlessun.javaplcadapter.worker.impl.ConsumerWorkerImpl -- processingStrategy.process(record) 處理失敗: Processing failed
java.lang.RuntimeException: Processing failed
	at com.charlessun.javaplcadapter.worker.impl.ConsumerWorkerImpl.pollLoop(ConsumerWorkerImpl.java:51)
	at java.base/java.lang.Thread.run(Thread.java:1583)
11:01:06.879 [Thread-1] ERROR com.charlessun.javaplcadapter.worker.impl.ConsumerWorkerImpl -- processingStrategy.process(record) 處理失敗: Processing failed
java.lang.RuntimeException: Processing failed
	at com.charlessun.javaplcadapter.worker.impl.ConsumerWorkerImpl.pollLoop(ConsumerWorkerImpl.java:51)
	at java.base/java.lang.Thread.run(Thread.java:1583)
11:01:06.881 [Thread-1] ERROR com.charlessun.javaplcadapter.worker.impl.ConsumerWorkerImpl -- processingStrategy.process(record) 處理失敗: Processing failed
java.lang.RuntimeException: Processing failed
	at com.charlessun.javaplcadapter.worker.impl.ConsumerWorkerImpl.pollLoop(ConsumerWorkerImpl.java:51)
	at java.base/java.lang.Thread.run(Thread.java:1583)
11:01:06.882 [Thread-1] ERROR com.charlessun.javaplcadapter.worker.impl.ConsumerWorkerImpl -- processingStrategy.process(record) 處理失敗: Processing failed
java.lang.RuntimeException: Processing failed
	at com.charlessun.javaplcadapter.worker.impl.ConsumerWorkerImpl.pollLoop(ConsumerWorkerImpl.java:51)
	at java.base/java.lang.Thread.run(Thread.java:1583)
11:01:06.882 [Thread-1] ERROR com.charlessun.javaplcadapter.worker.impl.ConsumerWorkerImpl -- processingStrategy.process(record) 處理失敗: Processing failed
java.lang.RuntimeException: Processing failed
	at com.charlessun.javaplcadapter.worker.impl.ConsumerWorkerImpl.pollLoop(ConsumerWorkerImpl.java:51)
	at java.base/java.lang.Thread.run(Thread.java:1583)
11:01:06.883 [Thread-1] ERROR com.charlessun.javaplcadapter.worker.impl.ConsumerWorkerImpl -- processingStrategy.process(record) 處理失敗: Processing failed
java.lang.RuntimeException: Processing failed
	at com.charlessun.javaplcadapter.worker.impl.ConsumerWorkerImpl.pollLoop(ConsumerWorkerImpl.java:51)
	at java.base/java.lang.Thread.run(Thread.java:1583)
11:01:06.883 [Thread-1] ERROR com.charlessun.javaplcadapter.worker.impl.ConsumerWorkerImpl -- processingStrategy.process(record) 處理失敗: Processing failed
java.lang.RuntimeException: Processing failed
	at com.charlessun.javaplcadapter.worker.impl.ConsumerWorkerImpl.pollLoop(ConsumerWorkerImpl.java:51)
	at java.base/java.lang.Thread.run(Thread.java:1583)
11:01:06.884 [Thread-1] ERROR com.charlessun.javaplcadapter.worker.impl.ConsumerWorkerImpl -- processingStrategy.process(record) 處理失敗: Processing failed
java.lang.RuntimeException: Processing failed
	at com.charlessun.javaplcadapter.worker.impl.ConsumerWorkerImpl.pollLoop(ConsumerWorkerImpl.java:51)
	at java.base/java.lang.Thread.run(Thread.java:1583)
11:01:06.884 [Thread-1] ERROR com.charlessun.javaplcadapter.worker.impl.ConsumerWorkerImpl -- processingStrategy.process(record) 處理失敗: Processing failed
java.lang.RuntimeException: Processing failed
	at com.charlessun.javaplcadapter.worker.impl.ConsumerWorkerImpl.pollLoop(ConsumerWorkerImpl.java:51)
	at java.base/java.lang.Thread.run(Thread.java:1583)
11:01:06.884 [Thread-1] ERROR com.charlessun.javaplcadapter.worker.impl.ConsumerWorkerImpl -- processingStrategy.process(record) 處理失敗: Processing failed
java.lang.RuntimeException: Processing failed
	at com.charlessun.javaplcadapter.worker.impl.ConsumerWorkerImpl.pollLoop(ConsumerWorkerImpl.java:51)
	at java.base/java.lang.Thread.run(Thread.java:1583)
11:01:06.885 [Thread-1] ERROR com.charlessun.javaplcadapter.worker.impl.ConsumerWorkerImpl -- processingStrategy.process(record) 處理失敗: Processing failed
java.lang.RuntimeException: Processing failed
	at com.charlessun.javaplcadapter.worker.impl.ConsumerWorkerImpl.pollLoop(ConsumerWorkerImpl.java:51)
	at java.base/java.lang.Thread.run(Thread.java:1583)
11:01:06.886 [Thread-1] ERROR com.charlessun.javaplcadapter.worker.impl.ConsumerWorkerImpl -- processingStrategy.process(record) 處理失敗: Processing failed
java.lang.RuntimeException: Processing failed
	at com.charlessun.javaplcadapter.worker.impl.ConsumerWorkerImpl.pollLoop(ConsumerWorkerImpl.java:51)
	at java.base/java.lang.Thread.run(Thread.java:1583)
11:01:06.887 [Thread-1] ERROR com.charlessun.javaplcadapter.worker.impl.ConsumerWorkerImpl -- processingStrategy.process(record) 處理失敗: Processing failed
java.lang.RuntimeException: Processing failed
	at com.charlessun.javaplcadapter.worker.impl.ConsumerWorkerImpl.pollLoop(ConsumerWorkerImpl.java:51)
	at java.base/java.lang.Thread.run(Thread.java:1583)
11:01:06.887 [Thread-1] ERROR com.charlessun.javaplcadapter.worker.impl.ConsumerWorkerImpl -- processingStrategy.process(record) 處理失敗: Processing failed
java.lang.RuntimeException: Processing failed
	at com.charlessun.javaplcadapter.worker.impl.ConsumerWorkerImpl.pollLoop(ConsumerWorkerImpl.java:51)
	at java.base/java.lang.Thread.run(Thread.java:1583)
11:01:06.887 [Thread-1] ERROR com.charlessun.javaplcadapter.worker.impl.ConsumerWorkerImpl -- processingStrategy.process(record) 處理失敗: Processing failed
java.lang.RuntimeException: Processing failed
	at com.charlessun.javaplcadapter.worker.impl.ConsumerWorkerImpl.pollLoop(ConsumerWorkerImpl.java:51)
	at java.base/java.lang.Thread.run(Thread.java:1583)
11:01:06.888 [Thread-1] ERROR com.charlessun.javaplcadapter.worker.impl.ConsumerWorkerImpl -- processingStrategy.process(record) 處理失敗: Processing failed
java.lang.RuntimeException: Processing failed
	at com.charlessun.javaplcadapter.worker.impl.ConsumerWorkerImpl.pollLoop(ConsumerWorkerImpl.java:51)
	at java.base/java.lang.Thread.run(Thread.java:1583)
11:01:06.889 [Thread-1] ERROR com.charlessun.javaplcadapter.worker.impl.ConsumerWorkerImpl -- processingStrategy.process(record) 處理失敗: Processing failed
java.lang.RuntimeException: Processing failed
	at com.charlessun.javaplcadapter.worker.impl.ConsumerWorkerImpl.pollLoop(ConsumerWorkerImpl.java:51)
	at java.base/java.lang.Thread.run(Thread.java:1583)
11:01:06.889 [Thread-1] ERROR com.charlessun.javaplcadapter.worker.impl.ConsumerWorkerImpl -- processingStrategy.process(record) 處理失敗: Processing failed
java.lang.RuntimeException: Processing failed
	at com.charlessun.javaplcadapter.worker.impl.ConsumerWorkerImpl.pollLoop(ConsumerWorkerImpl.java:51)
	at java.base/java.lang.Thread.run(Thread.java:1583)
11:01:06.889 [Thread-1] ERROR com.charlessun.javaplcadapter.worker.impl.ConsumerWorkerImpl -- processingStrategy.process(record) 處理失敗: Processing failed
java.lang.RuntimeException: Processing failed
	at com.charlessun.javaplcadapter.worker.impl.ConsumerWorkerImpl.pollLoop(ConsumerWorkerImpl.java:51)
	at java.base/java.lang.Thread.run(Thread.java:1583)
11:01:06.889 [Thread-1] ERROR com.charlessun.javaplcadapter.worker.impl.ConsumerWorkerImpl -- processingStrategy.process(record) 處理失敗: Processing failed
java.lang.RuntimeException: Processing failed
	at com.charlessun.javaplcadapter.worker.impl.ConsumerWorkerImpl.pollLoop(ConsumerWorkerImpl.java:51)
	at java.base/java.lang.Thread.run(Thread.java:1583)
11:01:06.890 [Thread-1] ERROR com.charlessun.javaplcadapter.worker.impl.ConsumerWorkerImpl -- processingStrategy.process(record) 處理失敗: Processing failed
java.lang.RuntimeException: Processing failed
	at com.charlessun.javaplcadapter.worker.impl.ConsumerWorkerImpl.pollLoop(ConsumerWorkerImpl.java:51)
	at java.base/java.lang.Thread.run(Thread.java:1583)
11:01:06.890 [Thread-1] ERROR com.charlessun.javaplcadapter.worker.impl.ConsumerWorkerImpl -- processingStrategy.process(record) 處理失敗: Processing failed
java.lang.RuntimeException: Processing failed
	at com.charlessun.javaplcadapter.worker.impl.ConsumerWorkerImpl.pollLoop(ConsumerWorkerImpl.java:51)
	at java.base/java.lang.Thread.run(Thread.java:1583)
11:01:06.891 [Thread-1] ERROR com.charlessun.javaplcadapter.worker.impl.ConsumerWorkerImpl -- processingStrategy.process(record) 處理失敗: Processing failed
java.lang.RuntimeException: Processing failed
	at com.charlessun.javaplcadapter.worker.impl.ConsumerWorkerImpl.pollLoop(ConsumerWorkerImpl.java:51)
	at java.base/java.lang.Thread.run(Thread.java:1583)
11:01:06.891 [Thread-1] ERROR com.charlessun.javaplcadapter.worker.impl.ConsumerWorkerImpl -- processingStrategy.process(record) 處理失敗: Processing failed
java.lang.RuntimeException: Processing failed
	at com.charlessun.javaplcadapter.worker.impl.ConsumerWorkerImpl.pollLoop(ConsumerWorkerImpl.java:51)
	at java.base/java.lang.Thread.run(Thread.java:1583)
11:01:06.892 [Thread-1] ERROR com.charlessun.javaplcadapter.worker.impl.ConsumerWorkerImpl -- processingStrategy.process(record) 處理失敗: Processing failed
java.lang.RuntimeException: Processing failed
	at com.charlessun.javaplcadapter.worker.impl.ConsumerWorkerImpl.pollLoop(ConsumerWorkerImpl.java:51)
	at java.base/java.lang.Thread.run(Thread.java:1583)
11:01:06.892 [Thread-1] ERROR com.charlessun.javaplcadapter.worker.impl.ConsumerWorkerImpl -- processingStrategy.process(record) 處理失敗: Processing failed
java.lang.RuntimeException: Processing failed
	at com.charlessun.javaplcadapter.worker.impl.ConsumerWorkerImpl.pollLoop(ConsumerWorkerImpl.java:51)
	at java.base/java.lang.Thread.run(Thread.java:1583)
11:01:06.893 [Thread-1] ERROR com.charlessun.javaplcadapter.worker.impl.ConsumerWorkerImpl -- processingStrategy.process(record) 處理失敗: Processing failed
java.lang.RuntimeException: Processing failed
	at com.charlessun.javaplcadapter.worker.impl.ConsumerWorkerImpl.pollLoop(ConsumerWorkerImpl.java:51)
	at java.base/java.lang.Thread.run(Thread.java:1583)
11:01:06.894 [Thread-1] ERROR com.charlessun.javaplcadapter.worker.impl.ConsumerWorkerImpl -- processingStrategy.process(record) 處理失敗: Processing failed
java.lang.RuntimeException: Processing failed
	at com.charlessun.javaplcadapter.worker.impl.ConsumerWorkerImpl.pollLoop(ConsumerWorkerImpl.java:51)
	at java.base/java.lang.Thread.run(Thread.java:1583)
11:01:06.895 [Thread-1] ERROR com.charlessun.javaplcadapter.worker.impl.ConsumerWorkerImpl -- processingStrategy.process(record) 處理失敗: Processing failed
java.lang.RuntimeException: Processing failed
	at com.charlessun.javaplcadapter.worker.impl.ConsumerWorkerImpl.pollLoop(ConsumerWorkerImpl.java:51)
	at java.base/java.lang.Thread.run(Thread.java:1583)
11:01:06.895 [Thread-1] ERROR com.charlessun.javaplcadapter.worker.impl.ConsumerWorkerImpl -- processingStrategy.process(record) 處理失敗: Processing failed
java.lang.RuntimeException: Processing failed
	at com.charlessun.javaplcadapter.worker.impl.ConsumerWorkerImpl.pollLoop(ConsumerWorkerImpl.java:51)
	at java.base/java.lang.Thread.run(Thread.java:1583)
11:01:06.896 [Thread-1] ERROR com.charlessun.javaplcadapter.worker.impl.ConsumerWorkerImpl -- processingStrategy.process(record) 處理失敗: Processing failed
java.lang.RuntimeException: Processing failed
	at com.charlessun.javaplcadapter.worker.impl.ConsumerWorkerImpl.pollLoop(ConsumerWorkerImpl.java:51)
	at java.base/java.lang.Thread.run(Thread.java:1583)
11:01:06.896 [Thread-1] ERROR com.charlessun.javaplcadapter.worker.impl.ConsumerWorkerImpl -- processingStrategy.process(record) 處理失敗: Processing failed
java.lang.RuntimeException: Processing failed
	at com.charlessun.javaplcadapter.worker.impl.ConsumerWorkerImpl.pollLoop(ConsumerWorkerImpl.java:51)
	at java.base/java.lang.Thread.run(Thread.java:1583)
11:01:06.897 [Thread-1] ERROR com.charlessun.javaplcadapter.worker.impl.ConsumerWorkerImpl -- processingStrategy.process(record) 處理失敗: Processing failed
java.lang.RuntimeException: Processing failed
	at com.charlessun.javaplcadapter.worker.impl.ConsumerWorkerImpl.pollLoop(ConsumerWorkerImpl.java:51)
	at java.base/java.lang.Thread.run(Thread.java:1583)
11:01:06.897 [Thread-1] ERROR com.charlessun.javaplcadapter.worker.impl.ConsumerWorkerImpl -- processingStrategy.process(record) 處理失敗: Processing failed
java.lang.RuntimeException: Processing failed
	at com.charlessun.javaplcadapter.worker.impl.ConsumerWorkerImpl.pollLoop(ConsumerWorkerImpl.java:51)
	at java.base/java.lang.Thread.run(Thread.java:1583)
11:01:06.898 [Thread-1] ERROR com.charlessun.javaplcadapter.worker.impl.ConsumerWorkerImpl -- processingStrategy.process(record) 處理失敗: Processing failed
java.lang.RuntimeException: Processing failed
	at com.charlessun.javaplcadapter.worker.impl.ConsumerWorkerImpl.pollLoop(ConsumerWorkerImpl.java:51)
	at java.base/java.lang.Thread.run(Thread.java:1583)
11:01:06.898 [Thread-1] ERROR com.charlessun.javaplcadapter.worker.impl.ConsumerWorkerImpl -- processingStrategy.process(record) 處理失敗: Processing failed
java.lang.RuntimeException: Processing failed
	at com.charlessun.javaplcadapter.worker.impl.ConsumerWorkerImpl.pollLoop(ConsumerWorkerImpl.java:51)
	at java.base/java.lang.Thread.run(Thread.java:1583)
11:01:06.899 [Thread-1] ERROR com.charlessun.javaplcadapter.worker.impl.ConsumerWorkerImpl -- processingStrategy.process(record) 處理失敗: Processing failed
java.lang.RuntimeException: Processing failed
	at com.charlessun.javaplcadapter.worker.impl.ConsumerWorkerImpl.pollLoop(ConsumerWorkerImpl.java:51)
	at java.base/java.lang.Thread.run(Thread.java:1583)
11:01:06.899 [Thread-1] ERROR com.charlessun.javaplcadapter.worker.impl.ConsumerWorkerImpl -- processingStrategy.process(record) 處理失敗: Processing failed
java.lang.RuntimeException: Processing failed
	at com.charlessun.javaplcadapter.worker.impl.ConsumerWorkerImpl.pollLoop(ConsumerWorkerImpl.java:51)
	at java.base/java.lang.Thread.run(Thread.java:1583)
11:01:06.899 [Thread-1] ERROR com.charlessun.javaplcadapter.worker.impl.ConsumerWorkerImpl -- processingStrategy.process(record) 處理失敗: Processing failed
java.lang.RuntimeException: Processing failed
	at com.charlessun.javaplcadapter.worker.impl.ConsumerWorkerImpl.pollLoop(ConsumerWorkerImpl.java:51)
	at java.base/java.lang.Thread.run(Thread.java:1583)
11:01:06.900 [Thread-1] ERROR com.charlessun.javaplcadapter.worker.impl.ConsumerWorkerImpl -- processingStrategy.process(record) 處理失敗: Processing failed
java.lang.RuntimeException: Processing failed
	at com.charlessun.javaplcadapter.worker.impl.ConsumerWorkerImpl.pollLoop(ConsumerWorkerImpl.java:51)
	at java.base/java.lang.Thread.run(Thread.java:1583)
11:01:06.901 [Thread-1] ERROR com.charlessun.javaplcadapter.worker.impl.ConsumerWorkerImpl -- processingStrategy.process(record) 處理失敗: Processing failed
java.lang.RuntimeException: Processing failed
	at com.charlessun.javaplcadapter.worker.impl.ConsumerWorkerImpl.pollLoop(ConsumerWorkerImpl.java:51)
	at java.base/java.lang.Thread.run(Thread.java:1583)
11:01:06.901 [Thread-1] ERROR com.charlessun.javaplcadapter.worker.impl.ConsumerWorkerImpl -- processingStrategy.process(record) 處理失敗: Processing failed
java.lang.RuntimeException: Processing failed
	at com.charlessun.javaplcadapter.worker.impl.ConsumerWorkerImpl.pollLoop(ConsumerWorkerImpl.java:51)
	at java.base/java.lang.Thread.run(Thread.java:1583)
11:01:06.902 [Thread-1] ERROR com.charlessun.javaplcadapter.worker.impl.ConsumerWorkerImpl -- processingStrategy.process(record) 處理失敗: Processing failed
java.lang.RuntimeException: Processing failed
	at com.charlessun.javaplcadapter.worker.impl.ConsumerWorkerImpl.pollLoop(ConsumerWorkerImpl.java:51)
	at java.base/java.lang.Thread.run(Thread.java:1583)
11:01:06.902 [Thread-1] ERROR com.charlessun.javaplcadapter.worker.impl.ConsumerWorkerImpl -- processingStrategy.process(record) 處理失敗: Processing failed
java.lang.RuntimeException: Processing failed
	at com.charlessun.javaplcadapter.worker.impl.ConsumerWorkerImpl.pollLoop(ConsumerWorkerImpl.java:51)
	at java.base/java.lang.Thread.run(Thread.java:1583)
11:01:06.903 [Thread-1] ERROR com.charlessun.javaplcadapter.worker.impl.ConsumerWorkerImpl -- processingStrategy.process(record) 處理失敗: Processing failed
java.lang.RuntimeException: Processing failed
	at com.charlessun.javaplcadapter.worker.impl.ConsumerWorkerImpl.pollLoop(ConsumerWorkerImpl.java:51)
	at java.base/java.lang.Thread.run(Thread.java:1583)
11:01:06.904 [Thread-1] ERROR com.charlessun.javaplcadapter.worker.impl.ConsumerWorkerImpl -- processingStrategy.process(record) 處理失敗: Processing failed
java.lang.RuntimeException: Processing failed
	at com.charlessun.javaplcadapter.worker.impl.ConsumerWorkerImpl.pollLoop(ConsumerWorkerImpl.java:51)
	at java.base/java.lang.Thread.run(Thread.java:1583)
11:01:06.905 [Thread-1] ERROR com.charlessun.javaplcadapter.worker.impl.ConsumerWorkerImpl -- processingStrategy.process(record) 處理失敗: Processing failed
java.lang.RuntimeException: Processing failed
	at com.charlessun.javaplcadapter.worker.impl.ConsumerWorkerImpl.pollLoop(ConsumerWorkerImpl.java:51)
	at java.base/java.lang.Thread.run(Thread.java:1583)
11:01:06.905 [Thread-1] ERROR com.charlessun.javaplcadapter.worker.impl.ConsumerWorkerImpl -- processingStrategy.process(record) 處理失敗: Processing failed
java.lang.RuntimeException: Processing failed
	at com.charlessun.javaplcadapter.worker.impl.ConsumerWorkerImpl.pollLoop(ConsumerWorkerImpl.java:51)
	at java.base/java.lang.Thread.run(Thread.java:1583)
11:01:06.906 [Thread-1] ERROR com.charlessun.javaplcadapter.worker.impl.ConsumerWorkerImpl -- processingStrategy.process(record) 處理失敗: Processing failed
java.lang.RuntimeException: Processing failed
	at com.charlessun.javaplcadapter.worker.impl.ConsumerWorkerImpl.pollLoop(ConsumerWorkerImpl.java:51)
	at java.base/java.lang.Thread.run(Thread.java:1583)
11:01:06.906 [Thread-1] ERROR com.charlessun.javaplcadapter.worker.impl.ConsumerWorkerImpl -- processingStrategy.process(record) 處理失敗: Processing failed
java.lang.RuntimeException: Processing failed
	at com.charlessun.javaplcadapter.worker.impl.ConsumerWorkerImpl.pollLoop(ConsumerWorkerImpl.java:51)
	at java.base/java.lang.Thread.run(Thread.java:1583)
11:01:06.907 [Thread-1] ERROR com.charlessun.javaplcadapter.worker.impl.ConsumerWorkerImpl -- processingStrategy.process(record) 處理失敗: Processing failed
java.lang.RuntimeException: Processing failed
	at com.charlessun.javaplcadapter.worker.impl.ConsumerWorkerImpl.pollLoop(ConsumerWorkerImpl.java:51)
	at java.base/java.lang.Thread.run(Thread.java:1583)
11:01:06.908 [Thread-1] ERROR com.charlessun.javaplcadapter.worker.impl.ConsumerWorkerImpl -- processingStrategy.process(record) 處理失敗: Processing failed
java.lang.RuntimeException: Processing failed
	at com.charlessun.javaplcadapter.worker.impl.ConsumerWorkerImpl.pollLoop(ConsumerWorkerImpl.java:51)
	at java.base/java.lang.Thread.run(Thread.java:1583)
11:01:06.908 [Thread-1] ERROR com.charlessun.javaplcadapter.worker.impl.ConsumerWorkerImpl -- processingStrategy.process(record) 處理失敗: Processing failed
java.lang.RuntimeException: Processing failed
	at com.charlessun.javaplcadapter.worker.impl.ConsumerWorkerImpl.pollLoop(ConsumerWorkerImpl.java:51)
	at java.base/java.lang.Thread.run(Thread.java:1583)
11:01:06.909 [Thread-1] ERROR com.charlessun.javaplcadapter.worker.impl.ConsumerWorkerImpl -- processingStrategy.process(record) 處理失敗: Processing failed
java.lang.RuntimeException: Processing failed
	at com.charlessun.javaplcadapter.worker.impl.ConsumerWorkerImpl.pollLoop(ConsumerWorkerImpl.java:51)
	at java.base/java.lang.Thread.run(Thread.java:1583)
11:01:06.910 [Thread-1] ERROR com.charlessun.javaplcadapter.worker.impl.ConsumerWorkerImpl -- processingStrategy.process(record) 處理失敗: Processing failed
java.lang.RuntimeException: Processing failed
	at com.charlessun.javaplcadapter.worker.impl.ConsumerWorkerImpl.pollLoop(ConsumerWorkerImpl.java:51)
	at java.base/java.lang.Thread.run(Thread.java:1583)
11:01:06.910 [Thread-1] ERROR com.charlessun.javaplcadapter.worker.impl.ConsumerWorkerImpl -- processingStrategy.process(record) 處理失敗: Processing failed
java.lang.RuntimeException: Processing failed
	at com.charlessun.javaplcadapter.worker.impl.ConsumerWorkerImpl.pollLoop(ConsumerWorkerImpl.java:51)
	at java.base/java.lang.Thread.run(Thread.java:1583)
11:01:06.911 [Thread-1] ERROR com.charlessun.javaplcadapter.worker.impl.ConsumerWorkerImpl -- processingStrategy.process(record) 處理失敗: Processing failed
java.lang.RuntimeException: Processing failed
	at com.charlessun.javaplcadapter.worker.impl.ConsumerWorkerImpl.pollLoop(ConsumerWorkerImpl.java:51)
	at java.base/java.lang.Thread.run(Thread.java:1583)
11:01:06.912 [Thread-1] ERROR com.charlessun.javaplcadapter.worker.impl.ConsumerWorkerImpl -- processingStrategy.process(record) 處理失敗: Processing failed
java.lang.RuntimeException: Processing failed
	at com.charlessun.javaplcadapter.worker.impl.ConsumerWorkerImpl.pollLoop(ConsumerWorkerImpl.java:51)
	at java.base/java.lang.Thread.run(Thread.java:1583)
[...]
java.lang.RuntimeException: Processing failed
	at com.charlessun.javaplcadapter.worker.impl.ConsumerWorkerImpl.pollLoop(ConsumerWorkerImpl.java:51)
	at java.base/java.lang.Thread.run(Thread.java:1583)
11:01:07.303 [Thread-1] ERROR com.charlessun.javaplcadapter.worker.impl.ConsumerWorkerImpl -- processingStrategy.process(record) 處理失敗: Processing failed
java.lang.RuntimeException: Processing failed
	at com.charlessun.javaplcadapter.worker.impl.ConsumerWorkerImpl.pollLoop(ConsumerWorkerImpl.java:51)
	at java.base/java.lang.Thread.run(Thread.java:1583)
11:01:07.303 [Thread-1] ERROR com.charlessun.javaplcadapter.worker.impl.ConsumerWorkerImpl -- processingStrategy.process(record) 處理失敗: Processing failed
java.lang.RuntimeException: Processing failed
	at com.charlessun.javaplcadapter.worker.impl.ConsumerWorkerImpl.pollLoop(ConsumerWorkerImpl.java:51)
	at java.base/java.lang.Thread.run(Thread.java:1583)
11:01:07.303 [Thread-1] ERROR com.charlessun.javaplcadapter.worker.impl.ConsumerWorkerImpl -- processingStrategy.process(record) 處理失敗: Processing failed
java.lang.RuntimeException: Processing failed
	at com.charlessun.javaplcadapter.worker.impl.ConsumerWorkerImpl.pollLoop(ConsumerWorkerImpl.java:51)
	at java.base/java.lang.Thread.run(Thread.java:1583)
11:01:07.303 [Thread-1] ERROR com.charlessun.javaplcadapter.worker.impl.ConsumerWorkerImpl -- processingStrategy.process(record) 處理失敗: Processing failed
java.lang.RuntimeException: Processing failed
	at com.charlessun.javaplcadapter.worker.impl.ConsumerWorkerImpl.pollLoop(ConsumerWorkerImpl.java:51)
	at java.base/java.lang.Thread.run(Thread.java:1583)
11:01:07.304 [Thread-1] ERROR com.charlessun.javaplcadapter.worker.impl.ConsumerWorkerImpl -- processingStrategy.process(record) 處理失敗: Processing failed
java.lang.RuntimeException: Processing failed
	at com.charlessun.javaplcadapter.worker.impl.ConsumerWorkerImpl.pollLoop(ConsumerWorkerImpl.java:51)
	at java.base/java.lang.Thread.run(Thread.java:1583)
11:01:07.304 [Thread-1] ERROR com.charlessun.javaplcadapter.worker.impl.ConsumerWorkerImpl -- processingStrategy.process(record) 處理失敗: Processing failed
java.lang.RuntimeException: Processing failed
	at com.charlessun.javaplcadapter.worker.impl.ConsumerWorkerImpl.pollLoop(ConsumerWorkerImpl.java:51)
	at java.base/java.lang.Thread.run(Thread.java:1583)
11:01:07.304 [Thread-1] ERROR com.charlessun.javaplcadapter.worker.impl.ConsumerWorkerImpl -- processingStrategy.process(record) 處理失敗: Processing failed
java.lang.RuntimeException: Processing failed
	at com.charlessun.javaplcadapter.worker.impl.ConsumerWorkerImpl.pollLoop(ConsumerWorkerImpl.java:51)
	at java.base/java.lang.Thread.run(Thread.java:1583)
11:01:07.304 [Thread-1] ERROR com.charlessun.javaplcadapter.worker.impl.ConsumerWorkerImpl -- processingStrategy.process(record) 處理失敗: Processing failed
java.lang.RuntimeException: Processing failed
	at com.charlessun.javaplcadapter.worker.impl.ConsumerWorkerImpl.pollLoop(ConsumerWorkerImpl.java:51)
	at java.base/java.lang.Thread.run(Thread.java:1583)
11:01:07.305 [Thread-1] ERROR com.charlessun.javaplcadapter.worker.impl.ConsumerWorkerImpl -- processingStrategy.process(record) 處理失敗: Processing failed
java.lang.RuntimeException: Processing failed
	at com.charlessun.javaplcadapter.worker.impl.ConsumerWorkerImpl.pollLoop(ConsumerWorkerImpl.java:51)
	at java.base/java.lang.Thread.run(Thread.java:1583)
11:01:07.305 [Thread-1] ERROR com.charlessun.javaplcadapter.worker.impl.ConsumerWorkerImpl -- processingStrategy.process(record) 處理失敗: Processing failed
java.lang.RuntimeException: Processing failed
	at com.charlessun.javaplcadapter.worker.impl.ConsumerWorkerImpl.pollLoop(ConsumerWorkerImpl.java:51)
	at java.base/java.lang.Thread.run(Thread.java:1583)
11:01:07.305 [Thread-1] ERROR com.charlessun.javaplcadapter.worker.impl.ConsumerWorkerImpl -- processingStrategy.process(record) 處理失敗: Processing failed
java.lang.RuntimeException: Processing failed
	at com.charlessun.javaplcadapter.worker.impl.ConsumerWorkerImpl.pollLoop(ConsumerWorkerImpl.java:51)
	at java.base/java.lang.Thread.run(Thread.java:1583)
11:01:07.305 [Thread-1] ERROR com.charlessun.javaplcadapter.worker.impl.ConsumerWorkerImpl -- processingStrategy.process(record) 處理失敗: Processing failed
java.lang.RuntimeException: Processing failed
	at com.charlessun.javaplcadapter.worker.impl.ConsumerWorkerImpl.pollLoop(ConsumerWorkerImpl.java:51)
	at java.base/java.lang.Thread.run(Thread.java:1583)
11:01:07.305 [Thread-1] ERROR com.charlessun.javaplcadapter.worker.impl.ConsumerWorkerImpl -- processingStrategy.process(record) 處理失敗: Processing failed
java.lang.RuntimeException: Processing failed
	at com.charlessun.javaplcadapter.worker.impl.ConsumerWorkerImpl.pollLoop(ConsumerWorkerImpl.java:51)
	at java.base/java.lang.Thread.run(Thread.java:1583)
11:01:07.305 [Thread-1] ERROR com.charlessun.javaplcadapter.worker.impl.ConsumerWorkerImpl -- processingStrategy.process(record) 處理失敗: Processing failed
java.lang.RuntimeException: Processing failed
	at com.charlessun.javaplcadapter.worker.impl.ConsumerWorkerImpl.pollLoop(ConsumerWorkerImpl.java:51)
	at java.base/java.lang.Thread.run(Thread.java:1583)
11:01:07.306 [Thread-1] ERROR com.charlessun.javaplcadapter.worker.impl.ConsumerWorkerImpl -- processingStrategy.process(record) 處理失敗: Processing failed
java.lang.RuntimeException: Processing failed
	at com.charlessun.javaplcadapter.worker.impl.ConsumerWorkerImpl.pollLoop(ConsumerWorkerImpl.java:51)
	at java.base/java.lang.Thread.run(Thread.java:1583)
11:01:07.306 [Thread-1] ERROR com.charlessun.javaplcadapter.worker.impl.ConsumerWorkerImpl -- processingStrategy.process(record) 處理失敗: Processing failed
java.lang.RuntimeException: Processing failed
	at com.charlessun.javaplcadapter.worker.impl.ConsumerWorkerImpl.pollLoop(ConsumerWorkerImpl.java:51)
	at java.base/java.lang.Thread.run(Thread.java:1583)
11:01:07.306 [Thread-1] ERROR com.charlessun.javaplcadapter.worker.impl.ConsumerWorkerImpl -- processingStrategy.process(record) 處理失敗: Processing failed
java.lang.RuntimeException: Processing failed
	at com.charlessun.javaplcadapter.worker.impl.ConsumerWorkerImpl.pollLoop(ConsumerWorkerImpl.java:51)
	at java.base/java.lang.Thread.run(Thread.java:1583)
11:01:07.306 [Thread-1] ERROR com.charlessun.javaplcadapter.worker.impl.ConsumerWorkerImpl -- processingStrategy.process(record) 處理失敗: Processing failed
java.lang.RuntimeException: Processing failed
	at com.charlessun.javaplcadapter.worker.impl.ConsumerWorkerImpl.pollLoop(ConsumerWorkerImpl.java:51)
	at java.base/java.lang.Thread.run(Thread.java:1583)
11:01:07.306 [Thread-1] ERROR com.charlessun.javaplcadapter.worker.impl.ConsumerWorkerImpl -- processingStrategy.process(record) 處理失敗: Processing failed
java.lang.RuntimeException: Processing failed
	at com.charlessun.javaplcadapter.worker.impl.ConsumerWorkerImpl.pollLoop(ConsumerWorkerImpl.java:51)
	at java.base/java.lang.Thread.run(Thread.java:1583)
11:01:07.306 [Thread-1] ERROR com.charlessun.javaplcadapter.worker.impl.ConsumerWorkerImpl -- processingStrategy.process(record) 處理失敗: Processing failed
java.lang.RuntimeException: Processing failed
	at com.charlessun.javaplcadapter.worker.impl.ConsumerWorkerImpl.pollLoop(ConsumerWorkerImpl.java:51)
	at java.base/java.lang.Thread.run(Thread.java:1583)
11:01:07.307 [Thread-1] ERROR com.charlessun.javaplcadapter.worker.impl.ConsumerWorkerImpl -- processingStrategy.process(record) 處理失敗: Processing failed
java.lang.RuntimeException: Processing failed
	at com.charlessun.javaplcadapter.worker.impl.ConsumerWorkerImpl.pollLoop(ConsumerWorkerImpl.java:51)
	at java.base/java.lang.Thread.run(Thread.java:1583)
11:01:07.307 [Thread-1] ERROR com.charlessun.javaplcadapter.worker.impl.ConsumerWorkerImpl -- processingStrategy.process(record) 處理失敗: Processing failed
java.lang.RuntimeException: Processing failed
	at com.charlessun.javaplcadapter.worker.impl.ConsumerWorkerImpl.pollLoop(ConsumerWorkerImpl.java:51)
	at java.base/java.lang.Thread.run(Thread.java:1583)
11:01:07.307 [Thread-1] ERROR com.charlessun.javaplcadapter.worker.impl.ConsumerWorkerImpl -- processingStrategy.process(record) 處理失敗: Processing failed
java.lang.RuntimeException: Processing failed
	at com.charlessun.javaplcadapter.worker.impl.ConsumerWorkerImpl.pollLoop(ConsumerWorkerImpl.java:51)
	at java.base/java.lang.Thread.run(Thread.java:1583)
11:01:07.307 [Thread-1] ERROR com.charlessun.javaplcadapter.worker.impl.ConsumerWorkerImpl -- processingStrategy.process(record) 處理失敗: Processing failed
java.lang.RuntimeException: Processing failed
	at com.charlessun.javaplcadapter.worker.impl.ConsumerWorkerImpl.pollLoop(ConsumerWorkerImpl.java:51)
	at java.base/java.lang.Thread.run(Thread.java:1583)
11:01:07.307 [Thread-1] ERROR com.charlessun.javaplcadapter.worker.impl.ConsumerWorkerImpl -- processingStrategy.process(record) 處理失敗: Processing failed
java.lang.RuntimeException: Processing failed
	at com.charlessun.javaplcadapter.worker.impl.ConsumerWorkerImpl.pollLoop(ConsumerWorkerImpl.java:51)
	at java.base/java.lang.Thread.run(Thread.java:1583)
11:01:07.307 [Thread-1] ERROR com.charlessun.javaplcadapter.worker.impl.ConsumerWorkerImpl -- processingStrategy.process(record) 處理失敗: Processing failed
java.lang.RuntimeException: Processing failed
	at com.charlessun.javaplcadapter.worker.impl.ConsumerWorkerImpl.pollLoop(ConsumerWorkerImpl.java:51)
	at java.base/java.lang.Thread.run(Thread.java:1583)
11:01:07.307 [Thread-1] ERROR com.charlessun.javaplcadapter.worker.impl.ConsumerWorkerImpl -- processingStrategy.process(record) 處理失敗: Processing failed
java.lang.RuntimeException: Processing failed
	at com.charlessun.javaplcadapter.worker.impl.ConsumerWorkerImpl.pollLoop(ConsumerWorkerImpl.java:51)
	at java.base/java.lang.Thread.run(Thread.java:1583)
11:01:07.307 [Thread-1] ERROR com.charlessun.javaplcadapter.worker.impl.ConsumerWorkerImpl -- processingStrategy.process(record) 處理失敗: Processing failed
java.lang.RuntimeException: Processing failed
	at com.charlessun.javaplcadapter.worker.impl.ConsumerWorkerImpl.pollLoop(ConsumerWorkerImpl.java:51)
	at java.base/java.lang.Thread.run(Thread.java:1583)
11:01:07.307 [Thread-1] ERROR com.charlessun.javaplcadapter.worker.impl.ConsumerWorkerImpl -- processingStrategy.process(record) 處理失敗: Processing failed
java.lang.RuntimeException: Processing failed
	at com.charlessun.javaplcadapter.worker.impl.ConsumerWorkerImpl.pollLoop(ConsumerWorkerImpl.java:51)
	at java.base/java.lang.Thread.run(Thread.java:1583)
11:01:07.308 [Thread-1] ERROR com.charlessun.javaplcadapter.worker.impl.ConsumerWorkerImpl -- processingStrategy.process(record) 處理失敗: Processing failed
java.lang.RuntimeException: Processing failed
	at com.charlessun.javaplcadapter.worker.impl.ConsumerWorkerImpl.pollLoop(ConsumerWorkerImpl.java:51)
	at java.base/java.lang.Thread.run(Thread.java:1583)
11:01:07.308 [Thread-1] ERROR com.charlessun.javaplcadapter.worker.impl.ConsumerWorkerImpl -- processingStrategy.process(record) 處理失敗: Processing failed
java.lang.RuntimeException: Processing failed
	at com.charlessun.javaplcadapter.worker.impl.ConsumerWorkerImpl.pollLoop(ConsumerWorkerImpl.java:51)
	at java.base/java.lang.Thread.run(Thread.java:1583)
11:01:07.308 [Thread-1] ERROR com.charlessun.javaplcadapter.worker.impl.ConsumerWorkerImpl -- processingStrategy.process(record) 處理失敗: Processing failed
java.lang.RuntimeException: Processing failed
	at com.charlessun.javaplcadapter.worker.impl.ConsumerWorkerImpl.pollLoop(ConsumerWorkerImpl.java:51)
	at java.base/java.lang.Thread.run(Thread.java:1583)
11:01:07.308 [Thread-1] ERROR com.charlessun.javaplcadapter.worker.impl.ConsumerWorkerImpl -- processingStrategy.process(record) 處理失敗: Processing failed
java.lang.RuntimeException: Processing failed
	at com.charlessun.javaplcadapter.worker.impl.ConsumerWorkerImpl.pollLoop(ConsumerWorkerImpl.java:51)
	at java.base/java.lang.Thread.run(Thread.java:1583)
11:01:07.308 [Thread-1] ERROR com.charlessun.javaplcadapter.worker.impl.ConsumerWorkerImpl -- processingStrategy.process(record) 處理失敗: Processing failed
java.lang.RuntimeException: Processing failed
	at com.charlessun.javaplcadapter.worker.impl.ConsumerWorkerImpl.pollLoop(ConsumerWorkerImpl.java:51)
	at java.base/java.lang.Thread.run(Thread.java:1583)
11:01:07.308 [Thread-1] ERROR com.charlessun.javaplcadapter.worker.impl.ConsumerWorkerImpl -- processingStrategy.process(record) 處理失敗: Processing failed
java.lang.RuntimeException: Processing failed
	at com.charlessun.javaplcadapter.worker.impl.ConsumerWorkerImpl.pollLoop(ConsumerWorkerImpl.java:51)
	at java.base/java.lang.Thread.run(Thread.java:1583)
11:01:07.308 [Thread-1] ERROR com.charlessun.javaplcadapter.worker.impl.ConsumerWorkerImpl -- processingStrategy.process(record) 處理失敗: Processing failed
java.lang.RuntimeException: Processing failed
	at com.charlessun.javaplcadapter.worker.impl.ConsumerWorkerImpl.pollLoop(ConsumerWorkerImpl.java:51)
	at java.base/java.lang.Thread.run(Thread.java:1583)
11:01:07.308 [Thread-1] ERROR com.charlessun.javaplcadapter.worker.impl.ConsumerWorkerImpl -- processingStrategy.process(record) 處理失敗: Processing failed
java.lang.RuntimeException: Processing failed
	at com.charlessun.javaplcadapter.worker.impl.ConsumerWorkerImpl.pollLoop(ConsumerWorkerImpl.java:51)
	at java.base/java.lang.Thread.run(Thread.java:1583)
11:01:07.308 [Thread-1] ERROR com.charlessun.javaplcadapter.worker.impl.ConsumerWorkerImpl -- processingStrategy.process(record) 處理失敗: Processing failed
java.lang.RuntimeException: Processing failed
	at com.charlessun.javaplcadapter.worker.impl.ConsumerWorkerImpl.pollLoop(ConsumerWorkerImpl.java:51)
	at java.base/java.lang.Thread.run(Thread.java:1583)
11:01:07.309 [Thread-1] ERROR com.charlessun.javaplcadapter.worker.impl.ConsumerWorkerImpl -- processingStrategy.process(record) 處理失敗: Processing failed
java.lang.RuntimeException: Processing failed
	at com.charlessun.javaplcadapter.worker.impl.ConsumerWorkerImpl.pollLoop(ConsumerWorkerImpl.java:51)
	at java.base/java.lang.Thread.run(Thread.java:1583)
11:01:07.309 [Thread-1] ERROR com.charlessun.javaplcadapter.worker.impl.ConsumerWorkerImpl -- processingStrategy.process(record) 處理失敗: Processing failed
java.lang.RuntimeException: Processing failed
	at com.charlessun.javaplcadapter.worker.impl.ConsumerWorkerImpl.pollLoop(ConsumerWorkerImpl.java:51)
	at java.base/java.lang.Thread.run(Thread.java:1583)
11:01:07.309 [Thread-1] ERROR com.charlessun.javaplcadapter.worker.impl.ConsumerWorkerImpl -- processingStrategy.process(record) 處理失敗: Processing failed
java.lang.RuntimeException: Processing failed
	at com.charlessun.javaplcadapter.worker.impl.ConsumerWorkerImpl.pollLoop(ConsumerWorkerImpl.java:51)
	at java.base/java.lang.Thread.run(Thread.java:1583)
11:01:07.309 [Thread-1] ERROR com.charlessun.javaplcadapter.worker.impl.ConsumerWorkerImpl -- processingStrategy.process(record) 處理失敗: Processing failed
java.lang.RuntimeException: Processing failed
	at com.charlessun.javaplcadapter.worker.impl.ConsumerWorkerImpl.pollLoop(ConsumerWorkerImpl.java:51)
	at java.base/java.lang.Thread.run(Thread.java:1583)
11:01:07.309 [Thread-1] ERROR com.charlessun.javaplcadapter.worker.impl.ConsumerWorkerImpl -- processingStrategy.process(record) 處理失敗: Processing failed
java.lang.RuntimeException: Processing failed
	at com.charlessun.javaplcadapter.worker.impl.ConsumerWorkerImpl.pollLoop(ConsumerWorkerImpl.java:51)
	at java.base/java.lang.Thread.run(Thread.java:1583)
11:01:07.309 [Thread-1] ERROR com.charlessun.javaplcadapter.worker.impl.ConsumerWorkerImpl -- processingStrategy.process(record) 處理失敗: Processing failed
java.lang.RuntimeException: Processing failed
	at com.charlessun.javaplcadapter.worker.impl.ConsumerWorkerImpl.pollLoop(ConsumerWorkerImpl.java:51)
	at java.base/java.lang.Thread.run(Thread.java:1583)
11:01:07.309 [Thread-1] ERROR com.charlessun.javaplcadapter.worker.impl.ConsumerWorkerImpl -- processingStrategy.process(record) 處理失敗: Processing failed
java.lang.RuntimeException: Processing failed
	at com.charlessun.javaplcadapter.worker.impl.ConsumerWorkerImpl.pollLoop(ConsumerWorkerImpl.java:51)
	at java.base/java.lang.Thread.run(Thread.java:1583)
11:01:07.309 [Thread-1] ERROR com.charlessun.javaplcadapter.worker.impl.ConsumerWorkerImpl -- processingStrategy.process(record) 處理失敗: Processing failed
java.lang.RuntimeException: Processing failed
	at com.charlessun.javaplcadapter.worker.impl.ConsumerWorkerImpl.pollLoop(ConsumerWorkerImpl.java:51)
	at java.base/java.lang.Thread.run(Thread.java:1583)
11:01:07.309 [Thread-1] ERROR com.charlessun.javaplcadapter.worker.impl.ConsumerWorkerImpl -- processingStrategy.process(record) 處理失敗: Processing failed
java.lang.RuntimeException: Processing failed
	at com.charlessun.javaplcadapter.worker.impl.ConsumerWorkerImpl.pollLoop(ConsumerWorkerImpl.java:51)
	at java.base/java.lang.Thread.run(Thread.java:1583)
11:01:07.310 [Thread-1] ERROR com.charlessun.javaplcadapter.worker.impl.ConsumerWorkerImpl -- processingStrategy.process(record) 處理失敗: Processing failed
java.lang.RuntimeException: Processing failed
	at com.charlessun.javaplcadapter.worker.impl.ConsumerWorkerImpl.pollLoop(ConsumerWorkerImpl.java:51)
	at java.base/java.lang.Thread.run(Thread.java:1583)
11:01:07.310 [Thread-1] ERROR com.charlessun.javaplcadapter.worker.impl.ConsumerWorkerImpl -- processingStrategy.process(record) 處理失敗: Processing failed
java.lang.RuntimeException: Processing failed
	at com.charlessun.javaplcadapter.worker.impl.ConsumerWorkerImpl.pollLoop(ConsumerWorkerImpl.java:51)
	at java.base/java.lang.Thread.run(Thread.java:1583)
11:01:07.310 [Thread-1] ERROR com.charlessun.javaplcadapter.worker.impl.ConsumerWorkerImpl -- processingStrategy.process(record) 處理失敗: Processing failed
java.lang.RuntimeException: Processing failed
	at com.charlessun.javaplcadapter.worker.impl.ConsumerWorkerImpl.pollLoop(ConsumerWorkerImpl.java:51)
	at java.base/java.lang.Thread.run(Thread.java:1583)
11:01:07.310 [Thread-1] ERROR com.charlessun.javaplcadapter.worker.impl.ConsumerWorkerImpl -- processingStrategy.process(record) 處理失敗: Processing failed
java.lang.RuntimeException: Processing failed
	at com.charlessun.javaplcadapter.worker.impl.ConsumerWorkerImpl.pollLoop(ConsumerWorkerImpl.java:51)
	at java.base/java.lang.Thread.run(Thread.java:1583)
11:01:07.310 [Thread-1] ERROR com.charlessun.javaplcadapter.worker.impl.ConsumerWorkerImpl -- processingStrategy.process(record) 處理失敗: Processing failed
java.lang.RuntimeException: Processing failed
	at com.charlessun.javaplcadapter.worker.impl.ConsumerWorkerImpl.pollLoop(ConsumerWorkerImpl.java:51)
	at java.base/java.lang.Thread.run(Thread.java:1583)
11:01:07.310 [Thread-1] ERROR com.charlessun.javaplcadapter.worker.impl.ConsumerWorkerImpl -- processingStrategy.process(record) 處理失敗: Processing failed
java.lang.RuntimeException: Processing failed
	at com.charlessun.javaplcadapter.worker.impl.ConsumerWorkerImpl.pollLoop(ConsumerWorkerImpl.java:51)
	at java.base/java.lang.Thread.run(Thread.java:1583)
11:01:07.310 [Thread-1] ERROR com.charlessun.javaplcadapter.worker.impl.ConsumerWorkerImpl -- processingStrategy.process(record) 處理失敗: Processing failed
java.lang.RuntimeException: Processing failed
	at com.charlessun.javaplcadapter.worker.impl.ConsumerWorkerImpl.pollLoop(ConsumerWorkerImpl.java:51)
	at java.base/java.lang.Thread.run(Thread.java:1583)
11:01:07.311 [Thread-1] ERROR com.charlessun.javaplcadapter.worker.impl.ConsumerWorkerImpl -- processingStrategy.process(record) 處理失敗: Processing failed
java.lang.RuntimeException: Processing failed
	at com.charlessun.javaplcadapter.worker.impl.ConsumerWorkerImpl.pollLoop(ConsumerWorkerImpl.java:51)
	at java.base/java.lang.Thread.run(Thread.java:1583)
]]></system-out>
  </testcase>
  <testcase name="testWorkerPollsAndProcessesRecords" classname="com.charlessun.javaplcadapter.worker.ConsumerWorkerTest" time="0.562"/>
</testsuite>