<?xml version="1.0" encoding="UTF-8"?>
<testsuite xmlns:xsi="http://www.w3.org/2001/XMLSchema-instance" xsi:noNamespaceSchemaLocation="https://maven.apache.org/surefire/maven-surefire-plugin/xsd/surefire-test-report-3.0.xsd" version="3.0" name="com.charlessun.javaplcadapter.worker.ConsumerWorkerTest" time="1.2" tests="2" errors="0" skipped="0" failures="0">
  <properties>
[...]
</properties>
  <testcase name="testWorkerHandlesProcessingExceptionGracefully" classname="com.charlessun.javaplcadapter.worker.ConsumerWorkerTest" time="0.618">
    <system-out><![CDATA[11:47:51.653 [Thread-4] ERROR com.charlessun.javaplcadapter.worker.impl.ConsumerWorkerImpl -- processingStrategy.process(record) 處理失敗: Processing failed
java.lang.RuntimeException: Processing failed
	at com.charlessun.javaplcadapter.worker.impl.ConsumerWorkerImpl.pollLoop(ConsumerWorkerImpl.java:53)
	at java.base/java.lang.Thread.run(Thread.java:1583)
11:47:51.658 [Thread-4] ERROR com.charlessun.javaplcadapter.worker.impl.ConsumerWorkerImpl -- processingStrategy.process(record) 處理失敗: Processing failed
java.lang.RuntimeException: Processing failed
	at com.charlessun.javaplcadapter.worker.impl.ConsumerWorkerImpl.pollLoop(ConsumerWorkerImpl.java:53)
	at java.base/java.lang.Thread.run(Thread.java:1583)
11:47:51.659 [Thread-4] ERROR com.charlessun.javaplcadapter.worker.impl.ConsumerWorkerImpl -- processingStrategy.process(record) 處理失敗: Processing failed
java.lang.RuntimeException: Processing failed
	at com.charlessun.javaplcadapter.worker.impl.ConsumerWorkerImpl.pollLoop(ConsumerWorkerImpl.java:53)
	at java.base/java.lang.Thread.run(Thread.java:1583)
11:47:51.659 [Thread-4] ERROR com.charlessun.javaplcadapter.worker.impl.ConsumerWorkerImpl -- processingStrategy.process(record) 處理失敗: Processing failed
java.lang.RuntimeException: Processing failed
	at com.charlessun.javaplcadapter.worker.impl.ConsumerWorkerImpl.pollLoop(ConsumerWorkerImpl.java:53)
	at java.base/java.lang.Thread.run(Thread.java:1583)
11:47:51.660 [Thread-4] ERROR com.charlessun.javaplcadapter.worker.impl.ConsumerWorkerImpl -- processingStrategy.process(record) 處理失敗: Processing failed
java.lang.RuntimeException: Processing failed
	at com.charlessun.javaplcadapter.worker.impl.ConsumerWorkerImpl.pollLoop(ConsumerWorkerImpl.java:53)
	at java.base/java.lang.Thread.run(Thread.java:1583)
11:47:51.660 [Thread-4] ERROR com.charlessun.javaplcadapter.worker.impl.ConsumerWorkerImpl -- processingStrategy.process(record) 處理失敗: Processing failed
java.lang.RuntimeException: Processing failed
	at com.charlessun.javaplcadapter.worker.impl.ConsumerWorkerImpl.pollLoop(ConsumerWorkerImpl.java:53)
	at java.base/java.lang.Thread.run(Thread.java:1583)
11:47:51.661 [Thread-4] ERROR com.charlessun.javaplcadapter.worker.impl.ConsumerWorkerImpl -- processingStrategy.process(record) 處理失敗: Processing failed
java.lang.RuntimeException: Processing failed
	at com.charlessun.javaplcadapter.worker.impl.ConsumerWorkerImpl.pollLoop(ConsumerWorkerImpl.java:53)
	at java.base/java.lang.Thread.run(Thread.java:1583)
11:47:51.662 [Thread-4] ERROR com.charlessun.javaplcadapter.worker.impl.ConsumerWorkerImpl -- processingStrategy.process(record) 處理失敗: Processing failed
java.lang.RuntimeException: Processing failed
	at com.charlessun.javaplcadapter.worker.impl.ConsumerWorkerImpl.pollLoop(ConsumerWorkerImpl.java:53)
	at java.base/java.lang.Thread.run(Thread.java:1583)
11:47:51.662 [Thread-4] ERROR com.charlessun.javaplcadapter.worker.impl.ConsumerWorkerImpl -- processingStrategy.process(record) 處理失敗: Processing failed
java.lang.RuntimeException: Processing failed
	at com.charlessun.javaplcadapter.worker.impl.ConsumerWorkerImpl.pollLoop(ConsumerWorkerImpl.java:53)
	at java.base/java.lang.Thread.run(Thread.java:1583)
11:47:51.663 [Thread-4] ERROR com.charlessun.javaplcadapter.worker.impl.ConsumerWorkerImpl -- processingStrategy.process(record) 處理失敗: Processing failed
java.lang.RuntimeException: Processing failed
	at com.charlessun.javaplcadapter.worker.impl.ConsumerWorkerImpl.pollLoop(ConsumerWorkerImpl.java:53)
	at java.base/java.lang.Thread.run(Thread.java:1583)
11:47:51.664 [Thread-4] ERROR com.charlessun.javaplcadapter.worker.impl.ConsumerWorkerImpl -- processingStrategy.process(record) 處理失敗: Processing failed
java.lang.RuntimeException: Processing failed
	at com.charlessun.javaplcadapter.worker.impl.ConsumerWorkerImpl.pollLoop(ConsumerWorkerImpl.java:53)
	at java.base/java.lang.Thread.run(Thread.java:1583)
11:47:51.664 [Thread-4] ERROR com.charlessun.javaplcadapter.worker.impl.ConsumerWorkerImpl -- processingStrategy.process(record) 處理失敗: Processing failed
java.lang.RuntimeException: Processing failed
	at com.charlessun.javaplcadapter.worker.impl.ConsumerWorkerImpl.pollLoop(ConsumerWorkerImpl.java:53)
	at java.base/java.lang.Thread.run(Thread.java:1583)
11:47:51.665 [Thread-4] ERROR com.charlessun.javaplcadapter.worker.impl.ConsumerWorkerImpl -- processingStrategy.process(record) 處理失敗: Processing failed
java.lang.RuntimeException: Processing failed
	at com.charlessun.javaplcadapter.worker.impl.ConsumerWorkerImpl.pollLoop(ConsumerWorkerImpl.java:53)
	at java.base/java.lang.Thread.run(Thread.java:1583)
11:47:51.665 [Thread-4] ERROR com.charlessun.javaplcadapter.worker.impl.ConsumerWorkerImpl -- processingStrategy.process(record) 處理失敗: Processing failed
java.lang.RuntimeException: Processing failed
	at com.charlessun.javaplcadapter.worker.impl.ConsumerWorkerImpl.pollLoop(ConsumerWorkerImpl.java:53)
	at java.base/java.lang.Thread.run(Thread.java:1583)
11:47:51.666 [Thread-4] ERROR com.charlessun.javaplcadapter.worker.impl.ConsumerWorkerImpl -- processingStrategy.process(record) 處理失敗: Processing failed
java.lang.RuntimeException: Processing failed
	at com.charlessun.javaplcadapter.worker.impl.ConsumerWorkerImpl.pollLoop(ConsumerWorkerImpl.java:53)
	at java.base/java.lang.Thread.run(Thread.java:1583)
11:47:51.666 [Thread-4] ERROR com.charlessun.javaplcadapter.worker.impl.ConsumerWorkerImpl -- processingStrategy.process(record) 處理失敗: Processing failed
java.lang.RuntimeException: Processing failed
	at com.charlessun.javaplcadapter.worker.impl.ConsumerWorkerImpl.pollLoop(ConsumerWorkerImpl.java:53)
	at java.base/java.lang.Thread.run(Thread.java:1583)
11:47:51.667 [Thread-4] ERROR com.charlessun.javaplcadapter.worker.impl.ConsumerWorkerImpl -- processingStrategy.process(record) 處理失敗: Processing failed
java.lang.RuntimeException: Processing failed
	at com.charlessun.javaplcadapter.worker.impl.ConsumerWorkerImpl.pollLoop(ConsumerWorkerImpl.java:53)
	at java.base/java.lang.Thread.run(Thread.java:1583)
11:47:51.667 [Thread-4] ERROR com.charlessun.javaplcadapter.worker.impl.ConsumerWorkerImpl -- processingStrategy.process(record) 處理失敗: Processing failed
java.lang.RuntimeException: Processing failed
	at com.charlessun.javaplcadapter.worker.impl.ConsumerWorkerImpl.pollLoop(ConsumerWorkerImpl.java:53)
	at java.base/java.lang.Thread.run(Thread.java:1583)
11:47:51.667 [Thread-4] ERROR com.charlessun.javaplcadapter.worker.impl.ConsumerWorkerImpl -- processingStrategy.process(record) 處理失敗: Processing failed
java.lang.RuntimeException: Processing failed
	at com.charlessun.javaplcadapter.worker.impl.ConsumerWorkerImpl.pollLoop(ConsumerWorkerImpl.java:53)
	at java.base/java.lang.Thread.run(Thread.java:1583)
11:47:51.668 [Thread-4] ERROR com.charlessun.javaplcadapter.worker.impl.ConsumerWorkerImpl -- processingStrategy.process(record) 處理失敗: Processing failed
java.lang.RuntimeException: Processing failed
	at com.charlessun.javaplcadapter.worker.impl.ConsumerWorkerImpl.pollLoop(ConsumerWorkerImpl.java:53)
	at java.base/java.lang.Thread.run(Thread.java:1583)
11:47:51.668 [Thread-4] ERROR com.charlessun.javaplcadapter.worker.impl.ConsumerWorkerImpl -- processingStrategy.process(record) 處理失敗: Processing failed
java.lang.RuntimeException: Processing failed
	at com.charlessun.javaplcadapter.worker.impl.ConsumerWorkerImpl.pollLoop(ConsumerWorkerImpl.java:53)
	at java.base/java.lang.Thread.run(Thread.java:1583)
11:47:51.668 [Thread-4] ERROR com.charlessun.javaplcadapter.worker.impl.ConsumerWorkerImpl -- processingStrategy.process(record) 處理失敗: Processing failed
java.lang.RuntimeException: Processing failed
	at com.charlessun.javaplcadapter.worker.impl.ConsumerWorkerImpl.pollLoop(ConsumerWorkerImpl.java:53)
	at java.base/java.lang.Thread.run(Thread.java:1583)
11:47:51.669 [Thread-4] ERROR com.charlessun.javaplcadapter.worker.impl.ConsumerWorkerImpl -- processingStrategy.process(record) 處理失敗: Processing failed
java.lang.RuntimeException: Processing failed
	at com.charlessun.javaplcadapter.worker.impl.ConsumerWorkerImpl.pollLoop(ConsumerWorkerImpl.java:53)
	at java.base/java.lang.Thread.run(Thread.java:1583)
11:47:51.669 [Thread-4] ERROR com.charlessun.javaplcadapter.worker.impl.ConsumerWorkerImpl -- processingStrategy.process(record) 處理失敗: Processing failed
java.lang.RuntimeException: Processing failed
	at com.charlessun.javaplcadapter.worker.impl.ConsumerWorkerImpl.pollLoop(ConsumerWorkerImpl.java:53)
	at java.base/java.lang.Thread.run(Thread.java:1583)
11:47:51.670 [Thread-4] ERROR com.charlessun.javaplcadapter.worker.impl.ConsumerWorkerImpl -- processingStrategy.process(record) 處理失敗: Processing failed
java.lang.RuntimeException: Processing failed
	at com.charlessun.javaplcadapter.worker.impl.ConsumerWorkerImpl.pollLoop(ConsumerWorkerImpl.java:53)
	at java.base/java.lang.Thread.run(Thread.java:1583)
11:47:51.670 [Thread-4] ERROR com.charlessun.javaplcadapter.worker.impl.ConsumerWorkerImpl -- processingStrategy.process(record) 處理失敗: Processing failed
java.lang.RuntimeException: Processing failed
	at com.charlessun.javaplcadapter.worker.impl.ConsumerWorkerImpl.pollLoop(ConsumerWorkerImpl.java:53)
	at java.base/java.lang.Thread.run(Thread.java:1583)
11:47:51.670 [Thread-4] ERROR com.charlessun.javaplcadapter.worker.impl.ConsumerWorkerImpl -- processingStrategy.process(record) 處理失敗: Processing failed
java.lang.RuntimeException: Processing failed
	at com.charlessun.javaplcadapter.worker.impl.ConsumerWorkerImpl.pollLoop(ConsumerWorkerImpl.java:53)
	at java.base/java.lang.Thread.run(Thread.java:1583)
11:47:51.671 [Thread-4] ERROR com.charlessun.javaplcadapter.worker.impl.ConsumerWorkerImpl -- processingStrategy.process(record) 處理失敗: Processing failed
java.lang.RuntimeException: Processing failed
	at com.charlessun.javaplcadapter.worker.impl.ConsumerWorkerImpl.pollLoop(ConsumerWorkerImpl.java:53)
	at java.base/java.lang.Thread.run(Thread.java:1583)
11:47:51.671 [Thread-4] ERROR com.charlessun.javaplcadapter.worker.impl.ConsumerWorkerImpl -- processingStrategy.process(record) 處理失敗: Processing failed
java.lang.RuntimeException: Processing failed
	at com.charlessun.javaplcadapter.worker.impl.ConsumerWorkerImpl.pollLoop(ConsumerWorkerImpl.java:53)
	at java.base/java.lang.Thread.run(Thread.java:1583)
11:47:51.672 [Thread-4] ERROR com.charlessun.javaplcadapter.worker.impl.ConsumerWorkerImpl -- processingStrategy.process(record) 處理失敗: Processing failed
java.lang.RuntimeException: Processing failed
	at com.charlessun.javaplcadapter.worker.impl.ConsumerWorkerImpl.pollLoop(ConsumerWorkerImpl.java:53)
	at java.base/java.lang.Thread.run(Thread.java:1583)
11:47:51.672 [Thread-4] ERROR com.charlessun.javaplcadapter.worker.impl.ConsumerWorkerImpl -- processingStrategy.process(record) 處理失敗: Processing failed
java.lang.RuntimeException: Processing failed
	at com.charlessun.javaplcadapter.worker.impl.ConsumerWorkerImpl.pollLoop(ConsumerWorkerImpl.java:53)
	at java.base/java.lang.Thread.run(Thread.java:1583)
11:47:51.672 [Thread-4] ERROR com.charlessun.javaplcadapter.worker.impl.ConsumerWorkerImpl -- processingStrategy.process(record) 處理失敗: Processing failed
java.lang.RuntimeException: Processing failed
	at com.charlessun.javaplcadapter.worker.impl.ConsumerWorkerImpl.pollLoop(ConsumerWorkerImpl.java:53)
	at java.base/java.lang.Thread.run(Thread.java:1583)
11:47:51.673 [Thread-4] ERROR com.charlessun.javaplcadapter.worker.impl.ConsumerWorkerImpl -- processingStrategy.process(record) 處理失敗: Processing failed
java.lang.RuntimeException: Processing failed
	at com.charlessun.javaplcadapter.worker.impl.ConsumerWorkerImpl.pollLoop(ConsumerWorkerImpl.java:53)
	at java.base/java.lang.Thread.run(Thread.java:1583)
11:47:51.673 [Thread-4] ERROR com.charlessun.javaplcadapter.worker.impl.ConsumerWorkerImpl -- processingStrategy.process(record) 處理失敗: Processing failed
java.lang.RuntimeException: Processing failed
	at com.charlessun.javaplcadapter.worker.impl.ConsumerWorkerImpl.pollLoop(ConsumerWorkerImpl.java:53)
	at java.base/java.lang.Thread.run(Thread.java:1583)
11:47:51.673 [Thread-4] ERROR com.charlessun.javaplcadapter.worker.impl.ConsumerWorkerImpl -- processingStrategy.process(record) 處理失敗: Processing failed
java.lang.RuntimeException: Processing failed
	at com.charlessun.javaplcadapter.worker.impl.ConsumerWorkerImpl.pollLoop(ConsumerWorkerImpl.java:53)
	at java.base/java.lang.Thread.run(Thread.java:1583)
11:47:51.674 [Thread-4] ERROR com.charlessun.javaplcadapter.worker.impl.ConsumerWorkerImpl -- processingStrategy.process(record) 處理失敗: Processing failed
java.lang.RuntimeException: Processing failed
	at com.charlessun.javaplcadapter.worker.impl.ConsumerWorkerImpl.pollLoop(ConsumerWorkerImpl.java:53)
	at java.base/java.lang.Thread.run(Thread.java:1583)
11:47:51.674 [Thread-4] ERROR com.charlessun.javaplcadapter.worker.impl.ConsumerWorkerImpl -- processingStrategy.process(record) 處理失敗: Processing failed
java.lang.RuntimeException: Processing failed
	at com.charlessun.javaplcadapter.worker.impl.ConsumerWorkerImpl.pollLoop(ConsumerWorkerImpl.java:53)
	at java.base/java.lang.Thread.run(Thread.java:1583)
11:47:51.675 [Thread-4] ERROR com.charlessun.javaplcadapter.worker.impl.ConsumerWorkerImpl -- processingStrategy.process(record) 處理失敗: Processing failed
java.lang.RuntimeException: Processing failed
	at com.charlessun.javaplcadapter.worker.impl.ConsumerWorkerImpl.pollLoop(ConsumerWorkerImpl.java:53)
	at java.base/java.lang.Thread.run(Thread.java:1583)
11:47:51.675 [Thread-4] ERROR com.charlessun.javaplcadapter.worker.impl.ConsumerWorkerImpl -- processingStrategy.process(record) 處理失敗: Processing failed
java.lang.RuntimeException: Processing failed
	at com.charlessun.javaplcadapter.worker.impl.ConsumerWorkerImpl.pollLoop(ConsumerWorkerImpl.java:53)
	at java.base/java.lang.Thread.run(Thread.java:1583)
11:47:51.675 [Thread-4] ERROR com.charlessun.javaplcadapter.worker.impl.ConsumerWorkerImpl -- processingStrategy.process(record) 處理失敗: Processing failed
java.lang.RuntimeException: Processing failed
	at com.charlessun.javaplcadapter.worker.impl.ConsumerWorkerImpl.pollLoop(ConsumerWorkerImpl.java:53)
	at java.base/java.lang.Thread.run(Thread.java:1583)
11:47:51.675 [Thread-4] ERROR com.charlessun.javaplcadapter.worker.impl.ConsumerWorkerImpl -- processingStrategy.process(record) 處理失敗: Processing failed
java.lang.RuntimeException: Processing failed
	at com.charlessun.javaplcadapter.worker.impl.ConsumerWorkerImpl.pollLoop(ConsumerWorkerImpl.java:53)
	at java.base/java.lang.Thread.run(Thread.java:1583)
11:47:51.676 [Thread-4] ERROR com.charlessun.javaplcadapter.worker.impl.ConsumerWorkerImpl -- processingStrategy.process(record) 處理失敗: Processing failed
java.lang.RuntimeException: Processing failed
	at com.charlessun.javaplcadapter.worker.impl.ConsumerWorkerImpl.pollLoop(ConsumerWorkerImpl.java:53)
	at java.base/java.lang.Thread.run(Thread.java:1583)
11:47:51.676 [Thread-4] ERROR com.charlessun.javaplcadapter.worker.impl.ConsumerWorkerImpl -- processingStrategy.process(record) 處理失敗: Processing failed
java.lang.RuntimeException: Processing failed
	at com.charlessun.javaplcadapter.worker.impl.ConsumerWorkerImpl.pollLoop(ConsumerWorkerImpl.java:53)
	at java.base/java.lang.Thread.run(Thread.java:1583)
11:47:51.677 [Thread-4] ERROR com.charlessun.javaplcadapter.worker.impl.ConsumerWorkerImpl -- processingStrategy.process(record) 處理失敗: Processing failed
java.lang.RuntimeException: Processing failed
	at com.charlessun.javaplcadapter.worker.impl.ConsumerWorkerImpl.pollLoop(ConsumerWorkerImpl.java:53)
	at java.base/java.lang.Thread.run(Thread.java:1583)
11:47:51.677 [Thread-4] ERROR com.charlessun.javaplcadapter.worker.impl.ConsumerWorkerImpl -- processingStrategy.process(record) 處理失敗: Processing failed
java.lang.RuntimeException: Processing failed
	at com.charlessun.javaplcadapter.worker.impl.ConsumerWorkerImpl.pollLoop(ConsumerWorkerImpl.java:53)
	at java.base/java.lang.Thread.run(Thread.java:1583)
11:47:51.677 [Thread-4] ERROR com.charlessun.javaplcadapter.worker.impl.ConsumerWorkerImpl -- processingStrategy.process(record) 處理失敗: Processing failed
java.lang.RuntimeException: Processing failed
	at com.charlessun.javaplcadapter.worker.impl.ConsumerWorkerImpl.pollLoop(ConsumerWorkerImpl.java:53)
	at java.base/java.lang.Thread.run(Thread.java:1583)
11:47:51.677 [Thread-4] ERROR com.charlessun.javaplcadapter.worker.impl.ConsumerWorkerImpl -- processingStrategy.process(record) 處理失敗: Processing failed
java.lang.RuntimeException: Processing failed
	at com.charlessun.javaplcadapter.worker.impl.ConsumerWorkerImpl.pollLoop(ConsumerWorkerImpl.java:53)
	at java.base/java.lang.Thread.run(Thread.java:1583)
11:47:51.678 [Thread-4] ERROR com.charlessun.javaplcadapter.worker.impl.ConsumerWorkerImpl -- processingStrategy.process(record) 處理失敗: Processing failed
java.lang.RuntimeException: Processing failed
	at com.charlessun.javaplcadapter.worker.impl.ConsumerWorkerImpl.pollLoop(ConsumerWorkerImpl.java:53)
	at java.base/java.lang.Thread.run(Thread.java:1583)
11:47:51.678 [Thread-4] ERROR com.charlessun.javaplcadapter.worker.impl.ConsumerWorkerImpl -- processingStrategy.process(record) 處理失敗: Processing failed
java.lang.RuntimeException: Processing failed
	at com.charlessun.javaplcadapter.worker.impl.ConsumerWorkerImpl.pollLoop(ConsumerWorkerImpl.java:53)
	at java.base/java.lang.Thread.run(Thread.java:1583)
11:47:51.678 [Thread-4] ERROR com.charlessun.javaplcadapter.worker.impl.ConsumerWorkerImpl -- processingStrategy.process(record) 處理失敗: Processing failed
java.lang.RuntimeException: Processing failed
	at com.charlessun.javaplcadapter.worker.impl.ConsumerWorkerImpl.pollLoop(ConsumerWorkerImpl.java:53)
	at java.base/java.lang.Thread.run(Thread.java:1583)
11:47:51.679 [Thread-4] ERROR com.charlessun.javaplcadapter.worker.impl.ConsumerWorkerImpl -- processingStrategy.process(record) 處理失敗: Processing failed
java.lang.RuntimeException: Processing failed
	at com.charlessun.javaplcadapter.worker.impl.ConsumerWorkerImpl.pollLoop(ConsumerWorkerImpl.java:53)
	at java.base/java.lang.Thread.run(Thread.java:1583)
11:47:51.679 [Thread-4] ERROR com.charlessun.javaplcadapter.worker.impl.ConsumerWorkerImpl -- processingStrategy.process(record) 處理失敗: Processing failed
java.lang.RuntimeException: Processing failed
	at com.charlessun.javaplcadapter.worker.impl.ConsumerWorkerImpl.pollLoop(ConsumerWorkerImpl.java:53)
	at java.base/java.lang.Thread.run(Thread.java:1583)
11:47:51.679 [Thread-4] ERROR com.charlessun.javaplcadapter.worker.impl.ConsumerWorkerImpl -- processingStrategy.process(record) 處理失敗: Processing failed
java.lang.RuntimeException: Processing failed
	at com.charlessun.javaplcadapter.worker.impl.ConsumerWorkerImpl.pollLoop(ConsumerWorkerImpl.java:53)
	at java.base/java.lang.Thread.run(Thread.java:1583)
11:47:51.679 [Thread-4] ERROR com.charlessun.javaplcadapter.worker.impl.ConsumerWorkerImpl -- processingStrategy.process(record) 處理失敗: Processing failed
java.lang.RuntimeException: Processing failed
	at com.charlessun.javaplcadapter.worker.impl.ConsumerWorkerImpl.pollLoop(ConsumerWorkerImpl.java:53)
	at java.base/java.lang.Thread.run(Thread.java:1583)
11:47:51.679 [Thread-4] ERROR com.charlessun.javaplcadapter.worker.impl.ConsumerWorkerImpl -- processingStrategy.process(record) 處理失敗: Processing failed
java.lang.RuntimeException: Processing failed
	at com.charlessun.javaplcadapter.worker.impl.ConsumerWorkerImpl.pollLoop(ConsumerWorkerImpl.java:53)
	at java.base/java.lang.Thread.run(Thread.java:1583)
11:47:51.679 [Thread-4] ERROR com.charlessun.javaplcadapter.worker.impl.ConsumerWorkerImpl -- processingStrategy.process(record) 處理失敗: Processing failed
java.lang.RuntimeException: Processing failed
	at com.charlessun.javaplcadapter.worker.impl.ConsumerWorkerImpl.pollLoop(ConsumerWorkerImpl.java:53)
	at java.base/java.lang.Thread.run(Thread.java:1583)
11:47:51.680 [Thread-4] ERROR com.charlessun.javaplcadapter.worker.impl.ConsumerWorkerImpl -- processingStrategy.process(record) 處理失敗: Processing failed
java.lang.RuntimeException: Processing failed
	at com.charlessun.javaplcadapter.worker.impl.ConsumerWorkerImpl.pollLoop(ConsumerWorkerImpl.java:53)
	at java.base/java.lang.Thread.run(Thread.java:1583)
11:47:51.680 [Thread-4] ERROR com.charlessun.javaplcadapter.worker.impl.ConsumerWorkerImpl -- processingStrategy.process(record) 處理失敗: Processing failed
java.lang.RuntimeException: Processing failed
	at com.charlessun.javaplcadapter.worker.impl.ConsumerWorkerImpl.pollLoop(ConsumerWorkerImpl.java:53)
	at java.base/java.lang.Thread.run(Thread.java:1583)
11:47:51.680 [Thread-4] ERROR com.charlessun.javaplcadapter.worker.impl.ConsumerWorkerImpl -- processingStrategy.process(record) 處理失敗: Processing failed
java.lang.RuntimeException: Processing failed
	at com.charlessun.javaplcadapter.worker.impl.ConsumerWorkerImpl.pollLoop(ConsumerWorkerImpl.java:53)
	at java.base/java.lang.Thread.run(Thread.java:1583)
11:47:51.680 [Thread-4] ERROR com.charlessun.javaplcadapter.worker.impl.ConsumerWorkerImpl -- processingStrategy.process(record) 處理失敗: Processing failed
java.lang.RuntimeException: Processing failed
	at com.charlessun.javaplcadapter.worker.impl.ConsumerWorkerImpl.pollLoop(ConsumerWorkerImpl.java:53)
	at java.base/java.lang.Thread.run(Thread.java:1583)
11:47:51.681 [Thread-4] ERROR com.charlessun.javaplcadapter.worker.impl.ConsumerWorkerImpl -- processingStrategy.process(record) 處理失敗: Processing failed
java.lang.RuntimeException: Processing failed
	at com.charlessun.javaplcadapter.worker.impl.ConsumerWorkerImpl.pollLoop(ConsumerWorkerImpl.java:53)
	at java.base/java.lang.Thread.run(Thread.java:1583)
11:47:51.681 [Thread-4] ERROR com.charlessun.javaplcadapter.worker.impl.ConsumerWorkerImpl -- processingStrategy.process(record) 處理失敗: Processing failed
java.lang.RuntimeException: Processing failed
	at com.charlessun.javaplcadapter.worker.impl.ConsumerWorkerImpl.pollLoop(ConsumerWorkerImpl.java:53)
	at java.base/java.lang.Thread.run(Thread.java:1583)
11:47:51.682 [Thread-4] ERROR com.charlessun.javaplcadapter.worker.impl.ConsumerWorkerImpl -- processingStrategy.process(record) 處理失敗: Processing failed
java.lang.RuntimeException: Processing failed
	at com.charlessun.javaplcadapter.worker.impl.ConsumerWorkerImpl.pollLoop(ConsumerWorkerImpl.java:53)
	at java.base/java.lang.Thread.run(Thread.java:1583)
11:47:51.682 [Thread-4] ERROR com.charlessun.javaplcadapter.worker.impl.ConsumerWorkerImpl -- processingStrategy.process(record) 處理失敗: Processing failed
java.lang.RuntimeException: Processing failed
	at com.charlessun.javaplcadapter.worker.impl.ConsumerWorkerImpl.pollLoop(ConsumerWorkerImpl.java:53)
	at java.base/java.lang.Thread.run(Thread.java:1583)
11:47:51.683 [Thread-4] ERROR com.charlessun.javaplcadapter.worker.impl.ConsumerWorkerImpl -- processingStrategy.process(record) 處理失敗: Processing failed
java.lang.RuntimeException: Processing failed
	at com.charlessun.javaplcadapter.worker.impl.ConsumerWorkerImpl.pollLoop(ConsumerWorkerImpl.java:53)
	at java.base/java.lang.Thread.run(Thread.java:1583)
11:47:51.683 [Thread-4] ERROR com.charlessun.javaplcadapter.worker.impl.ConsumerWorkerImpl -- processingStrategy.process(record) 處理失敗: Processing failed
java.lang.RuntimeException: Processing failed
	at com.charlessun.javaplcadapter.worker.impl.ConsumerWorkerImpl.pollLoop(ConsumerWorkerImpl.java:53)
	at java.base/java.lang.Thread.run(Thread.java:1583)
11:47:51.683 [Thread-4] ERROR com.charlessun.javaplcadapter.worker.impl.ConsumerWorkerImpl -- processingStrategy.process(record) 處理失敗: Processing failed
java.lang.RuntimeException: Processing failed
	at com.charlessun.javaplcadapter.worker.impl.ConsumerWorkerImpl.pollLoop(ConsumerWorkerImpl.java:53)
	at java.base/java.lang.Thread.run(Thread.java:1583)
11:47:51.683 [Thread-4] ERROR com.charlessun.javaplcadapter.worker.impl.ConsumerWorkerImpl -- processingStrategy.process(record) 處理失敗: Processing failed
java.lang.RuntimeException: Processing failed
	at com.charlessun.javaplcadapter.worker.impl.ConsumerWorkerImpl.pollLoop(ConsumerWorkerImpl.java:53)
	at java.base/java.lang.Thread.run(Thread.java:1583)
11:47:51.684 [Thread-4] ERROR com.charlessun.javaplcadapter.worker.impl.ConsumerWorkerImpl -- processingStrategy.process(record) 處理失敗: Processing failed
java.lang.RuntimeException: Processing failed
	at com.charlessun.javaplcadapter.worker.impl.ConsumerWorkerImpl.pollLoop(ConsumerWorkerImpl.java:53)
	at java.base/java.lang.Thread.run(Thread.java:1583)
11:47:51.684 [Thread-4] ERROR com.charlessun.javaplcadapter.worker.impl.ConsumerWorkerImpl -- processingStrategy.process(record) 處理失敗: Processing failed
java.lang.RuntimeException: Processing failed
	at com.charlessun.javaplcadapter.worker.impl.ConsumerWorkerImpl.pollLoop(ConsumerWorkerImpl.java:53)
	at java.base/java.lang.Thread.run(Thread.java:1583)
11:47:51.684 [Thread-4] ERROR com.charlessun.javaplcadapter.worker.impl.ConsumerWorkerImpl -- processingStrategy.process(record) 處理失敗: Processing failed
java.lang.RuntimeException: Processing failed
	at com.charlessun.javaplcadapter.worker.impl.ConsumerWorkerImpl.pollLoop(ConsumerWorkerImpl.java:53)
	at java.base/java.lang.Thread.run(Thread.java:1583)
11:47:51.684 [Thread-4] ERROR com.charlessun.javaplcadapter.worker.impl.ConsumerWorkerImpl -- processingStrategy.process(record) 處理失敗: Processing failed
java.lang.RuntimeException: Processing failed
	at com.charlessun.javaplcadapter.worker.impl.ConsumerWorkerImpl.pollLoop(ConsumerWorkerImpl.java:53)
	at java.base/java.lang.Thread.run(Thread.java:1583)
11:47:51.685 [Thread-4] ERROR com.charlessun.javaplcadapter.worker.impl.ConsumerWorkerImpl -- processingStrategy.process(record) 處理失敗: Processing failed
java.lang.RuntimeException: Processing failed
	at com.charlessun.javaplcadapter.worker.impl.ConsumerWorkerImpl.pollLoop(ConsumerWorkerImpl.java:53)
	at java.base/java.lang.Thread.run(Thread.java:1583)
11:47:51.685 [Thread-4] ERROR com.charlessun.javaplcadapter.worker.impl.ConsumerWorkerImpl -- processingStrategy.process(record) 處理失敗: Processing failed
java.lang.RuntimeException: Processing failed
	at com.charlessun.javaplcadapter.worker.impl.ConsumerWorkerImpl.pollLoop(ConsumerWorkerImpl.java:53)
	at java.base/java.lang.Thread.run(Thread.java:1583)
11:47:51.685 [Thread-4] ERROR com.charlessun.javaplcadapter.worker.impl.ConsumerWorkerImpl -- processingStrategy.process(record) 處理失敗: Processing failed
java.lang.RuntimeException: Processing failed
	at com.charlessun.javaplcadapter.worker.impl.ConsumerWorkerImpl.pollLoop(ConsumerWorkerImpl.java:53)
	at java.base/java.lang.Thread.run(Thread.java:1583)
11:47:51.685 [Thread-4] ERROR com.charlessun.javaplcadapter.worker.impl.ConsumerWorkerImpl -- processingStrategy.process(record) 處理失敗: Processing failed
java.lang.RuntimeException: Processing failed
	at com.charlessun.javaplcadapter.worker.impl.ConsumerWorkerImpl.pollLoop(ConsumerWorkerImpl.java:53)
	at java.base/java.lang.Thread.run(Thread.java:1583)
11:47:51.686 [Thread-4] ERROR com.charlessun.javaplcadapter.worker.impl.ConsumerWorkerImpl -- processingStrategy.process(record) 處理失敗: Processing failed
java.lang.RuntimeException: Processing failed
	at com.charlessun.javaplcadapter.worker.impl.ConsumerWorkerImpl.pollLoop(ConsumerWorkerImpl.java:53)
	at java.base/java.lang.Thread.run(Thread.java:1583)
11:47:51.686 [Thread-4] ERROR com.charlessun.javaplcadapter.worker.impl.ConsumerWorkerImpl -- processingStrategy.process(record) 處理失敗: Processing failed
java.lang.RuntimeException: Processing failed
	at com.charlessun.javaplcadapter.worker.impl.ConsumerWorkerImpl.pollLoop(ConsumerWorkerImpl.java:53)
	at java.base/java.lang.Thread.run(Thread.java:1583)
11:47:51.686 [Thread-4] ERROR com.charlessun.javaplcadapter.worker.impl.ConsumerWorkerImpl -- processingStrategy.process(record) 處理失敗: Processing failed
java.lang.RuntimeException: Processing failed
	at com.charlessun.javaplcadapter.worker.impl.ConsumerWorkerImpl.pollLoop(ConsumerWorkerImpl.java:53)
	at java.base/java.lang.Thread.run(Thread.java:1583)
11:47:51.686 [Thread-4] ERROR com.charlessun.javaplcadapter.worker.impl.ConsumerWorkerImpl -- processingStrategy.process(record) 處理失敗: Processing failed
java.lang.RuntimeException: Processing failed
	at com.charlessun.javaplcadapter.worker.impl.ConsumerWorkerImpl.pollLoop(ConsumerWorkerImpl.java:53)
	at java.base/java.lang.Thread.run(Thread.java:1583)
11:47:51.687 [Thread-4] ERROR com.charlessun.javaplcadapter.worker.impl.ConsumerWorkerImpl -- processingStrategy.process(record) 處理失敗: Processing failed
java.lang.RuntimeException: Processing failed
	at com.charlessun.javaplcadapter.worker.impl.ConsumerWorkerImpl.pollLoop(ConsumerWorkerImpl.java:53)
	at java.base/java.lang.Thread.run(Thread.java:1583)
11:47:51.687 [Thread-4] ERROR com.charlessun.javaplcadapter.worker.impl.ConsumerWorkerImpl -- processingStrategy.process(record) 處理失敗: Processing failed
java.lang.RuntimeException: Processing failed
	at com.charlessun.javaplcadapter.worker.impl.ConsumerWorkerImpl.pollLoop(ConsumerWorkerImpl.java:53)
	at java.base/java.lang.Thread.run(Thread.java:1583)
11:47:51.687 [Thread-4] ERROR com.charlessun.javaplcadapter.worker.impl.ConsumerWorkerImpl -- processingStrategy.process(record) 處理失敗: Processing failed
java.lang.RuntimeException: Processing failed
	at com.charlessun.javaplcadapter.worker.impl.ConsumerWorkerImpl.pollLoop(ConsumerWorkerImpl.java:53)
	at java.base/java.lang.Thread.run(Thread.java:1583)
11:47:51.687 [Thread-4] ERROR com.charlessun.javaplcadapter.worker.impl.ConsumerWorkerImpl -- processingStrategy.process(record) 處理失敗: Processing failed
java.lang.RuntimeException: Processing failed
	at com.charlessun.javaplcadapter.worker.impl.ConsumerWorkerImpl.pollLoop(ConsumerWorkerImpl.java:53)
	at java.base/java.lang.Thread.run(Thread.java:1583)
11:47:51.688 [Thread-4] ERROR com.charlessun.javaplcadapter.worker.impl.ConsumerWorkerImpl -- processingStrategy.process(record) 處理失敗: Processing failed
java.lang.RuntimeException: Processing failed
	at com.charlessun.javaplcadapter.worker.impl.ConsumerWorkerImpl.pollLoop(ConsumerWorkerImpl.java:53)
	at java.base/java.lang.Thread.run(Thread.java:1583)
11:47:51.688 [Thread-4] ERROR com.charlessun.javaplcadapter.worker.impl.ConsumerWorkerImpl -- processingStrategy.process(record) 處理失敗: Processing failed
java.lang.RuntimeException: Processing failed
	at com.charlessun.javaplcadapter.worker.impl.ConsumerWorkerImpl.pollLoop(ConsumerWorkerImpl.java:53)
	at java.base/java.lang.Thread.run(Thread.java:1583)
11:47:51.688 [Thread-4] ERROR com.charlessun.javaplcadapter.worker.impl.ConsumerWorkerImpl -- processingStrategy.process(record) 處理失敗: Processing failed
java.lang.RuntimeException: Processing failed
	at com.charlessun.javaplcadapter.worker.impl.ConsumerWorkerImpl.pollLoop(ConsumerWorkerImpl.java:53)
	at java.base/java.lang.Thread.run(Thread.java:1583)
11:47:51.688 [Thread-4] ERROR com.charlessun.javaplcadapter.worker.impl.ConsumerWorkerImpl -- processingStrategy.process(record) 處理失敗: Processing failed
java.lang.RuntimeException: Processing failed
	at com.charlessun.javaplcadapter.worker.impl.ConsumerWorkerImpl.pollLoop(ConsumerWorkerImpl.java:53)
	at java.base/java.lang.Thread.run(Thread.java:1583)
11:47:51.689 [Thread-4] ERROR com.charlessun.javaplcadapter.worker.impl.ConsumerWorkerImpl -- processingStrategy.process(record) 處理失敗: Processing failed
java.lang.RuntimeException: Processing failed
	at com.charlessun.javaplcadapter.worker.impl.ConsumerWorkerImpl.pollLoop(ConsumerWorkerImpl.java:53)
	at java.base/java.lang.Thread.run(Thread.java:1583)
11:47:51.689 [Thread-4] ERROR com.charlessun.javaplcadapter.worker.impl.ConsumerWorkerImpl -- processingStrategy.process(record) 處理失敗: Processing failed
java.lang.RuntimeException: Processing failed
	at com.charlessun.javaplcadapter.worker.impl.ConsumerWorkerImpl.pollLoop(ConsumerWorkerImpl.java:53)
	at java.base/java.lang.Thread.run(Thread.java:1583)
11:47:51.689 [Thread-4] ERROR com.charlessun.javaplcadapter.worker.impl.ConsumerWorkerImpl -- processingStrategy.process(record) 處理失敗: Processing failed
java.lang.RuntimeException: Processing failed
	at com.charlessun.javaplcadapter.worker.impl.ConsumerWorkerImpl.pollLoop(ConsumerWorkerImpl.java:53)
	at java.base/java.lang.Thread.run(Thread.java:1583)
11:47:51.690 [Thread-4] ERROR com.charlessun.javaplcadapter.worker.impl.ConsumerWorkerImpl -- processingStrategy.process(record) 處理失敗: Processing failed
java.lang.RuntimeException: Processing failed
	at com.charlessun.javaplcadapter.worker.impl.ConsumerWorkerImpl.pollLoop(ConsumerWorkerImpl.java:53)
	at java.base/java.lang.Thread.run(Thread.java:1583)
11:47:51.690 [Thread-4] ERROR com.charlessun.javaplcadapter.worker.impl.ConsumerWorkerImpl -- processingStrategy.process(record) 處理失敗: Processing failed
java.lang.RuntimeException: Processing failed
	at com.charlessun.javaplcadapter.worker.impl.ConsumerWorkerImpl.pollLoop(ConsumerWorkerImpl.java:53)
	at java.base/java.lang.Thread.run(Thread.java:1583)
11:47:51.690 [Thread-4] ERROR com.charlessun.javaplcadapter.worker.impl.ConsumerWorkerImpl -- processingStrategy.process(record) 處理失敗: Processing failed
java.lang.RuntimeException: Processing failed
	at com.charlessun.javaplcadapter.worker.impl.ConsumerWorkerImpl.pollLoop(ConsumerWorkerImpl.java:53)
	at java.base/java.lang.Thread.run(Thread.java:1583)
11:47:51.690 [Thread-4] ERROR com.charlessun.javaplcadapter.worker.impl.ConsumerWorkerImpl -- processingStrategy.process(record) 處理失敗: Processing failed
java.lang.RuntimeException: Processing failed
	at com.charlessun.javaplcadapter.worker.impl.ConsumerWorkerImpl.pollLoop(ConsumerWorkerImpl.java:53)
	at java.base/java.lang.Thread.run(Thread.java:1583)
11:47:51.691 [Thread-4] ERROR com.charlessun.javaplcadapter.worker.impl.ConsumerWorkerImpl -- processingStrategy.process(record) 處理失敗: Processing failed
java.lang.RuntimeException: Processing failed
	at com.charlessun.javaplcadapter.worker.impl.ConsumerWorkerImpl.pollLoop(ConsumerWorkerImpl.java:53)
	at java.base/java.lang.Thread.run(Thread.java:1583)
11:47:51.691 [Thread-4] ERROR com.charlessun.javaplcadapter.worker.impl.ConsumerWorkerImpl -- processingStrategy.process(record) 處理失敗: Processing failed
java.lang.RuntimeException: Processing failed
	at com.charlessun.javaplcadapter.worker.impl.ConsumerWorkerImpl.pollLoop(ConsumerWorkerImpl.java:53)
	at java.base/java.lang.Thread.run(Thread.java:1583)
11:47:51.691 [Thread-4] ERROR com.charlessun.javaplcadapter.worker.impl.ConsumerWorkerImpl -- processingStrategy.process(record) 處理失敗: Processing failed
java.lang.RuntimeException: Processing failed
	at com.charlessun.javaplcadapter.worker.impl.ConsumerWorkerImpl.pollLoop(ConsumerWorkerImpl.java:53)
	at java.base/java.lang.Thread.run(Thread.java:1583)
11:47:51.692 [Thread-4] ERROR com.charlessun.javaplcadapter.worker.impl.ConsumerWorkerImpl -- processingStrategy.process(record) 處理失敗: Processing failed
java.lang.RuntimeException: Processing failed
	at com.charlessun.javaplcadapter.worker.impl.ConsumerWorkerImpl.pollLoop(ConsumerWorkerImpl.java:53)
	at java.base/java.lang.Thread.run(Thread.java:1583)
11:47:51.692 [Thread-4] ERROR com.charlessun.javaplcadapter.worker.impl.ConsumerWorkerImpl -- processingStrategy.process(record) 處理失敗: Processing failed
java.lang.RuntimeException: Processing failed
	at com.charlessun.javaplcadapter.worker.impl.ConsumerWorkerImpl.pollLoop(ConsumerWorkerImpl.java:53)
	at java.base/java.lang.Thread.run(Thread.java:1583)
11:47:51.692 [Thread-4] ERROR com.charlessun.javaplcadapter.worker.impl.ConsumerWorkerImpl -- processingStrategy.process(record) 處理失敗: Processing failed
java.lang.RuntimeException: Processing failed
	at com.charlessun.javaplcadapter.worker.impl.ConsumerWorkerImpl.pollLoop(ConsumerWorkerImpl.java:53)
	at java.base/java.lang.Thread.run(Thread.java:1583)
11:47:51.692 [Thread-4] ERROR com.charlessun.javaplcadapter.worker.impl.ConsumerWorkerImpl -- processingStrategy.process(record) 處理失敗: Processing failed
java.lang.RuntimeException: Processing failed
	at com.charlessun.javaplcadapter.worker.impl.ConsumerWorkerImpl.pollLoop(ConsumerWorkerImpl.java:53)
	at java.base/java.lang.Thread.run(Thread.java:1583)
11:47:51.693 [Thread-4] ERROR com.charlessun.javaplcadapter.worker.impl.ConsumerWorkerImpl -- processingStrategy.process(record) 處理失敗: Processing failed
java.lang.RuntimeException: Processing failed
	at com.charlessun.javaplcadapter.worker.impl.ConsumerWorkerImpl.pollLoop(ConsumerWorkerImpl.java:53)
	at java.base/java.lang.Thread.run(Thread.java:1583)
11:47:51.693 [Thread-4] ERROR com.charlessun.javaplcadapter.worker.impl.ConsumerWorkerImpl -- processingStrategy.process(record) 處理失敗: Processing failed
java.lang.RuntimeException: Processing failed
	at com.charlessun.javaplcadapter.worker.impl.ConsumerWorkerImpl.pollLoop(ConsumerWorkerImpl.java:53)
	at java.base/java.lang.Thread.run(Thread.java:1583)
11:47:51.693 [Thread-4] ERROR com.charlessun.javaplcadapter.worker.impl.ConsumerWorkerImpl -- processingStrategy.process(record) 處理失敗: Processing failed
java.lang.RuntimeException: Processing failed
	at com.charlessun.javaplcadapter.worker.impl.ConsumerWorkerImpl.pollLoop(ConsumerWorkerImpl.java:53)
	at java.base/java.lang.Thread.run(Thread.java:1583)
11:47:51.693 [Thread-4] ERROR com.charlessun.javaplcadapter.worker.impl.ConsumerWorkerImpl -- processingStrategy.process(record) 處理失敗: Processing failed
java.lang.RuntimeException: Processing failed
	at com.charlessun.javaplcadapter.worker.impl.ConsumerWorkerImpl.pollLoop(ConsumerWorkerImpl.java:53)
	at java.base/java.lang.Thread.run(Thread.java:1583)
11:47:51.694 [Thread-4] ERROR com.charlessun.javaplcadapter.worker.impl.ConsumerWorkerImpl -- processingStrategy.process(record) 處理失敗: Processing failed
java.lang.RuntimeException: Processing failed
	at com.charlessun.javaplcadapter.worker.impl.ConsumerWorkerImpl.pollLoop(ConsumerWorkerImpl.java:53)
	at java.base/java.lang.Thread.run(Thread.java:1583)
11:47:51.694 [Thread-4] ERROR com.charlessun.javaplcadapter.worker.impl.ConsumerWorkerImpl -- processingStrategy.process(record) 處理失敗: Processing failed
java.lang.RuntimeException: Processing failed
	at com.charlessun.javaplcadapter.worker.impl.ConsumerWorkerImpl.pollLoop(ConsumerWorkerImpl.java:53)
	at java.base/java.lang.Thread.run(Thread.java:1583)
11:47:51.695 [Thread-4] ERROR com.charlessun.javaplcadapter.worker.impl.ConsumerWorkerImpl -- processingStrategy.process(record) 處理失敗: Processing failed
java.lang.RuntimeException: Processing failed
	at com.charlessun.javaplcadapter.worker.impl.ConsumerWorkerImpl.pollLoop(ConsumerWorkerImpl.java:53)
	at java.base/java.lang.Thread.run(Thread.java:1583)
11:47:51.695 [Thread-4] ERROR com.charlessun.javaplcadapter.worker.impl.ConsumerWorkerImpl -- processingStrategy.process(record) 處理失敗: Processing failed
java.lang.RuntimeException: Processing failed
	at com.charlessun.javaplcadapter.worker.impl.ConsumerWorkerImpl.pollLoop(ConsumerWorkerImpl.java:53)
	at java.base/java.lang.Thread.run(Thread.java:1583)
11:47:51.695 [Thread-4] ERROR com.charlessun.javaplcadapter.worker.impl.ConsumerWorkerImpl -- processingStrategy.process(record) 處理失敗: Processing failed
java.lang.RuntimeException: Processing failed
	at com.charlessun.javaplcadapter.worker.impl.ConsumerWorkerImpl.pollLoop(ConsumerWorkerImpl.java:53)
	at java.base/java.lang.Thread.run(Thread.java:1583)
11:47:51.695 [Thread-4] ERROR com.charlessun.javaplcadapter.worker.impl.ConsumerWorkerImpl -- processingStrategy.process(record) 處理失敗: Processing failed
java.lang.RuntimeException: Processing failed
	at com.charlessun.javaplcadapter.worker.impl.ConsumerWorkerImpl.pollLoop(ConsumerWorkerImpl.java:53)
	at java.base/java.lang.Thread.run(Thread.java:1583)
11:47:51.696 [Thread-4] ERROR com.charlessun.javaplcadapter.worker.impl.ConsumerWorkerImpl -- processingStrategy.process(record) 處理失敗: Processing failed
java.lang.RuntimeException: Processing failed
	at com.charlessun.javaplcadapter.worker.impl.ConsumerWorkerImpl.pollLoop(ConsumerWorkerImpl.java:53)
	at java.base/java.lang.Thread.run(Thread.java:1583)
11:47:51.696 [Thread-4] ERROR com.charlessun.javaplcadapter.worker.impl.ConsumerWorkerImpl -- processingStrategy.process(record) 處理失敗: Processing failed
java.lang.RuntimeException: Processing failed
	at com.charlessun.javaplcadapter.worker.impl.ConsumerWorkerImpl.pollLoop(ConsumerWorkerImpl.java:53)
	at java.base/java.lang.Thread.run(Thread.java:1583)
11:47:51.696 [Thread-4] ERROR com.charlessun.javaplcadapter.worker.impl.ConsumerWorkerImpl -- processingStrategy.process(record) 處理失敗: Processing failed
java.lang.RuntimeException: Processing failed
	at com.charlessun.javaplcadapter.worker.impl.ConsumerWorkerImpl.pollLoop(ConsumerWorkerImpl.java:53)
	at java.base/java.lang.Thread.run(Thread.java:1583)
11:47:51.697 [Thread-4] ERROR com.charlessun.javaplcadapter.worker.impl.ConsumerWorkerImpl -- processingStrategy.process(record) 處理失敗: Processing failed
java.lang.RuntimeException: Processing failed
	at com.charlessun.javaplcadapter.worker.impl.ConsumerWorkerImpl.pollLoop(ConsumerWorkerImpl.java:53)
	at java.base/java.lang.Thread.run(Thread.java:1583)
11:47:51.697 [Thread-4] ERROR com.charlessun.javaplcadapter.worker.impl.ConsumerWorkerImpl -- processingStrategy.process(record) 處理失敗: Processing failed
java.lang.RuntimeException: Processing failed
	at com.charlessun.javaplcadapter.worker.impl.ConsumerWorkerImpl.pollLoop(ConsumerWorkerImpl.java:53)
	at java.base/java.lang.Thread.run(Thread.java:1583)
11:47:51.697 [Thread-4] ERROR com.charlessun.javaplcadapter.worker.impl.ConsumerWorkerImpl -- processingStrategy.process(record) 處理失敗: Processing failed
java.lang.RuntimeException: Processing failed
	at com.charlessun.javaplcadapter.worker.impl.ConsumerWorkerImpl.pollLoop(ConsumerWorkerImpl.java:53)
	at java.base/java.lang.Thread.run(Thread.java:1583)
11:47:51.697 [Thread-4] ERROR com.charlessun.javaplcadapter.worker.impl.ConsumerWorkerImpl -- processingStrategy.process(record) 處理失敗: Processing failed
java.lang.RuntimeException: Processing failed
	at com.charlessun.javaplcadapter.worker.impl.ConsumerWorkerImpl.pollLoop(ConsumerWorkerImpl.java:53)
	at java.base/java.lang.Thread.run(Thread.java:1583)
11:47:51.698 [Thread-4] ERROR com.charlessun.javaplcadapter.worker.impl.ConsumerWorkerImpl -- processingStrategy.process(record) 處理失敗: Processing failed
java.lang.RuntimeException: Processing failed
	at com.charlessun.javaplcadapter.worker.impl.ConsumerWorkerImpl.pollLoop(ConsumerWorkerImpl.java:53)
	at java.base/java.lang.Thread.run(Thread.java:1583)
11:47:51.698 [Thread-4] ERROR com.charlessun.javaplcadapter.worker.impl.ConsumerWorkerImpl -- processingStrategy.process(record) 處理失敗: Processing failed
java.lang.RuntimeException: Processing failed
	at com.charlessun.javaplcadapter.worker.impl.ConsumerWorkerImpl.pollLoop(ConsumerWorkerImpl.java:53)
	at java.base/java.lang.Thread.run(Thread.java:1583)
11:47:51.698 [Thread-4] ERROR com.charlessun.javaplcadapter.worker.impl.ConsumerWorkerImpl -- processingStrategy.process(record) 處理失敗: Processing failed
java.lang.RuntimeException: Processing failed
	at com.charlessun.javaplcadapter.worker.impl.ConsumerWorkerImpl.pollLoop(ConsumerWorkerImpl.java:53)
	at java.base/java.lang.Thread.run(Thread.java:1583)
11:47:51.698 [Thread-4] ERROR com.charlessun.javaplcadapter.worker.impl.ConsumerWorkerImpl -- processingStrategy.process(record) 處理失敗: Processing failed
java.lang.RuntimeException: Processing failed
	at com.charlessun.javaplcadapter.worker.impl.ConsumerWorkerImpl.pollLoop(ConsumerWorkerImpl.java:53)
	at java.base/java.lang.Thread.run(Thread.java:1583)
11:47:51.699 [Thread-4] ERROR com.charlessun.javaplcadapter.worker.impl.ConsumerWorkerImpl -- processingStrategy.process(record) 處理失敗: Processing failed
java.lang.RuntimeException: Processing failed
	at com.charlessun.javaplcadapter.worker.impl.ConsumerWorkerImpl.pollLoop(ConsumerWorkerImpl.java:53)
	at java.base/java.lang.Thread.run(Thread.java:1583)
11:47:51.699 [Thread-4] ERROR com.charlessun.javaplcadapter.worker.impl.ConsumerWorkerImpl -- processingStrategy.process(record) 處理失敗: Processing failed
java.lang.RuntimeException: Processing failed
	at com.charlessun.javaplcadapter.worker.impl.ConsumerWorkerImpl.pollLoop(ConsumerWorkerImpl.java:53)
	at java.base/java.lang.Thread.run(Thread.java:1583)
11:47:51.699 [Thread-4] ERROR com.charlessun.javaplcadapter.worker.impl.ConsumerWorkerImpl -- processingStrategy.process(record) 處理失敗: Processing failed
java.lang.RuntimeException: Processing failed
	at com.charlessun.javaplcadapter.worker.impl.ConsumerWorkerImpl.pollLoop(ConsumerWorkerImpl.java:53)
	at java.base/java.lang.Thread.run(Thread.java:1583)
11:47:51.699 [Thread-4] ERROR com.charlessun.javaplcadapter.worker.impl.ConsumerWorkerImpl -- processingStrategy.process(record) 處理失敗: Processing failed
java.lang.RuntimeException: Processing failed
	at com.charlessun.javaplcadapter.worker.impl.ConsumerWorkerImpl.pollLoop(ConsumerWorkerImpl.java:53)
	at java.base/java.lang.Thread.run(Thread.java:1583)
11:47:51.700 [Thread-4] ERROR com.charlessun.javaplcadapter.worker.impl.ConsumerWorkerImpl -- processingStrategy.process(record) 處理失敗: Processing failed
java.lang.RuntimeException: Processing failed
	at com.charlessun.javaplcadapter.worker.impl.ConsumerWorkerImpl.pollLoop(ConsumerWorkerImpl.java:53)
	at java.base/java.lang.Thread.run(Thread.java:1583)
11:47:51.700 [Thread-4] ERROR com.charlessun.javaplcadapter.worker.impl.ConsumerWorkerImpl -- processingStrategy.process(record) 處理失敗: Processing failed
java.lang.RuntimeException: Processing failed
	at com.charlessun.javaplcadapter.worker.impl.ConsumerWorkerImpl.pollLoop(ConsumerWorkerImpl.java:53)
	at java.base/java.lang.Thread.run(Thread.java:1583)
11:47:51.700 [Thread-4] ERROR com.charlessun.javaplcadapter.worker.impl.ConsumerWorkerImpl -- processingStrategy.process(record) 處理失敗: Processing failed
java.lang.RuntimeException: Processing failed
	at com.charlessun.javaplcadapter.worker.impl.ConsumerWorkerImpl.pollLoop(ConsumerWorkerImpl.java:53)
	at java.base/java.lang.Thread.run(Thread.java:1583)
11:47:51.701 [Thread-4] ERROR com.charlessun.javaplcadapter.worker.impl.ConsumerWorkerImpl -- processingStrategy.process(record) 處理失敗: Processing failed
java.lang.RuntimeException: Processing failed
	at com.charlessun.javaplcadapter.worker.impl.ConsumerWorkerImpl.pollLoop(ConsumerWorkerImpl.java:53)
	at java.base/java.lang.Thread.run(Thread.java:1583)
11:47:51.701 [Thread-4] ERROR com.charlessun.javaplcadapter.worker.impl.ConsumerWorkerImpl -- processingStrategy.process(record) 處理失敗: Processing failed
java.lang.RuntimeException: Processing failed
	at com.charlessun.javaplcadapter.worker.impl.ConsumerWorkerImpl.pollLoop(ConsumerWorkerImpl.java:53)
	at java.base/java.lang.Thread.run(Thread.java:1583)
11:47:51.701 [Thread-4] ERROR com.charlessun.javaplcadapter.worker.impl.ConsumerWorkerImpl -- processingStrategy.process(record) 處理失敗: Processing failed
java.lang.RuntimeException: Processing failed
	at com.charlessun.javaplcadapter.worker.impl.ConsumerWorkerImpl.pollLoop(ConsumerWorkerImpl.java:53)
	at java.base/java.lang.Thread.run(Thread.java:1583)
11:47:51.701 [Thread-4] ERROR com.charlessun.javaplcadapter.worker.impl.ConsumerWorkerImpl -- processingStrategy.process(record) 處理失敗: Processing failed
java.lang.RuntimeException: Processing failed
	at com.charlessun.javaplcadapter.worker.impl.ConsumerWorkerImpl.pollLoop(ConsumerWorkerImpl.java:53)
	at java.base/java.lang.Thread.run(Thread.java:1583)
11:47:51.702 [Thread-4] ERROR com.charlessun.javaplcadapter.worker.impl.ConsumerWorkerImpl -- processingStrategy.process(record) 處理失敗: Processing failed
java.lang.RuntimeException: Processing failed
	at com.charlessun.javaplcadapter.worker.impl.ConsumerWorkerImpl.pollLoop(ConsumerWorkerImpl.java:53)
	at java.base/java.lang.Thread.run(Thread.java:1583)
11:47:51.702 [Thread-4] ERROR com.charlessun.javaplcadapter.worker.impl.ConsumerWorkerImpl -- processingStrategy.process(record) 處理失敗: Processing failed
java.lang.RuntimeException: Processing failed
	at com.charlessun.javaplcadapter.worker.impl.ConsumerWorkerImpl.pollLoop(ConsumerWorkerImpl.java:53)
	at java.base/java.lang.Thread.run(Thread.java:1583)
11:47:51.702 [Thread-4] ERROR com.charlessun.javaplcadapter.worker.impl.ConsumerWorkerImpl -- processingStrategy.process(record) 處理失敗: Processing failed
java.lang.RuntimeException: Processing failed
	at com.charlessun.javaplcadapter.worker.impl.ConsumerWorkerImpl.pollLoop(ConsumerWorkerImpl.java:53)
	at java.base/java.lang.Thread.run(Thread.java:1583)
11:47:51.702 [Thread-4] ERROR com.charlessun.javaplcadapter.worker.impl.ConsumerWorkerImpl -- processingStrategy.process(record) 處理失敗: Processing failed
java.lang.RuntimeException: Processing failed
	at com.charlessun.javaplcadapter.worker.impl.ConsumerWorkerImpl.pollLoop(ConsumerWorkerImpl.java:53)
	at java.base/java.lang.Thread.run(Thread.java:1583)
11:47:51.703 [Thread-4] ERROR com.charlessun.javaplcadapter.worker.impl.ConsumerWorkerImpl -- processingStrategy.process(record) 處理失敗: Processing failed
java.lang.RuntimeException: Processing failed
	at com.charlessun.javaplcadapter.worker.impl.ConsumerWorkerImpl.pollLoop(ConsumerWorkerImpl.java:53)
	at java.base/java.lang.Thread.run(Thread.java:1583)
11:47:51.703 [Thread-4] ERROR com.charlessun.javaplcadapter.worker.impl.ConsumerWorkerImpl -- processingStrategy.process(record) 處理失敗: Processing failed
java.lang.RuntimeException: Processing failed
	at com.charlessun.javaplcadapter.worker.impl.ConsumerWorkerImpl.pollLoop(ConsumerWorkerImpl.java:53)
	at java.base/java.lang.Thread.run(Thread.java:1583)
11:47:51.703 [Thread-4] ERROR com.charlessun.javaplcadapter.worker.impl.ConsumerWorkerImpl -- processingStrategy.process(record) 處理失敗: Processing failed
java.lang.RuntimeException: Processing failed
	at com.charlessun.javaplcadapter.worker.impl.ConsumerWorkerImpl.pollLoop(ConsumerWorkerImpl.java:53)
	at java.base/java.lang.Thread.run(Thread.java:1583)
11:47:51.703 [Thread-4] ERROR com.charlessun.javaplcadapter.worker.impl.ConsumerWorkerImpl -- processingStrategy.process(record) 處理失敗: Processing failed
java.lang.RuntimeException: Processing failed
	at com.charlessun.javaplcadapter.worker.impl.ConsumerWorkerImpl.pollLoop(ConsumerWorkerImpl.java:53)
	at java.base/java.lang.Thread.run(Thread.java:1583)
11:47:51.704 [Thread-4] ERROR com.charlessun.javaplcadapter.worker.impl.ConsumerWorkerImpl -- processingStrategy.process(record) 處理失敗: Processing failed
java.lang.RuntimeException: Processing failed
	at com.charlessun.javaplcadapter.worker.impl.ConsumerWorkerImpl.pollLoop(ConsumerWorkerImpl.java:53)
	at java.base/java.lang.Thread.run(Thread.java:1583)
11:47:51.704 [Thread-4] ERROR com.charlessun.javaplcadapter.worker.impl.ConsumerWorkerImpl -- processingStrategy.process(record) 處理失敗: Processing failed
java.lang.RuntimeException: Processing failed
	at com.charlessun.javaplcadapter.worker.impl.ConsumerWorkerImpl.pollLoop(ConsumerWorkerImpl.java:53)
	at java.base/java.lang.Thread.run(Thread.java:1583)
11:47:51.704 [Thread-4] ERROR com.charlessun.javaplcadapter.worker.impl.ConsumerWorkerImpl -- processingStrategy.process(record) 處理失敗: Processing failed
java.lang.RuntimeException: Processing failed
	at com.charlessun.javaplcadapter.worker.impl.ConsumerWorkerImpl.pollLoop(ConsumerWorkerImpl.java:53)
	at java.base/java.lang.Thread.run(Thread.java:1583)
11:47:51.704 [Thread-4] ERROR com.charlessun.javaplcadapter.worker.impl.ConsumerWorkerImpl -- processingStrategy.process(record) 處理失敗: Processing failed
java.lang.RuntimeException: Processing failed
	at com.charlessun.javaplcadapter.worker.impl.ConsumerWorkerImpl.pollLoop(ConsumerWorkerImpl.java:53)
	at java.base/java.lang.Thread.run(Thread.java:1583)
11:47:51.705 [Thread-4] ERROR com.charlessun.javaplcadapter.worker.impl.ConsumerWorkerImpl -- processingStrategy.process(record) 處理失敗: Processing failed
java.lang.RuntimeException: Processing failed
	at com.charlessun.javaplcadapter.worker.impl.ConsumerWorkerImpl.pollLoop(ConsumerWorkerImpl.java:53)
	at java.base/java.lang.Thread.run(Thread.java:1583)
11:47:51.705 [Thread-4] ERROR com.charlessun.javaplcadapter.worker.impl.ConsumerWorkerImpl -- processingStrategy.process(record) 處理失敗: Processing failed
java.lang.RuntimeException: Processing failed
	at com.charlessun.javaplcadapter.worker.impl.ConsumerWorkerImpl.pollLoop(ConsumerWorkerImpl.java:53)
	at java.base/java.lang.Thread.run(Thread.java:1583)
11:47:51.705 [Thread-4] ERROR com.charlessun.javaplcadapter.worker.impl.ConsumerWorkerImpl -- processingStrategy.process(record) 處理失敗: Processing failed
java.lang.RuntimeException: Processing failed
	at com.charlessun.javaplcadapter.worker.impl.ConsumerWorkerImpl.pollLoop(ConsumerWorkerImpl.java:53)
	at java.base/java.lang.Thread.run(Thread.java:1583)
11:47:51.705 [Thread-4] ERROR com.charlessun.javaplcadapter.worker.impl.ConsumerWorkerImpl -- processingStrategy.process(record) 處理失敗: Processing failed
java.lang.RuntimeException: Processing failed
	at com.charlessun.javaplcadapter.worker.impl.ConsumerWorkerImpl.pollLoop(ConsumerWorkerImpl.java:53)
	at java.base/java.lang.Thread.run(Thread.java:1583)
11:47:51.706 [Thread-4] ERROR com.charlessun.javaplcadapter.worker.impl.ConsumerWorkerImpl -- processingStrategy.process(record) 處理失敗: Processing failed
java.lang.RuntimeException: Processing failed
	at com.charlessun.javaplcadapter.worker.impl.ConsumerWorkerImpl.pollLoop(ConsumerWorkerImpl.java:53)
	at java.base/java.lang.Thread.run(Thread.java:1583)
11:47:51.706 [Thread-4] ERROR com.charlessun.javaplcadapter.worker.impl.ConsumerWorkerImpl -- processingStrategy.process(record) 處理失敗: Processing failed
java.lang.RuntimeException: Processing failed
	at com.charlessun.javaplcadapter.worker.impl.ConsumerWorkerImpl.pollLoop(ConsumerWorkerImpl.java:53)
	at java.base/java.lang.Thread.run(Thread.java:1583)
11:47:51.706 [Thread-4] ERROR com.charlessun.javaplcadapter.worker.impl.ConsumerWorkerImpl -- processingStrategy.process(record) 處理失敗: Processing failed
java.lang.RuntimeException: Processing failed
	at com.charlessun.javaplcadapter.worker.impl.ConsumerWorkerImpl.pollLoop(ConsumerWorkerImpl.java:53)
	at java.base/java.lang.Thread.run(Thread.java:1583)
11:47:51.707 [Thread-4] ERROR com.charlessun.javaplcadapter.worker.impl.ConsumerWorkerImpl -- processingStrategy.process(record) 處理失敗: Processing failed
java.lang.RuntimeException: Processing failed
	at com.charlessun.javaplcadapter.worker.impl.ConsumerWorkerImpl.pollLoop(ConsumerWorkerImpl.java:53)
	at java.base/java.lang.Thread.run(Thread.java:1583)
11:47:51.707 [Thread-4] ERROR com.charlessun.javaplcadapter.worker.impl.ConsumerWorkerImpl -- processingStrategy.process(record) 處理失敗: Processing failed
java.lang.RuntimeException: Processing failed
	at com.charlessun.javaplcadapter.worker.impl.ConsumerWorkerImpl.pollLoop(ConsumerWorkerImpl.java:53)
	at java.base/java.lang.Thread.run(Thread.java:1583)
11:47:51.708 [Thread-4] ERROR com.charlessun.javaplcadapter.worker.impl.ConsumerWorkerImpl -- processingStrategy.process(record) 處理失敗: Processing failed
java.lang.RuntimeException: Processing failed
	at com.charlessun.javaplcadapter.worker.impl.ConsumerWorkerImpl.pollLoop(ConsumerWorkerImpl.java:53)
	at java.base/java.lang.Thread.run(Thread.java:1583)
11:47:51.708 [Thread-4] ERROR com.charlessun.javaplcadapter.worker.impl.ConsumerWorkerImpl -- processingStrategy.process(record) 處理失敗: Processing failed
java.lang.RuntimeException: Processing failed
	at com.charlessun.javaplcadapter.worker.impl.ConsumerWorkerImpl.pollLoop(ConsumerWorkerImpl.java:53)
	at java.base/java.lang.Thread.run(Thread.java:1583)
11:47:51.708 [Thread-4] ERROR com.charlessun.javaplcadapter.worker.impl.ConsumerWorkerImpl -- processingStrategy.process(record) 處理失敗: Processing failed
java.lang.RuntimeException: Processing failed
	at com.charlessun.javaplcadapter.worker.impl.ConsumerWorkerImpl.pollLoop(ConsumerWorkerImpl.java:53)
	at java.base/java.lang.Thread.run(Thread.java:1583)
11:47:51.709 [Thread-4] ERROR com.charlessun.javaplcadapter.worker.impl.ConsumerWorkerImpl -- processingStrategy.process(record) 處理失敗: Processing failed
java.lang.RuntimeException: Processing failed
	at com.charlessun.javaplcadapter.worker.impl.ConsumerWorkerImpl.pollLoop(ConsumerWorkerImpl.java:53)
	at java.base/java.lang.Thread.run(Thread.java:1583)
11:47:51.709 [Thread-4] ERROR com.charlessun.javaplcadapter.worker.impl.ConsumerWorkerImpl -- processingStrategy.process(record) 處理失敗: Processing failed
java.lang.RuntimeException: Processing failed
	at com.charlessun.javaplcadapter.worker.impl.ConsumerWorkerImpl.pollLoop(ConsumerWorkerImpl.java:53)
	at java.base/java.lang.Thread.run(Thread.java:1583)
11:47:51.709 [Thread-4] ERROR com.charlessun.javaplcadapter.worker.impl.ConsumerWorkerImpl -- processingStrategy.process(record) 處理失敗: Processing failed
java.lang.RuntimeException: Processing failed
	at com.charlessun.javaplcadapter.worker.impl.ConsumerWorkerImpl.pollLoop(ConsumerWorkerImpl.java:53)
	at java.base/java.lang.Thread.run(Thread.java:1583)
11:47:51.710 [Thread-4] ERROR com.charlessun.javaplcadapter.worker.impl.ConsumerWorkerImpl -- processingStrategy.process(record) 處理失敗: Processing failed
java.lang.RuntimeException: Processing failed
	at com.charlessun.javaplcadapter.worker.impl.ConsumerWorkerImpl.pollLoop(ConsumerWorkerImpl.java:53)
	at java.base/java.lang.Thread.run(Thread.java:1583)
11:47:51.710 [Thread-4] ERROR com.charlessun.javaplcadapter.worker.impl.ConsumerWorkerImpl -- processingStrategy.process(record) 處理失敗: Processing failed
java.lang.RuntimeException: Processing failed
	at com.charlessun.javaplcadapter.worker.impl.ConsumerWorkerImpl.pollLoop(ConsumerWorkerImpl.java:53)
	at java.base/java.lang.Thread.run(Thread.java:1583)
11:47:51.710 [Thread-4] ERROR com.charlessun.javaplcadapter.worker.impl.ConsumerWorkerImpl -- processingStrategy.process(record) 處理失敗: Processing failed
java.lang.RuntimeException: Processing failed
	at com.charlessun.javaplcadapter.worker.impl.ConsumerWorkerImpl.pollLoop(ConsumerWorkerImpl.java:53)
	at java.base/java.lang.Thread.run(Thread.java:1583)
11:47:51.711 [Thread-4] ERROR com.charlessun.javaplcadapter.worker.impl.ConsumerWorkerImpl -- processingStrategy.process(record) 處理失敗: Processing failed
java.lang.RuntimeException: Processing failed
	at com.charlessun.javaplcadapter.worker.impl.ConsumerWorkerImpl.pollLoop(ConsumerWorkerImpl.java:53)
	at java.base/java.lang.Thread.run(Thread.java:1583)
11:47:51.711 [Thread-4] ERROR com.charlessun.javaplcadapter.worker.impl.ConsumerWorkerImpl -- processingStrategy.process(record) 處理失敗: Processing failed
java.lang.RuntimeException: Processing failed
	at com.charlessun.javaplcadapter.worker.impl.ConsumerWorkerImpl.pollLoop(ConsumerWorkerImpl.java:53)
	at java.base/java.lang.Thread.run(Thread.java:1583)
11:47:51.711 [Thread-4] ERROR com.charlessun.javaplcadapter.worker.impl.ConsumerWorkerImpl -- processingStrategy.process(record) 處理失敗: Processing failed
java.lang.RuntimeException: Processing failed
	at com.charlessun.javaplcadapter.worker.impl.ConsumerWorkerImpl.pollLoop(ConsumerWorkerImpl.java:53)
	at java.base/java.lang.Thread.run(Thread.java:1583)
11:47:51.711 [Thread-4] ERROR com.charlessun.javaplcadapter.worker.impl.ConsumerWorkerImpl -- processingStrategy.process(record) 處理失敗: Processing failed
java.lang.RuntimeException: Processing failed
	at com.charlessun.javaplcadapter.worker.impl.ConsumerWorkerImpl.pollLoop(ConsumerWorkerImpl.java:53)
	at java.base/java.lang.Thread.run(Thread.java:1583)
11:47:51.712 [Thread-4] ERROR com.charlessun.javaplcadapter.worker.impl.ConsumerWorkerImpl -- processingStrategy.process(record) 處理失敗: Processing failed
java.lang.RuntimeException: Processing failed
	at com.charlessun.javaplcadapter.worker.impl.ConsumerWorkerImpl.pollLoop(ConsumerWorkerImpl.java:53)
	at java.base/java.lang.Thread.run(Thread.java:1583)
11:47:51.712 [Thread-4] ERROR com.charlessun.javaplcadapter.worker.impl.ConsumerWorkerImpl -- processingStrategy.process(record) 處理失敗: Processing failed
java.lang.RuntimeException: Processing failed
	at com.charlessun.javaplcadapter.worker.impl.ConsumerWorkerImpl.pollLoop(ConsumerWorkerImpl.java:53)
	at java.base/java.lang.Thread.run(Thread.java:1583)
11:47:51.713 [Thread-4] ERROR com.charlessun.javaplcadapter.worker.impl.ConsumerWorkerImpl -- processingStrategy.process(record) 處理失敗: Processing failed
java.lang.RuntimeException: Processing failed
	at com.charlessun.javaplcadapter.worker.impl.ConsumerWorkerImpl.pollLoop(ConsumerWorkerImpl.java:53)
	at java.base/java.lang.Thread.run(Thread.java:1583)
11:47:51.713 [Thread-4] ERROR com.charlessun.javaplcadapter.worker.impl.ConsumerWorkerImpl -- processingStrategy.process(record) 處理失敗: Processing failed
java.lang.RuntimeException: Processing failed
	at com.charlessun.javaplcadapter.worker.impl.ConsumerWorkerImpl.pollLoop(ConsumerWorkerImpl.java:53)
	at java.base/java.lang.Thread.run(Thread.java:1583)
11:47:51.713 [Thread-4] ERROR com.charlessun.javaplcadapter.worker.impl.ConsumerWorkerImpl -- processingStrategy.process(record) 處理失敗: Processing failed
java.lang.RuntimeException: Processing failed
	at com.charlessun.javaplcadapter.worker.impl.ConsumerWorkerImpl.pollLoop(ConsumerWorkerImpl.java:53)
	at java.base/java.lang.Thread.run(Thread.java:1583)
11:47:51.714 [Thread-4] ERROR com.charlessun.javaplcadapter.worker.impl.ConsumerWorkerImpl -- processingStrategy.process(record) 處理失敗: Processing failed
java.lang.RuntimeException: Processing failed
	at com.charlessun.javaplcadapter.worker.impl.ConsumerWorkerImpl.pollLoop(ConsumerWorkerImpl.java:53)
	at java.base/java.lang.Thread.run(Thread.java:1583)
11:47:51.714 [Thread-4] ERROR com.charlessun.javaplcadapter.worker.impl.ConsumerWorkerImpl -- processingStrategy.process(record) 處理失敗: Processing failed
java.lang.RuntimeException: Processing failed
	at com.charlessun.javaplcadapter.worker.impl.ConsumerWorkerImpl.pollLoop(ConsumerWorkerImpl.java:53)
	at java.base/java.lang.Thread.run(Thread.java:1583)
11:47:51.714 [Thread-4] ERROR com.charlessun.javaplcadapter.worker.impl.ConsumerWorkerImpl -- processingStrategy.process(record) 處理失敗: Processing failed
java.lang.RuntimeException: Processing failed
	at com.charlessun.javaplcadapter.worker.impl.ConsumerWorkerImpl.pollLoop(ConsumerWorkerImpl.java:53)
	at java.base/java.lang.Thread.run(Thread.java:1583)
11:47:51.714 [Thread-4] ERROR com.charlessun.javaplcadapter.worker.impl.ConsumerWorkerImpl -- processingStrategy.process(record) 處理失敗: Processing failed
java.lang.RuntimeException: Processing failed
	at com.charlessun.javaplcadapter.worker.impl.ConsumerWorkerImpl.pollLoop(ConsumerWorkerImpl.java:53)
	at java.base/java.lang.Thread.run(Thread.java:1583)
11:47:51.715 [Thread-4] ERROR com.charlessun.javaplcadapter.worker.impl.ConsumerWorkerImpl -- processingStrategy.process(record) 處理失敗: Processing failed
java.lang.RuntimeException: Processing failed
	at com.charlessun.javaplcadapter.worker.impl.ConsumerWorkerImpl.pollLoop(ConsumerWorkerImpl.java:53)
	at java.base/java.lang.Thread.run(Thread.java:1583)
11:47:51.715 [Thread-4] ERROR com.charlessun.javaplcadapter.worker.impl.ConsumerWorkerImpl -- processingStrategy.process(record) 處理失敗: Processing failed
java.lang.RuntimeException: Processing failed
	at com.charlessun.javaplcadapter.worker.impl.ConsumerWorkerImpl.pollLoop(ConsumerWorkerImpl.java:53)
	at java.base/java.lang.Thread.run(Thread.java:1583)
11:47:51.715 [Thread-4] ERROR com.charlessun.javaplcadapter.worker.impl.ConsumerWorkerImpl -- processingStrategy.process(record) 處理失敗: Processing failed
java.lang.RuntimeException: Processing failed
	at com.charlessun.javaplcadapter.worker.impl.ConsumerWorkerImpl.pollLoop(ConsumerWorkerImpl.java:53)
	at java.base/java.lang.Thread.run(Thread.java:1583)
11:47:51.716 [Thread-4] ERROR com.charlessun.javaplcadapter.worker.impl.ConsumerWorkerImpl -- processingStrategy.process(record) 處理失敗: Processing failed
java.lang.RuntimeException: Processing failed
	at com.charlessun.javaplcadapter.worker.impl.ConsumerWorkerImpl.pollLoop(ConsumerWorkerImpl.java:53)
	at java.base/java.lang.Thread.run(Thread.java:1583)
11:47:51.716 [Thread-4] ERROR com.charlessun.javaplcadapter.worker.impl.ConsumerWorkerImpl -- processingStrategy.process(record) 處理失敗: Processing failed
java.lang.RuntimeException: Processing failed
	at com.charlessun.javaplcadapter.worker.impl.ConsumerWorkerImpl.pollLoop(ConsumerWorkerImpl.java:53)
	at java.base/java.lang.Thread.run(Thread.java:1583)
11:47:51.716 [Thread-4] ERROR com.charlessun.javaplcadapter.worker.impl.ConsumerWorkerImpl -- processingStrategy.process(record) 處理失敗: Processing failed
java.lang.RuntimeException: Processing failed
	at com.charlessun.javaplcadapter.worker.impl.ConsumerWorkerImpl.pollLoop(ConsumerWorkerImpl.java:53)
	at java.base/java.lang.Thread.run(Thread.java:1583)
11:47:51.717 [Thread-4] ERROR com.charlessun.javaplcadapter.worker.impl.ConsumerWorkerImpl -- processingStrategy.process(record) 處理失敗: Processing failed
java.lang.RuntimeException: Processing failed
	at com.charlessun.javaplcadapter.worker.impl.ConsumerWorkerImpl.pollLoop(ConsumerWorkerImpl.java:53)
	at java.base/java.lang.Thread.run(Thread.java:1583)
11:47:51.717 [Thread-4] ERROR com.charlessun.javaplcadapter.worker.impl.ConsumerWorkerImpl -- processingStrategy.process(record) 處理失敗: Processing failed
java.lang.RuntimeException: Processing failed
	at com.charlessun.javaplcadapter.worker.impl.ConsumerWorkerImpl.pollLoop(ConsumerWorkerImpl.java:53)
	at java.base/java.lang.Thread.run(Thread.java:1583)
11:47:51.717 [Thread-4] ERROR com.charlessun.javaplcadapter.worker.impl.ConsumerWorkerImpl -- processingStrategy.process(record) 處理失敗: Processing failed
java.lang.RuntimeException: Processing failed
	at com.charlessun.javaplcadapter.worker.impl.ConsumerWorkerImpl.pollLoop(ConsumerWorkerImpl.java:53)
	at java.base/java.lang.Thread.run(Thread.java:1583)
11:47:51.718 [Thread-4] ERROR com.charlessun.javaplcadapter.worker.impl.ConsumerWorkerImpl -- processingStrategy.process(record) 處理失敗: Processing failed
java.lang.RuntimeException: Processing failed
	at com.charlessun.javaplcadapter.worker.impl.ConsumerWorkerImpl.pollLoop(ConsumerWorkerImpl.java:53)
	at java.base/java.lang.Thread.run(Thread.java:1583)
11:47:51.718 [Thread-4] ERROR com.charlessun.javaplcadapter.worker.impl.ConsumerWorkerImpl -- processingStrategy.process(record) 處理失敗: Processing failed
java.lang.RuntimeException: Processing failed
	at com.charlessun.javaplcadapter.worker.impl.ConsumerWorkerImpl.pollLoop(ConsumerWorkerImpl.java:53)
	at java.base/java.lang.Thread.run(Thread.java:1583)
11:47:51.719 [Thread-4] ERROR com.charlessun.javaplcadapter.worker.impl.ConsumerWorkerImpl -- processingStrategy.process(record) 處理失敗: Processing failed
java.lang.RuntimeException: Processing failed
	at com.charlessun.javaplcadapter.worker.impl.ConsumerWorkerImpl.pollLoop(ConsumerWorkerImpl.java:53)
	at java.base/java.lang.Thread.run(Thread.java:1583)
11:47:51.719 [Thread-4] ERROR com.charlessun.javaplcadapter.worker.impl.ConsumerWorkerImpl -- processingStrategy.process(record) 處理失敗: Processing failed
java.lang.RuntimeException: Processing failed
	at com.charlessun.javaplcadapter.worker.impl.ConsumerWorkerImpl.pollLoop(ConsumerWorkerImpl.java:53)
	at java.base/java.lang.Thread.run(Thread.java:1583)
11:47:51.719 [Thread-4] ERROR com.charlessun.javaplcadapter.worker.impl.ConsumerWorkerImpl -- processingStrategy.process(record) 處理失敗: Processing failed
java.lang.RuntimeException: Processing failed
	at com.charlessun.javaplcadapter.worker.impl.ConsumerWorkerImpl.pollLoop(ConsumerWorkerImpl.java:53)
	at java.base/java.lang.Thread.run(Thread.java:1583)
11:47:51.720 [Thread-4] ERROR com.charlessun.javaplcadapter.worker.impl.ConsumerWorkerImpl -- processingStrategy.process(record) 處理失敗: Processing failed
java.lang.RuntimeException: Processing failed
	at com.charlessun.javaplcadapter.worker.impl.ConsumerWorkerImpl.pollLoop(ConsumerWorkerImpl.java:53)
	at java.base/java.lang.Thread.run(Thread.java:1583)
11:47:51.720 [Thread-4] ERROR com.charlessun.javaplcadapter.worker.impl.ConsumerWorkerImpl -- processingStrategy.process(record) 處理失敗: Processing failed
java.lang.RuntimeException: Processing failed
	at com.charlessun.javaplcadapter.worker.impl.ConsumerWorkerImpl.pollLoop(ConsumerWorkerImpl.java:53)
	at java.base/java.lang.Thread.run(Thread.java:1583)
11:47:51.721 [Thread-4] ERROR com.charlessun.javaplcadapter.worker.impl.ConsumerWorkerImpl -- processingStrategy.process(record) 處理失敗: Processing failed
java.lang.RuntimeException: Processing failed
	at com.charlessun.javaplcadapter.worker.impl.ConsumerWorkerImpl.pollLoop(ConsumerWorkerImpl.java:53)
	at java.base/java.lang.Thread.run(Thread.java:1583)
11:47:51.722 [Thread-4] ERROR com.charlessun.javaplcadapter.worker.impl.ConsumerWorkerImpl -- processingStrategy.process(record) 處理失敗: Processing failed
java.lang.RuntimeException: Processing failed
	at com.charlessun.javaplcadapter.worker.impl.ConsumerWorkerImpl.pollLoop(ConsumerWorkerImpl.java:53)
	at java.base/java.lang.Thread.run(Thread.java:1583)
11:47:51.723 [Thread-4] ERROR com.charlessun.javaplcadapter.worker.impl.ConsumerWorkerImpl -- processingStrategy.process(record) 處理失敗: Processing failed
java.lang.RuntimeException: Processing failed
	at com.charlessun.javaplcadapter.worker.impl.ConsumerWorkerImpl.pollLoop(ConsumerWorkerImpl.java:53)
	at java.base/java.lang.Thread.run(Thread.java:1583)
11:47:51.723 [Thread-4] ERROR com.charlessun.javaplcadapter.worker.impl.ConsumerWorkerImpl -- processingStrategy.process(record) 處理失敗: Processing failed
java.lang.RuntimeException: Processing failed
	at com.charlessun.javaplcadapter.worker.impl.ConsumerWorkerImpl.pollLoop(ConsumerWorkerImpl.java:53)
	at java.base/java.lang.Thread.run(Thread.java:1583)
11:47:51.723 [Thread-4] ERROR com.charlessun.javaplcadapter.worker.impl.ConsumerWorkerImpl -- processingStrategy.process(record) 處理失敗: Processing failed
java.lang.RuntimeException: Processing failed
	at com.charlessun.javaplcadapter.worker.impl.ConsumerWorkerImpl.pollLoop(ConsumerWorkerImpl.java:53)
	at java.base/java.lang.Thread.run(Thread.java:1583)
11:47:51.724 [Thread-4] ERROR com.charlessun.javaplcadapter.worker.impl.ConsumerWorkerImpl -- processingStrategy.process(record) 處理失敗: Processing failed
java.lang.RuntimeException: Processing failed
	at com.charlessun.javaplcadapter.worker.impl.ConsumerWorkerImpl.pollLoop(ConsumerWorkerImpl.java:53)
	at java.base/java.lang.Thread.run(Thread.java:1583)
11:47:51.725 [Thread-4] ERROR com.charlessun.javaplcadapter.worker.impl.ConsumerWorkerImpl -- processingStrategy.process(record) 處理失敗: Processing failed
java.lang.RuntimeException: Processing failed
	at com.charlessun.javaplcadapter.worker.impl.ConsumerWorkerImpl.pollLoop(ConsumerWorkerImpl.java:53)
	at java.base/java.lang.Thread.run(Thread.java:1583)
11:47:51.725 [Thread-4] ERROR com.charlessun.javaplcadapter.worker.impl.ConsumerWorkerImpl -- processingStrategy.process(record) 處理失敗: Processing failed
java.lang.RuntimeException: Processing failed
	at com.charlessun.javaplcadapter.worker.impl.ConsumerWorkerImpl.pollLoop(ConsumerWorkerImpl.java:53)
	at java.base/java.lang.Thread.run(Thread.java:1583)
11:47:51.726 [Thread-4] ERROR com.charlessun.javaplcadapter.worker.impl.ConsumerWorkerImpl -- processingStrategy.process(record) 處理失敗: Processing failed
java.lang.RuntimeException: Processing failed
	at com.charlessun.javaplcadapter.worker.impl.ConsumerWorkerImpl.pollLoop(ConsumerWorkerImpl.java:53)
	at java.base/java.lang.Thread.run(Thread.java:1583)
11:47:51.728 [Thread-4] ERROR com.charlessun.javaplcadapter.worker.impl.ConsumerWorkerImpl -- processingStrategy.process(record) 處理失敗: Processing failed
java.lang.RuntimeException: Processing failed
	at com.charlessun.javaplcadapter.worker.impl.ConsumerWorkerImpl.pollLoop(ConsumerWorkerImpl.java:53)
	at java.base/java.lang.Thread.run(Thread.java:1583)
11:47:51.729 [Thread-4] ERROR com.charlessun.javaplcadapter.worker.impl.ConsumerWorkerImpl -- processingStrategy.process(record) 處理失敗: Processing failed
java.lang.RuntimeException: Processing failed
	at com.charlessun.javaplcadapter.worker.impl.ConsumerWorkerImpl.pollLoop(ConsumerWorkerImpl.java:53)
	at java.base/java.lang.Thread.run(Thread.java:1583)
11:47:51.729 [Thread-4] ERROR com.charlessun.javaplcadapter.worker.impl.ConsumerWorkerImpl -- processingStrategy.process(record) 處理失敗: Processing failed
java.lang.RuntimeException: Processing failed
	at com.charlessun.javaplcadapter.worker.impl.ConsumerWorkerImpl.pollLoop(ConsumerWorkerImpl.java:53)
	at java.base/java.lang.Thread.run(Thread.java:1583)
11:47:51.730 [Thread-4] ERROR com.charlessun.javaplcadapter.worker.impl.ConsumerWorkerImpl -- processingStrategy.process(record) 處理失敗: Processing failed
java.lang.RuntimeException: Processing failed
	at com.charlessun.javaplcadapter.worker.impl.ConsumerWorkerImpl.pollLoop(ConsumerWorkerImpl.java:53)
	at java.base/java.lang.Thread.run(Thread.java:1583)
11:47:51.736 [Thread-4] ERROR com.charlessun.javaplcadapter.worker.impl.ConsumerWorkerImpl -- processingStrategy.process(record) 處理失敗: Processing failed
java.lang.RuntimeException: Processing failed
	at com.charlessun.javaplcadapter.worker.impl.ConsumerWorkerImpl.pollLoop(ConsumerWorkerImpl.java:53)
	at java.base/java.lang.Thread.run(Thread.java:1583)
11:47:51.737 [Thread-4] ERROR com.charlessun.javaplcadapter.worker.impl.ConsumerWorkerImpl -- processingStrategy.process(record) 處理失敗: Processing failed
java.lang.RuntimeException: Processing failed
	at com.charlessun.javaplcadapter.worker.impl.ConsumerWorkerImpl.pollLoop(ConsumerWorkerImpl.java:53)
	at java.base/java.lang.Thread.run(Thread.java:1583)
11:47:51.737 [Thread-4] ERROR com.charlessun.javaplcadapter.worker.impl.ConsumerWorkerImpl -- processingStrategy.process(record) 處理失敗: Processing failed
java.lang.RuntimeException: Processing failed
	at com.charlessun.javaplcadapter.worker.impl.ConsumerWorkerImpl.pollLoop(ConsumerWorkerImpl.java:53)
	at java.base/java.lang.Thread.run(Thread.java:1583)
11:47:51.738 [Thread-4] ERROR com.charlessun.javaplcadapter.worker.impl.ConsumerWorkerImpl -- processingStrategy.process(record) 處理失敗: Processing failed
java.lang.RuntimeException: Processing failed
	at com.charlessun.javaplcadapter.worker.impl.ConsumerWorkerImpl.pollLoop(ConsumerWorkerImpl.java:53)
	at java.base/java.lang.Thread.run(Thread.java:1583)
11:47:51.740 [Thread-4] ERROR com.charlessun.javaplcadapter.worker.impl.ConsumerWorkerImpl -- processingStrategy.process(record) 處理失敗: Processing failed
java.lang.RuntimeException: Processing failed
	at com.charlessun.javaplcadapter.worker.impl.ConsumerWorkerImpl.pollLoop(ConsumerWorkerImpl.java:53)
	at java.base/java.lang.Thread.run(Thread.java:1583)
11:47:51.742 [Thread-4] ERROR com.charlessun.javaplcadapter.worker.impl.ConsumerWorkerImpl -- processingStrategy.process(record) 處理失敗: Processing failed
java.lang.RuntimeException: Processing failed
	at com.charlessun.javaplcadapter.worker.impl.ConsumerWorkerImpl.pollLoop(ConsumerWorkerImpl.java:53)
	at java.base/java.lang.Thread.run(Thread.java:1583)
11:47:51.743 [Thread-4] ERROR com.charlessun.javaplcadapter.worker.impl.ConsumerWorkerImpl -- processingStrategy.process(record) 處理失敗: Processing failed
java.lang.RuntimeException: Processing failed
	at com.charlessun.javaplcadapter.worker.impl.ConsumerWorkerImpl.pollLoop(ConsumerWorkerImpl.java:53)
	at java.base/java.lang.Thread.run(Thread.java:1583)
11:47:51.744 [Thread-4] ERROR com.charlessun.javaplcadapter.worker.impl.ConsumerWorkerImpl -- processingStrategy.process(record) 處理失敗: Processing failed
java.lang.RuntimeException: Processing failed
	at com.charlessun.javaplcadapter.worker.impl.ConsumerWorkerImpl.pollLoop(ConsumerWorkerImpl.java:53)
	at java.base/java.lang.Thread.run(Thread.java:1583)
11:47:51.744 [Thread-4] ERROR com.charlessun.javaplcadapter.worker.impl.ConsumerWorkerImpl -- processingStrategy.process(record) 處理失敗: Processing failed
java.lang.RuntimeException: Processing failed
	at com.charlessun.javaplcadapter.worker.impl.ConsumerWorkerImpl.pollLoop(ConsumerWorkerImpl.java:53)
	at java.base/java.lang.Thread.run(Thread.java:1583)
11:47:51.745 [Thread-4] ERROR com.charlessun.javaplcadapter.worker.impl.ConsumerWorkerImpl -- processingStrategy.process(record) 處理失敗: Processing failed
java.lang.RuntimeException: Processing failed
	at com.charlessun.javaplcadapter.worker.impl.ConsumerWorkerImpl.pollLoop(ConsumerWorkerImpl.java:53)
	at java.base/java.lang.Thread.run(Thread.java:1583)
11:47:51.745 [Thread-4] ERROR com.charlessun.javaplcadapter.worker.impl.ConsumerWorkerImpl -- processingStrategy.process(record) 處理失敗: Processing failed
java.lang.RuntimeException: Processing failed
	at com.charlessun.javaplcadapter.worker.impl.ConsumerWorkerImpl.pollLoop(ConsumerWorkerImpl.java:53)
	at java.base/java.lang.Thread.run(Thread.java:1583)
11:47:51.746 [Thread-4] ERROR com.charlessun.javaplcadapter.worker.impl.ConsumerWorkerImpl -- processingStrategy.process(record) 處理失敗: Processing failed
java.lang.RuntimeException: Processing failed
	at com.charlessun.javaplcadapter.worker.impl.ConsumerWorkerImpl.pollLoop(ConsumerWorkerImpl.java:53)
	at java.base/java.lang.Thread.run(Thread.java:1583)
11:47:51.746 [Thread-4] ERROR com.charlessun.javaplcadapter.worker.impl.ConsumerWorkerImpl -- processingStrategy.process(record) 處理失敗: Processing failed
java.lang.RuntimeException: Processing failed
	at com.charlessun.javaplcadapter.worker.impl.ConsumerWorkerImpl.pollLoop(ConsumerWorkerImpl.java:53)
	at java.base/java.lang.Thread.run(Thread.java:1583)
11:47:51.746 [Thread-4] ERROR com.charlessun.javaplcadapter.worker.impl.ConsumerWorkerImpl -- processingStrategy.process(record) 處理失敗: Processing failed
java.lang.RuntimeException: Processing failed
	at com.charlessun.javaplcadapter.worker.impl.ConsumerWorkerImpl.pollLoop(ConsumerWorkerImpl.java:53)
	at java.base/java.lang.Thread.run(Thread.java:1583)
11:47:51.747 [Thread-4] ERROR com.charlessun.javaplcadapter.worker.impl.ConsumerWorkerImpl -- processingStrategy.process(record) 處理失敗: Processing failed
java.lang.RuntimeException: Processing failed
	at com.charlessun.javaplcadapter.worker.impl.ConsumerWorkerImpl.pollLoop(ConsumerWorkerImpl.java:53)
	at java.base/java.lang.Thread.run(Thread.java:1583)
11:47:51.747 [Thread-4] ERROR com.charlessun.javaplcadapter.worker.impl.ConsumerWorkerImpl -- processingStrategy.process(record) 處理失敗: Processing failed
java.lang.RuntimeException: Processing failed
	at com.charlessun.javaplcadapter.worker.impl.ConsumerWorkerImpl.pollLoop(ConsumerWorkerImpl.java:53)
	at java.base/java.lang.Thread.run(Thread.java:1583)
11:47:51.748 [Thread-4] ERROR com.charlessun.javaplcadapter.worker.impl.ConsumerWorkerImpl -- processingStrategy.process(record) 處理失敗: Processing failed
java.lang.RuntimeException: Processing failed
	at com.charlessun.javaplcadapter.worker.impl.ConsumerWorkerImpl.pollLoop(ConsumerWorkerImpl.java:53)
	at java.base/java.lang.Thread.run(Thread.java:1583)
11:47:51.748 [Thread-4] ERROR com.charlessun.javaplcadapter.worker.impl.ConsumerWorkerImpl -- processingStrategy.process(record) 處理失敗: Processing failed
java.lang.RuntimeException: Processing failed
	at com.charlessun.javaplcadapter.worker.impl.ConsumerWorkerImpl.pollLoop(ConsumerWorkerImpl.java:53)
	at java.base/java.lang.Thread.run(Thread.java:1583)
[...]
java.lang.RuntimeException: Processing failed
	at com.charlessun.javaplcadapter.worker.impl.ConsumerWorkerImpl.pollLoop(ConsumerWorkerImpl.java:53)
	at java.base/java.lang.Thread.run(Thread.java:1583)
11:47:52.139 [Thread-4] ERROR com.charlessun.javaplcadapter.worker.impl.ConsumerWorkerImpl -- processingStrategy.process(record) 處理失敗: Processing failed
java.lang.RuntimeException: Processing failed
	at com.charlessun.javaplcadapter.worker.impl.ConsumerWorkerImpl.pollLoop(ConsumerWorkerImpl.java:53)
	at java.base/java.lang.Thread.run(Thread.java:1583)
11:47:52.139 [Thread-4] ERROR com.charlessun.javaplcadapter.worker.impl.ConsumerWorkerImpl -- processingStrategy.process(record) 處理失敗: Processing failed
java.lang.RuntimeException: Processing failed
	at com.charlessun.javaplcadapter.worker.impl.ConsumerWorkerImpl.pollLoop(ConsumerWorkerImpl.java:53)
	at java.base/java.lang.Thread.run(Thread.java:1583)
11:47:52.139 [Thread-4] ERROR com.charlessun.javaplcadapter.worker.impl.ConsumerWorkerImpl -- processingStrategy.process(record) 處理失敗: Processing failed
java.lang.RuntimeException: Processing failed
	at com.charlessun.javaplcadapter.worker.impl.ConsumerWorkerImpl.pollLoop(ConsumerWorkerImpl.java:53)
	at java.base/java.lang.Thread.run(Thread.java:1583)
11:47:52.140 [Thread-4] ERROR com.charlessun.javaplcadapter.worker.impl.ConsumerWorkerImpl -- processingStrategy.process(record) 處理失敗: Processing failed
java.lang.RuntimeException: Processing failed
	at com.charlessun.javaplcadapter.worker.impl.ConsumerWorkerImpl.pollLoop(ConsumerWorkerImpl.java:53)
	at java.base/java.lang.Thread.run(Thread.java:1583)
11:47:52.140 [Thread-4] ERROR com.charlessun.javaplcadapter.worker.impl.ConsumerWorkerImpl -- processingStrategy.process(record) 處理失敗: Processing failed
java.lang.RuntimeException: Processing failed
	at com.charlessun.javaplcadapter.worker.impl.ConsumerWorkerImpl.pollLoop(ConsumerWorkerImpl.java:53)
	at java.base/java.lang.Thread.run(Thread.java:1583)
11:47:52.140 [Thread-4] ERROR com.charlessun.javaplcadapter.worker.impl.ConsumerWorkerImpl -- processingStrategy.process(record) 處理失敗: Processing failed
java.lang.RuntimeException: Processing failed
	at com.charlessun.javaplcadapter.worker.impl.ConsumerWorkerImpl.pollLoop(ConsumerWorkerImpl.java:53)
	at java.base/java.lang.Thread.run(Thread.java:1583)
11:47:52.140 [Thread-4] ERROR com.charlessun.javaplcadapter.worker.impl.ConsumerWorkerImpl -- processingStrategy.process(record) 處理失敗: Processing failed
java.lang.RuntimeException: Processing failed
	at com.charlessun.javaplcadapter.worker.impl.ConsumerWorkerImpl.pollLoop(ConsumerWorkerImpl.java:53)
	at java.base/java.lang.Thread.run(Thread.java:1583)
11:47:52.140 [Thread-4] ERROR com.charlessun.javaplcadapter.worker.impl.ConsumerWorkerImpl -- processingStrategy.process(record) 處理失敗: Processing failed
java.lang.RuntimeException: Processing failed
	at com.charlessun.javaplcadapter.worker.impl.ConsumerWorkerImpl.pollLoop(ConsumerWorkerImpl.java:53)
	at java.base/java.lang.Thread.run(Thread.java:1583)
11:47:52.141 [Thread-4] ERROR com.charlessun.javaplcadapter.worker.impl.ConsumerWorkerImpl -- processingStrategy.process(record) 處理失敗: Processing failed
java.lang.RuntimeException: Processing failed
	at com.charlessun.javaplcadapter.worker.impl.ConsumerWorkerImpl.pollLoop(ConsumerWorkerImpl.java:53)
	at java.base/java.lang.Thread.run(Thread.java:1583)
11:47:52.141 [Thread-4] ERROR com.charlessun.javaplcadapter.worker.impl.ConsumerWorkerImpl -- processingStrategy.process(record) 處理失敗: Processing failed
java.lang.RuntimeException: Processing failed
	at com.charlessun.javaplcadapter.worker.impl.ConsumerWorkerImpl.pollLoop(ConsumerWorkerImpl.java:53)
	at java.base/java.lang.Thread.run(Thread.java:1583)
11:47:52.141 [Thread-4] ERROR com.charlessun.javaplcadapter.worker.impl.ConsumerWorkerImpl -- processingStrategy.process(record) 處理失敗: Processing failed
java.lang.RuntimeException: Processing failed
	at com.charlessun.javaplcadapter.worker.impl.ConsumerWorkerImpl.pollLoop(ConsumerWorkerImpl.java:53)
	at java.base/java.lang.Thread.run(Thread.java:1583)
11:47:52.141 [Thread-4] ERROR com.charlessun.javaplcadapter.worker.impl.ConsumerWorkerImpl -- processingStrategy.process(record) 處理失敗: Processing failed
java.lang.RuntimeException: Processing failed
	at com.charlessun.javaplcadapter.worker.impl.ConsumerWorkerImpl.pollLoop(ConsumerWorkerImpl.java:53)
	at java.base/java.lang.Thread.run(Thread.java:1583)
11:47:52.141 [Thread-4] ERROR com.charlessun.javaplcadapter.worker.impl.ConsumerWorkerImpl -- processingStrategy.process(record) 處理失敗: Processing failed
java.lang.RuntimeException: Processing failed
	at com.charlessun.javaplcadapter.worker.impl.ConsumerWorkerImpl.pollLoop(ConsumerWorkerImpl.java:53)
	at java.base/java.lang.Thread.run(Thread.java:1583)
11:47:52.141 [Thread-4] ERROR com.charlessun.javaplcadapter.worker.impl.ConsumerWorkerImpl -- processingStrategy.process(record) 處理失敗: Processing failed
java.lang.RuntimeException: Processing failed
	at com.charlessun.javaplcadapter.worker.impl.ConsumerWorkerImpl.pollLoop(ConsumerWorkerImpl.java:53)
	at java.base/java.lang.Thread.run(Thread.java:1583)
11:47:52.142 [Thread-4] ERROR com.charlessun.javaplcadapter.worker.impl.ConsumerWorkerImpl -- processingStrategy.process(record) 處理失敗: Processing failed
java.lang.RuntimeException: Processing failed
	at com.charlessun.javaplcadapter.worker.impl.ConsumerWorkerImpl.pollLoop(ConsumerWorkerImpl.java:53)
	at java.base/java.lang.Thread.run(Thread.java:1583)
11:47:52.142 [Thread-4] ERROR com.charlessun.javaplcadapter.worker.impl.ConsumerWorkerImpl -- processingStrategy.process(record) 處理失敗: Processing failed
java.lang.RuntimeException: Processing failed
	at com.charlessun.javaplcadapter.worker.impl.ConsumerWorkerImpl.pollLoop(ConsumerWorkerImpl.java:53)
	at java.base/java.lang.Thread.run(Thread.java:1583)
11:47:52.142 [Thread-4] ERROR com.charlessun.javaplcadapter.worker.impl.ConsumerWorkerImpl -- processingStrategy.process(record) 處理失敗: Processing failed
java.lang.RuntimeException: Processing failed
	at com.charlessun.javaplcadapter.worker.impl.ConsumerWorkerImpl.pollLoop(ConsumerWorkerImpl.java:53)
	at java.base/java.lang.Thread.run(Thread.java:1583)
11:47:52.142 [Thread-4] ERROR com.charlessun.javaplcadapter.worker.impl.ConsumerWorkerImpl -- processingStrategy.process(record) 處理失敗: Processing failed
java.lang.RuntimeException: Processing failed
	at com.charlessun.javaplcadapter.worker.impl.ConsumerWorkerImpl.pollLoop(ConsumerWorkerImpl.java:53)
	at java.base/java.lang.Thread.run(Thread.java:1583)
11:47:52.142 [Thread-4] ERROR com.charlessun.javaplcadapter.worker.impl.ConsumerWorkerImpl -- processingStrategy.process(record) 處理失敗: Processing failed
java.lang.RuntimeException: Processing failed
	at com.charlessun.javaplcadapter.worker.impl.ConsumerWorkerImpl.pollLoop(ConsumerWorkerImpl.java:53)
	at java.base/java.lang.Thread.run(Thread.java:1583)
11:47:52.142 [Thread-4] ERROR com.charlessun.javaplcadapter.worker.impl.ConsumerWorkerImpl -- processingStrategy.process(record) 處理失敗: Processing failed
java.lang.RuntimeException: Processing failed
	at com.charlessun.javaplcadapter.worker.impl.ConsumerWorkerImpl.pollLoop(ConsumerWorkerImpl.java:53)
	at java.base/java.lang.Thread.run(Thread.java:1583)
11:47:52.143 [Thread-4] ERROR com.charlessun.javaplcadapter.worker.impl.ConsumerWorkerImpl -- processingStrategy.process(record) 處理失敗: Processing failed
java.lang.RuntimeException: Processing failed
	at com.charlessun.javaplcadapter.worker.impl.ConsumerWorkerImpl.pollLoop(ConsumerWorkerImpl.java:53)
	at java.base/java.lang.Thread.run(Thread.java:1583)
11:47:52.143 [Thread-4] ERROR com.charlessun.javaplcadapter.worker.impl.ConsumerWorkerImpl -- processingStrategy.process(record) 處理失敗: Processing failed
java.lang.RuntimeException: Processing failed
	at com.charlessun.javaplcadapter.worker.impl.ConsumerWorkerImpl.pollLoop(ConsumerWorkerImpl.java:53)
	at java.base/java.lang.Thread.run(Thread.java:1583)
11:47:52.143 [Thread-4] ERROR com.charlessun.javaplcadapter.worker.impl.ConsumerWorkerImpl -- processingStrategy.process(record) 處理失敗: Processing failed
java.lang.RuntimeException: Processing failed
	at com.charlessun.javaplcadapter.worker.impl.ConsumerWorkerImpl.pollLoop(ConsumerWorkerImpl.java:53)
	at java.base/java.lang.Thread.run(Thread.java:1583)
11:47:52.143 [Thread-4] ERROR com.charlessun.javaplcadapter.worker.impl.ConsumerWorkerImpl -- processingStrategy.process(record) 處理失敗: Processing failed
java.lang.RuntimeException: Processing failed
	at com.charlessun.javaplcadapter.worker.impl.ConsumerWorkerImpl.pollLoop(ConsumerWorkerImpl.java:53)
	at java.base/java.lang.Thread.run(Thread.java:1583)
11:47:52.143 [Thread-4] ERROR com.charlessun.javaplcadapter.worker.impl.ConsumerWorkerImpl -- processingStrategy.process(record) 處理失敗: Processing failed
java.lang.RuntimeException: Processing failed
	at com.charlessun.javaplcadapter.worker.impl.ConsumerWorkerImpl.pollLoop(ConsumerWorkerImpl.java:53)
	at java.base/java.lang.Thread.run(Thread.java:1583)
11:47:52.143 [Thread-4] ERROR com.charlessun.javaplcadapter.worker.impl.ConsumerWorkerImpl -- processingStrategy.process(record) 處理失敗: Processing failed
java.lang.RuntimeException: Processing failed
	at com.charlessun.javaplcadapter.worker.impl.ConsumerWorkerImpl.pollLoop(ConsumerWorkerImpl.java:53)
	at java.base/java.lang.Thread.run(Thread.java:1583)
11:47:52.143 [Thread-4] ERROR com.charlessun.javaplcadapter.worker.impl.ConsumerWorkerImpl -- processingStrategy.process(record) 處理失敗: Processing failed
java.lang.RuntimeException: Processing failed
	at com.charlessun.javaplcadapter.worker.impl.ConsumerWorkerImpl.pollLoop(ConsumerWorkerImpl.java:53)
	at java.base/java.lang.Thread.run(Thread.java:1583)
11:47:52.143 [Thread-4] ERROR com.charlessun.javaplcadapter.worker.impl.ConsumerWorkerImpl -- processingStrategy.process(record) 處理失敗: Processing failed
java.lang.RuntimeException: Processing failed
	at com.charlessun.javaplcadapter.worker.impl.ConsumerWorkerImpl.pollLoop(ConsumerWorkerImpl.java:53)
	at java.base/java.lang.Thread.run(Thread.java:1583)
11:47:52.144 [Thread-4] ERROR com.charlessun.javaplcadapter.worker.impl.ConsumerWorkerImpl -- processingStrategy.process(record) 處理失敗: Processing failed
java.lang.RuntimeException: Processing failed
	at com.charlessun.javaplcadapter.worker.impl.ConsumerWorkerImpl.pollLoop(ConsumerWorkerImpl.java:53)
	at java.base/java.lang.Thread.run(Thread.java:1583)
11:47:52.144 [Thread-4] ERROR com.charlessun.javaplcadapter.worker.impl.ConsumerWorkerImpl -- processingStrategy.process(record) 處理失敗: Processing failed
java.lang.RuntimeException: Processing failed
	at com.charlessun.javaplcadapter.worker.impl.ConsumerWorkerImpl.pollLoop(ConsumerWorkerImpl.java:53)
	at java.base/java.lang.Thread.run(Thread.java:1583)
11:47:52.144 [Thread-4] ERROR com.charlessun.javaplcadapter.worker.impl.ConsumerWorkerImpl -- processingStrategy.process(record) 處理失敗: Processing failed
java.lang.RuntimeException: Processing failed
	at com.charlessun.javaplcadapter.worker.impl.ConsumerWorkerImpl.pollLoop(ConsumerWorkerImpl.java:53)
	at java.base/java.lang.Thread.run(Thread.java:1583)
11:47:52.144 [Thread-4] ERROR com.charlessun.javaplcadapter.worker.impl.ConsumerWorkerImpl -- processingStrategy.process(record) 處理失敗: Processing failed
java.lang.RuntimeException: Processing failed
	at com.charlessun.javaplcadapter.worker.impl.ConsumerWorkerImpl.pollLoop(ConsumerWorkerImpl.java:53)
	at java.base/java.lang.Thread.run(Thread.java:1583)
11:47:52.144 [Thread-4] ERROR com.charlessun.javaplcadapter.worker.impl.ConsumerWorkerImpl -- processingStrategy.process(record) 處理失敗: Processing failed
java.lang.RuntimeException: Processing failed
	at com.charlessun.javaplcadapter.worker.impl.ConsumerWorkerImpl.pollLoop(ConsumerWorkerImpl.java:53)
	at java.base/java.lang.Thread.run(Thread.java:1583)
11:47:52.144 [Thread-4] ERROR com.charlessun.javaplcadapter.worker.impl.ConsumerWorkerImpl -- processingStrategy.process(record) 處理失敗: Processing failed
java.lang.RuntimeException: Processing failed
	at com.charlessun.javaplcadapter.worker.impl.ConsumerWorkerImpl.pollLoop(ConsumerWorkerImpl.java:53)
	at java.base/java.lang.Thread.run(Thread.java:1583)
11:47:52.144 [Thread-4] ERROR com.charlessun.javaplcadapter.worker.impl.ConsumerWorkerImpl -- processingStrategy.process(record) 處理失敗: Processing failed
java.lang.RuntimeException: Processing failed
	at com.charlessun.javaplcadapter.worker.impl.ConsumerWorkerImpl.pollLoop(ConsumerWorkerImpl.java:53)
	at java.base/java.lang.Thread.run(Thread.java:1583)
11:47:52.145 [Thread-4] ERROR com.charlessun.javaplcadapter.worker.impl.ConsumerWorkerImpl -- processingStrategy.process(record) 處理失敗: Processing failed
java.lang.RuntimeException: Processing failed
	at com.charlessun.javaplcadapter.worker.impl.ConsumerWorkerImpl.pollLoop(ConsumerWorkerImpl.java:53)
	at java.base/java.lang.Thread.run(Thread.java:1583)
11:47:52.145 [Thread-4] ERROR com.charlessun.javaplcadapter.worker.impl.ConsumerWorkerImpl -- processingStrategy.process(record) 處理失敗: Processing failed
java.lang.RuntimeException: Processing failed
	at com.charlessun.javaplcadapter.worker.impl.ConsumerWorkerImpl.pollLoop(ConsumerWorkerImpl.java:53)
	at java.base/java.lang.Thread.run(Thread.java:1583)
11:47:52.145 [Thread-4] ERROR com.charlessun.javaplcadapter.worker.impl.ConsumerWorkerImpl -- processingStrategy.process(record) 處理失敗: Processing failed
java.lang.RuntimeException: Processing failed
	at com.charlessun.javaplcadapter.worker.impl.ConsumerWorkerImpl.pollLoop(ConsumerWorkerImpl.java:53)
	at java.base/java.lang.Thread.run(Thread.java:1583)
11:47:52.145 [Thread-4] ERROR com.charlessun.javaplcadapter.worker.impl.ConsumerWorkerImpl -- processingStrategy.process(record) 處理失敗: Processing failed
java.lang.RuntimeException: Processing failed
	at com.charlessun.javaplcadapter.worker.impl.ConsumerWorkerImpl.pollLoop(ConsumerWorkerImpl.java:53)
	at java.base/java.lang.Thread.run(Thread.java:1583)
11:47:52.145 [Thread-4] ERROR com.charlessun.javaplcadapter.worker.impl.ConsumerWorkerImpl -- processingStrategy.process(record) 處理失敗: Processing failed
java.lang.RuntimeException: Processing failed
	at com.charlessun.javaplcadapter.worker.impl.ConsumerWorkerImpl.pollLoop(ConsumerWorkerImpl.java:53)
	at java.base/java.lang.Thread.run(Thread.java:1583)
11:47:52.145 [Thread-4] ERROR com.charlessun.javaplcadapter.worker.impl.ConsumerWorkerImpl -- processingStrategy.process(record) 處理失敗: Processing failed
java.lang.RuntimeException: Processing failed
	at com.charlessun.javaplcadapter.worker.impl.ConsumerWorkerImpl.pollLoop(ConsumerWorkerImpl.java:53)
	at java.base/java.lang.Thread.run(Thread.java:1583)
11:47:52.145 [Thread-4] ERROR com.charlessun.javaplcadapter.worker.impl.ConsumerWorkerImpl -- processingStrategy.process(record) 處理失敗: Processing failed
java.lang.RuntimeException: Processing failed
	at com.charlessun.javaplcadapter.worker.impl.ConsumerWorkerImpl.pollLoop(ConsumerWorkerImpl.java:53)
	at java.base/java.lang.Thread.run(Thread.java:1583)
11:47:52.145 [Thread-4] ERROR com.charlessun.javaplcadapter.worker.impl.ConsumerWorkerImpl -- processingStrategy.process(record) 處理失敗: Processing failed
java.lang.RuntimeException: Processing failed
	at com.charlessun.javaplcadapter.worker.impl.ConsumerWorkerImpl.pollLoop(ConsumerWorkerImpl.java:53)
	at java.base/java.lang.Thread.run(Thread.java:1583)
11:47:52.146 [Thread-4] ERROR com.charlessun.javaplcadapter.worker.impl.ConsumerWorkerImpl -- processingStrategy.process(record) 處理失敗: Processing failed
java.lang.RuntimeException: Processing failed
	at com.charlessun.javaplcadapter.worker.impl.ConsumerWorkerImpl.pollLoop(ConsumerWorkerImpl.java:53)
	at java.base/java.lang.Thread.run(Thread.java:1583)
11:47:52.146 [Thread-4] ERROR com.charlessun.javaplcadapter.worker.impl.ConsumerWorkerImpl -- processingStrategy.process(record) 處理失敗: Processing failed
java.lang.RuntimeException: Processing failed
	at com.charlessun.javaplcadapter.worker.impl.ConsumerWorkerImpl.pollLoop(ConsumerWorkerImpl.java:53)
	at java.base/java.lang.Thread.run(Thread.java:1583)
11:47:52.146 [Thread-4] ERROR com.charlessun.javaplcadapter.worker.impl.ConsumerWorkerImpl -- processingStrategy.process(record) 處理失敗: Processing failed
java.lang.RuntimeException: Processing failed
	at com.charlessun.javaplcadapter.worker.impl.ConsumerWorkerImpl.pollLoop(ConsumerWorkerImpl.java:53)
	at java.base/java.lang.Thread.run(Thread.java:1583)
11:47:52.146 [Thread-4] ERROR com.charlessun.javaplcadapter.worker.impl.ConsumerWorkerImpl -- processingStrategy.process(record) 處理失敗: Processing failed
java.lang.RuntimeException: Processing failed
	at com.charlessun.javaplcadapter.worker.impl.ConsumerWorkerImpl.pollLoop(ConsumerWorkerImpl.java:53)
	at java.base/java.lang.Thread.run(Thread.java:1583)
11:47:52.146 [Thread-4] ERROR com.charlessun.javaplcadapter.worker.impl.ConsumerWorkerImpl -- processingStrategy.process(record) 處理失敗: Processing failed
java.lang.RuntimeException: Processing failed
	at com.charlessun.javaplcadapter.worker.impl.ConsumerWorkerImpl.pollLoop(ConsumerWorkerImpl.java:53)
	at java.base/java.lang.Thread.run(Thread.java:1583)
11:47:52.147 [Thread-4] ERROR com.charlessun.javaplcadapter.worker.impl.ConsumerWorkerImpl -- processingStrategy.process(record) 處理失敗: Processing failed
java.lang.RuntimeException: Processing failed
	at com.charlessun.javaplcadapter.worker.impl.ConsumerWorkerImpl.pollLoop(ConsumerWorkerImpl.java:53)
	at java.base/java.lang.Thread.run(Thread.java:1583)
11:47:52.147 [Thread-4] ERROR com.charlessun.javaplcadapter.worker.impl.ConsumerWorkerImpl -- processingStrategy.process(record) 處理失敗: Processing failed
java.lang.RuntimeException: Processing failed
	at com.charlessun.javaplcadapter.worker.impl.ConsumerWorkerImpl.pollLoop(ConsumerWorkerImpl.java:53)
	at java.base/java.lang.Thread.run(Thread.java:1583)
11:47:52.147 [Thread-4] ERROR com.charlessun.javaplcadapter.worker.impl.ConsumerWorkerImpl -- processingStrategy.process(record) 處理失敗: Processing failed
java.lang.RuntimeException: Processing failed
	at com.charlessun.javaplcadapter.worker.impl.ConsumerWorkerImpl.pollLoop(ConsumerWorkerImpl.java:53)
	at java.base/java.lang.Thread.run(Thread.java:1583)
11:47:52.147 [Thread-4] ERROR com.charlessun.javaplcadapter.worker.impl.ConsumerWorkerImpl -- processingStrategy.process(record) 處理失敗: Processing failed
java.lang.RuntimeException: Processing failed
	at com.charlessun.javaplcadapter.worker.impl.ConsumerWorkerImpl.pollLoop(ConsumerWorkerImpl.java:53)
	at java.base/java.lang.Thread.run(Thread.java:1583)
11:47:52.147 [Thread-4] ERROR com.charlessun.javaplcadapter.worker.impl.ConsumerWorkerImpl -- processingStrategy.process(record) 處理失敗: Processing failed
java.lang.RuntimeException: Processing failed
	at com.charlessun.javaplcadapter.worker.impl.ConsumerWorkerImpl.pollLoop(ConsumerWorkerImpl.java:53)
	at java.base/java.lang.Thread.run(Thread.java:1583)
11:47:52.148 [Thread-4] ERROR com.charlessun.javaplcadapter.worker.impl.ConsumerWorkerImpl -- processingStrategy.process(record) 處理失敗: Processing failed
java.lang.RuntimeException: Processing failed
	at com.charlessun.javaplcadapter.worker.impl.ConsumerWorkerImpl.pollLoop(ConsumerWorkerImpl.java:53)
	at java.base/java.lang.Thread.run(Thread.java:1583)
11:47:52.149 [Thread-4] ERROR com.charlessun.javaplcadapter.worker.impl.ConsumerWorkerImpl -- processingStrategy.process(record) 處理失敗: Processing failed
java.lang.RuntimeException: Processing failed
	at com.charlessun.javaplcadapter.worker.impl.ConsumerWorkerImpl.pollLoop(ConsumerWorkerImpl.java:53)
	at java.base/java.lang.Thread.run(Thread.java:1583)
]]></system-out>
  </testcase>
  <testcase name="testWorkerPollsAndProcessesRecords" classname="com.charlessun.javaplcadapter.worker.ConsumerWorkerTest" time="0.577"/>
</testsuite>